Mar-14 14:55:17.645 [main] INFO  com.askimed.nf.test.App - nf-test 0.8.2
Mar-14 14:55:17.659 [main] INFO  com.askimed.nf.test.App - Arguments: [test, .]
Mar-14 14:55:17.659 [main] INFO  com.askimed.nf.test.commands.RunTestsCommand - Load config from file /home/luisasantus/Desktop/multiplesequencealign/nf-test.config...
Mar-14 14:55:18.077 [main] INFO  com.askimed.nf.test.commands.RunTestsCommand - Detected 20 test files.
Mar-14 14:55:18.230 [main] INFO  com.askimed.nf.test.config.FileStaging - Create symlink '/home/luisasantus/Desktop/multiplesequencealign/.nf-test/tests/e84a2536386744545baa9f1ab76300da/meta/bin' --> '/home/luisasantus/Desktop/multiplesequencealign/bin'
Mar-14 14:55:18.231 [main] WARN  com.askimed.nf.test.config.FileStaging - File '/home/luisasantus/Desktop/multiplesequencealign/lib' not found. Ignore it.
Mar-14 14:55:18.232 [main] INFO  com.askimed.nf.test.config.FileStaging - Create symlink '/home/luisasantus/Desktop/multiplesequencealign/.nf-test/tests/e84a2536386744545baa9f1ab76300da/meta/assets' --> '/home/luisasantus/Desktop/multiplesequencealign/assets'
Mar-14 14:55:18.232 [main] DEBUG com.askimed.nf.test.core.AbstractTest - Stage 0 user provided files...
Mar-14 14:55:18.439 [main] INFO  com.askimed.nf.test.config.FileStaging - Create symlink '/home/luisasantus/Desktop/multiplesequencealign/.nf-test/tests/4338964657acb54fe6ac1eeee1e54d35/meta/bin' --> '/home/luisasantus/Desktop/multiplesequencealign/bin'
Mar-14 14:55:18.439 [main] WARN  com.askimed.nf.test.config.FileStaging - File '/home/luisasantus/Desktop/multiplesequencealign/lib' not found. Ignore it.
Mar-14 14:55:18.439 [main] INFO  com.askimed.nf.test.config.FileStaging - Create symlink '/home/luisasantus/Desktop/multiplesequencealign/.nf-test/tests/4338964657acb54fe6ac1eeee1e54d35/meta/assets' --> '/home/luisasantus/Desktop/multiplesequencealign/assets'
Mar-14 14:55:18.439 [main] DEBUG com.askimed.nf.test.core.AbstractTest - Stage 0 user provided files...
Mar-14 14:55:18.444 [main] INFO  com.askimed.nf.test.config.FileStaging - Create symlink '/home/luisasantus/Desktop/multiplesequencealign/.nf-test/tests/10ace96b9615e7d4161f0c7b7cc3958/meta/bin' --> '/home/luisasantus/Desktop/multiplesequencealign/bin'
Mar-14 14:55:18.445 [main] WARN  com.askimed.nf.test.config.FileStaging - File '/home/luisasantus/Desktop/multiplesequencealign/lib' not found. Ignore it.
Mar-14 14:55:18.445 [main] INFO  com.askimed.nf.test.config.FileStaging - Create symlink '/home/luisasantus/Desktop/multiplesequencealign/.nf-test/tests/10ace96b9615e7d4161f0c7b7cc3958/meta/assets' --> '/home/luisasantus/Desktop/multiplesequencealign/assets'
Mar-14 14:55:18.445 [main] DEBUG com.askimed.nf.test.core.AbstractTest - Stage 0 user provided files...
Mar-14 14:55:18.447 [main] INFO  com.askimed.nf.test.config.FileStaging - Create symlink '/home/luisasantus/Desktop/multiplesequencealign/.nf-test/tests/8db070694e59837752921dc53df448fb/meta/bin' --> '/home/luisasantus/Desktop/multiplesequencealign/bin'
Mar-14 14:55:18.447 [main] WARN  com.askimed.nf.test.config.FileStaging - File '/home/luisasantus/Desktop/multiplesequencealign/lib' not found. Ignore it.
Mar-14 14:55:18.447 [main] INFO  com.askimed.nf.test.config.FileStaging - Create symlink '/home/luisasantus/Desktop/multiplesequencealign/.nf-test/tests/8db070694e59837752921dc53df448fb/meta/assets' --> '/home/luisasantus/Desktop/multiplesequencealign/assets'
Mar-14 14:55:18.447 [main] DEBUG com.askimed.nf.test.core.AbstractTest - Stage 0 user provided files...
Mar-14 14:55:18.451 [main] INFO  com.askimed.nf.test.config.FileStaging - Create symlink '/home/luisasantus/Desktop/multiplesequencealign/.nf-test/tests/9294a2cbd234b7df6af199f09420982b/meta/bin' --> '/home/luisasantus/Desktop/multiplesequencealign/bin'
Mar-14 14:55:18.452 [main] WARN  com.askimed.nf.test.config.FileStaging - File '/home/luisasantus/Desktop/multiplesequencealign/lib' not found. Ignore it.
Mar-14 14:55:18.453 [main] INFO  com.askimed.nf.test.config.FileStaging - Create symlink '/home/luisasantus/Desktop/multiplesequencealign/.nf-test/tests/9294a2cbd234b7df6af199f09420982b/meta/assets' --> '/home/luisasantus/Desktop/multiplesequencealign/assets'
Mar-14 14:55:18.453 [main] DEBUG com.askimed.nf.test.core.AbstractTest - Stage 0 user provided files...
Mar-14 14:55:18.455 [main] INFO  com.askimed.nf.test.config.FileStaging - Create symlink '/home/luisasantus/Desktop/multiplesequencealign/.nf-test/tests/c9a5bd23e7637fa36bf393c4ee65945c/meta/bin' --> '/home/luisasantus/Desktop/multiplesequencealign/bin'
Mar-14 14:55:18.455 [main] WARN  com.askimed.nf.test.config.FileStaging - File '/home/luisasantus/Desktop/multiplesequencealign/lib' not found. Ignore it.
Mar-14 14:55:18.456 [main] INFO  com.askimed.nf.test.config.FileStaging - Create symlink '/home/luisasantus/Desktop/multiplesequencealign/.nf-test/tests/c9a5bd23e7637fa36bf393c4ee65945c/meta/assets' --> '/home/luisasantus/Desktop/multiplesequencealign/assets'
Mar-14 14:55:18.456 [main] DEBUG com.askimed.nf.test.core.AbstractTest - Stage 0 user provided files...
Mar-14 14:55:18.457 [main] INFO  com.askimed.nf.test.config.FileStaging - Create symlink '/home/luisasantus/Desktop/multiplesequencealign/.nf-test/tests/18d266b7bbad7fa8bff38d9b75b0b66f/meta/bin' --> '/home/luisasantus/Desktop/multiplesequencealign/bin'
Mar-14 14:55:18.457 [main] WARN  com.askimed.nf.test.config.FileStaging - File '/home/luisasantus/Desktop/multiplesequencealign/lib' not found. Ignore it.
Mar-14 14:55:18.457 [main] INFO  com.askimed.nf.test.config.FileStaging - Create symlink '/home/luisasantus/Desktop/multiplesequencealign/.nf-test/tests/18d266b7bbad7fa8bff38d9b75b0b66f/meta/assets' --> '/home/luisasantus/Desktop/multiplesequencealign/assets'
Mar-14 14:55:18.457 [main] DEBUG com.askimed.nf.test.core.AbstractTest - Stage 0 user provided files...
Mar-14 14:55:18.458 [main] INFO  com.askimed.nf.test.config.FileStaging - Create symlink '/home/luisasantus/Desktop/multiplesequencealign/.nf-test/tests/968510933c96435536696e5560f9dba4/meta/bin' --> '/home/luisasantus/Desktop/multiplesequencealign/bin'
Mar-14 14:55:18.459 [main] WARN  com.askimed.nf.test.config.FileStaging - File '/home/luisasantus/Desktop/multiplesequencealign/lib' not found. Ignore it.
Mar-14 14:55:18.459 [main] INFO  com.askimed.nf.test.config.FileStaging - Create symlink '/home/luisasantus/Desktop/multiplesequencealign/.nf-test/tests/968510933c96435536696e5560f9dba4/meta/assets' --> '/home/luisasantus/Desktop/multiplesequencealign/assets'
Mar-14 14:55:18.459 [main] DEBUG com.askimed.nf.test.core.AbstractTest - Stage 0 user provided files...
Mar-14 14:55:18.512 [main] INFO  com.askimed.nf.test.config.FileStaging - Create symlink '/home/luisasantus/Desktop/multiplesequencealign/.nf-test/tests/280eec693a87a947f5a68443e5f59a12/meta/bin' --> '/home/luisasantus/Desktop/multiplesequencealign/bin'
Mar-14 14:55:18.512 [main] WARN  com.askimed.nf.test.config.FileStaging - File '/home/luisasantus/Desktop/multiplesequencealign/lib' not found. Ignore it.
Mar-14 14:55:18.513 [main] INFO  com.askimed.nf.test.config.FileStaging - Create symlink '/home/luisasantus/Desktop/multiplesequencealign/.nf-test/tests/280eec693a87a947f5a68443e5f59a12/meta/assets' --> '/home/luisasantus/Desktop/multiplesequencealign/assets'
Mar-14 14:55:18.513 [main] DEBUG com.askimed.nf.test.core.AbstractTest - Stage 0 user provided files...
Mar-14 14:55:18.514 [main] INFO  com.askimed.nf.test.config.FileStaging - Create symlink '/home/luisasantus/Desktop/multiplesequencealign/.nf-test/tests/a11ec83dfc1fcb6b02f55cb68832db4c/meta/bin' --> '/home/luisasantus/Desktop/multiplesequencealign/bin'
Mar-14 14:55:18.515 [main] WARN  com.askimed.nf.test.config.FileStaging - File '/home/luisasantus/Desktop/multiplesequencealign/lib' not found. Ignore it.
Mar-14 14:55:18.515 [main] INFO  com.askimed.nf.test.config.FileStaging - Create symlink '/home/luisasantus/Desktop/multiplesequencealign/.nf-test/tests/a11ec83dfc1fcb6b02f55cb68832db4c/meta/assets' --> '/home/luisasantus/Desktop/multiplesequencealign/assets'
Mar-14 14:55:18.516 [main] DEBUG com.askimed.nf.test.core.AbstractTest - Stage 0 user provided files...
Mar-14 14:55:18.517 [main] INFO  com.askimed.nf.test.config.FileStaging - Create symlink '/home/luisasantus/Desktop/multiplesequencealign/.nf-test/tests/df3b88a046e11f12dd83a67fb8285af5/meta/bin' --> '/home/luisasantus/Desktop/multiplesequencealign/bin'
Mar-14 14:55:18.518 [main] WARN  com.askimed.nf.test.config.FileStaging - File '/home/luisasantus/Desktop/multiplesequencealign/lib' not found. Ignore it.
Mar-14 14:55:18.518 [main] INFO  com.askimed.nf.test.config.FileStaging - Create symlink '/home/luisasantus/Desktop/multiplesequencealign/.nf-test/tests/df3b88a046e11f12dd83a67fb8285af5/meta/assets' --> '/home/luisasantus/Desktop/multiplesequencealign/assets'
Mar-14 14:55:18.518 [main] DEBUG com.askimed.nf.test.core.AbstractTest - Stage 0 user provided files...
Mar-14 14:55:18.520 [main] INFO  com.askimed.nf.test.config.FileStaging - Create symlink '/home/luisasantus/Desktop/multiplesequencealign/.nf-test/tests/18c6d2abf3cfe378a65a5643f85bbe1d/meta/bin' --> '/home/luisasantus/Desktop/multiplesequencealign/bin'
Mar-14 14:55:18.520 [main] WARN  com.askimed.nf.test.config.FileStaging - File '/home/luisasantus/Desktop/multiplesequencealign/lib' not found. Ignore it.
Mar-14 14:55:18.520 [main] INFO  com.askimed.nf.test.config.FileStaging - Create symlink '/home/luisasantus/Desktop/multiplesequencealign/.nf-test/tests/18c6d2abf3cfe378a65a5643f85bbe1d/meta/assets' --> '/home/luisasantus/Desktop/multiplesequencealign/assets'
Mar-14 14:55:18.520 [main] DEBUG com.askimed.nf.test.core.AbstractTest - Stage 0 user provided files...
Mar-14 14:55:18.574 [main] INFO  com.askimed.nf.test.config.FileStaging - Create symlink '/home/luisasantus/Desktop/multiplesequencealign/.nf-test/tests/49b87f26776c3225c496077f43616a5/meta/bin' --> '/home/luisasantus/Desktop/multiplesequencealign/bin'
Mar-14 14:55:18.574 [main] WARN  com.askimed.nf.test.config.FileStaging - File '/home/luisasantus/Desktop/multiplesequencealign/lib' not found. Ignore it.
Mar-14 14:55:18.575 [main] INFO  com.askimed.nf.test.config.FileStaging - Create symlink '/home/luisasantus/Desktop/multiplesequencealign/.nf-test/tests/49b87f26776c3225c496077f43616a5/meta/assets' --> '/home/luisasantus/Desktop/multiplesequencealign/assets'
Mar-14 14:55:18.575 [main] DEBUG com.askimed.nf.test.core.AbstractTest - Stage 0 user provided files...
Mar-14 14:55:18.576 [main] INFO  com.askimed.nf.test.config.FileStaging - Create symlink '/home/luisasantus/Desktop/multiplesequencealign/.nf-test/tests/1a713cae0e7569cad1c317eb094a8993/meta/bin' --> '/home/luisasantus/Desktop/multiplesequencealign/bin'
Mar-14 14:55:18.576 [main] WARN  com.askimed.nf.test.config.FileStaging - File '/home/luisasantus/Desktop/multiplesequencealign/lib' not found. Ignore it.
Mar-14 14:55:18.576 [main] INFO  com.askimed.nf.test.config.FileStaging - Create symlink '/home/luisasantus/Desktop/multiplesequencealign/.nf-test/tests/1a713cae0e7569cad1c317eb094a8993/meta/assets' --> '/home/luisasantus/Desktop/multiplesequencealign/assets'
Mar-14 14:55:18.576 [main] DEBUG com.askimed.nf.test.core.AbstractTest - Stage 0 user provided files...
Mar-14 14:55:18.577 [main] INFO  com.askimed.nf.test.config.FileStaging - Create symlink '/home/luisasantus/Desktop/multiplesequencealign/.nf-test/tests/9212328a3d0fc4c14c1f88e3c0750e91/meta/bin' --> '/home/luisasantus/Desktop/multiplesequencealign/bin'
Mar-14 14:55:18.578 [main] WARN  com.askimed.nf.test.config.FileStaging - File '/home/luisasantus/Desktop/multiplesequencealign/lib' not found. Ignore it.
Mar-14 14:55:18.578 [main] INFO  com.askimed.nf.test.config.FileStaging - Create symlink '/home/luisasantus/Desktop/multiplesequencealign/.nf-test/tests/9212328a3d0fc4c14c1f88e3c0750e91/meta/assets' --> '/home/luisasantus/Desktop/multiplesequencealign/assets'
Mar-14 14:55:18.578 [main] DEBUG com.askimed.nf.test.core.AbstractTest - Stage 0 user provided files...
Mar-14 14:55:18.736 [main] INFO  com.askimed.nf.test.config.FileStaging - Create symlink '/home/luisasantus/Desktop/multiplesequencealign/.nf-test/tests/d9c3092480dad6d21e3c89d754028178/meta/bin' --> '/home/luisasantus/Desktop/multiplesequencealign/bin'
Mar-14 14:55:18.736 [main] WARN  com.askimed.nf.test.config.FileStaging - File '/home/luisasantus/Desktop/multiplesequencealign/lib' not found. Ignore it.
Mar-14 14:55:18.736 [main] INFO  com.askimed.nf.test.config.FileStaging - Create symlink '/home/luisasantus/Desktop/multiplesequencealign/.nf-test/tests/d9c3092480dad6d21e3c89d754028178/meta/assets' --> '/home/luisasantus/Desktop/multiplesequencealign/assets'
Mar-14 14:55:18.736 [main] DEBUG com.askimed.nf.test.core.AbstractTest - Stage 0 user provided files...
Mar-14 14:55:18.737 [main] INFO  com.askimed.nf.test.config.FileStaging - Create symlink '/home/luisasantus/Desktop/multiplesequencealign/.nf-test/tests/320d3127667afa7bd3ff0fe2739e7deb/meta/bin' --> '/home/luisasantus/Desktop/multiplesequencealign/bin'
Mar-14 14:55:18.737 [main] WARN  com.askimed.nf.test.config.FileStaging - File '/home/luisasantus/Desktop/multiplesequencealign/lib' not found. Ignore it.
Mar-14 14:55:18.738 [main] INFO  com.askimed.nf.test.config.FileStaging - Create symlink '/home/luisasantus/Desktop/multiplesequencealign/.nf-test/tests/320d3127667afa7bd3ff0fe2739e7deb/meta/assets' --> '/home/luisasantus/Desktop/multiplesequencealign/assets'
Mar-14 14:55:18.738 [main] DEBUG com.askimed.nf.test.core.AbstractTest - Stage 0 user provided files...
Mar-14 14:55:18.739 [main] INFO  com.askimed.nf.test.config.FileStaging - Create symlink '/home/luisasantus/Desktop/multiplesequencealign/.nf-test/tests/cdc76ca02ab45c1d7115806b5f0e68e7/meta/bin' --> '/home/luisasantus/Desktop/multiplesequencealign/bin'
Mar-14 14:55:18.739 [main] WARN  com.askimed.nf.test.config.FileStaging - File '/home/luisasantus/Desktop/multiplesequencealign/lib' not found. Ignore it.
Mar-14 14:55:18.739 [main] INFO  com.askimed.nf.test.config.FileStaging - Create symlink '/home/luisasantus/Desktop/multiplesequencealign/.nf-test/tests/cdc76ca02ab45c1d7115806b5f0e68e7/meta/assets' --> '/home/luisasantus/Desktop/multiplesequencealign/assets'
Mar-14 14:55:18.739 [main] DEBUG com.askimed.nf.test.core.AbstractTest - Stage 0 user provided files...
Mar-14 14:55:18.740 [main] INFO  com.askimed.nf.test.config.FileStaging - Create symlink '/home/luisasantus/Desktop/multiplesequencealign/.nf-test/tests/ceb193d6b6afb46873ee33a391d72201/meta/bin' --> '/home/luisasantus/Desktop/multiplesequencealign/bin'
Mar-14 14:55:18.740 [main] WARN  com.askimed.nf.test.config.FileStaging - File '/home/luisasantus/Desktop/multiplesequencealign/lib' not found. Ignore it.
Mar-14 14:55:18.741 [main] INFO  com.askimed.nf.test.config.FileStaging - Create symlink '/home/luisasantus/Desktop/multiplesequencealign/.nf-test/tests/ceb193d6b6afb46873ee33a391d72201/meta/assets' --> '/home/luisasantus/Desktop/multiplesequencealign/assets'
Mar-14 14:55:18.741 [main] DEBUG com.askimed.nf.test.core.AbstractTest - Stage 0 user provided files...
Mar-14 14:55:18.743 [main] INFO  com.askimed.nf.test.config.FileStaging - Create symlink '/home/luisasantus/Desktop/multiplesequencealign/.nf-test/tests/566cc633f809723ad8b7e6937166386c/meta/bin' --> '/home/luisasantus/Desktop/multiplesequencealign/bin'
Mar-14 14:55:18.744 [main] WARN  com.askimed.nf.test.config.FileStaging - File '/home/luisasantus/Desktop/multiplesequencealign/lib' not found. Ignore it.
Mar-14 14:55:18.744 [main] INFO  com.askimed.nf.test.config.FileStaging - Create symlink '/home/luisasantus/Desktop/multiplesequencealign/.nf-test/tests/566cc633f809723ad8b7e6937166386c/meta/assets' --> '/home/luisasantus/Desktop/multiplesequencealign/assets'
Mar-14 14:55:18.744 [main] DEBUG com.askimed.nf.test.core.AbstractTest - Stage 0 user provided files...
Mar-14 14:55:18.774 [main] INFO  com.askimed.nf.test.config.FileStaging - Create symlink '/home/luisasantus/Desktop/multiplesequencealign/.nf-test/tests/e094a244ec8d75b9baabc5f22f0080c7/meta/bin' --> '/home/luisasantus/Desktop/multiplesequencealign/bin'
Mar-14 14:55:18.775 [main] WARN  com.askimed.nf.test.config.FileStaging - File '/home/luisasantus/Desktop/multiplesequencealign/lib' not found. Ignore it.
Mar-14 14:55:18.775 [main] INFO  com.askimed.nf.test.config.FileStaging - Create symlink '/home/luisasantus/Desktop/multiplesequencealign/.nf-test/tests/e094a244ec8d75b9baabc5f22f0080c7/meta/assets' --> '/home/luisasantus/Desktop/multiplesequencealign/assets'
Mar-14 14:55:18.775 [main] DEBUG com.askimed.nf.test.core.AbstractTest - Stage 0 user provided files...
Mar-14 14:55:18.821 [main] INFO  com.askimed.nf.test.config.FileStaging - Create symlink '/home/luisasantus/Desktop/multiplesequencealign/.nf-test/tests/e59a51502a5748d8a4e13f3e8d2e1d0c/meta/bin' --> '/home/luisasantus/Desktop/multiplesequencealign/bin'
Mar-14 14:55:18.822 [main] WARN  com.askimed.nf.test.config.FileStaging - File '/home/luisasantus/Desktop/multiplesequencealign/lib' not found. Ignore it.
Mar-14 14:55:18.822 [main] INFO  com.askimed.nf.test.config.FileStaging - Create symlink '/home/luisasantus/Desktop/multiplesequencealign/.nf-test/tests/e59a51502a5748d8a4e13f3e8d2e1d0c/meta/assets' --> '/home/luisasantus/Desktop/multiplesequencealign/assets'
Mar-14 14:55:18.822 [main] DEBUG com.askimed.nf.test.core.AbstractTest - Stage 0 user provided files...
Mar-14 14:55:18.937 [main] INFO  com.askimed.nf.test.config.FileStaging - Create symlink '/home/luisasantus/Desktop/multiplesequencealign/.nf-test/tests/8cf14af7c1859a9f505b997d570d946d/meta/bin' --> '/home/luisasantus/Desktop/multiplesequencealign/bin'
Mar-14 14:55:18.937 [main] WARN  com.askimed.nf.test.config.FileStaging - File '/home/luisasantus/Desktop/multiplesequencealign/lib' not found. Ignore it.
Mar-14 14:55:18.937 [main] INFO  com.askimed.nf.test.config.FileStaging - Create symlink '/home/luisasantus/Desktop/multiplesequencealign/.nf-test/tests/8cf14af7c1859a9f505b997d570d946d/meta/assets' --> '/home/luisasantus/Desktop/multiplesequencealign/assets'
Mar-14 14:55:18.937 [main] DEBUG com.askimed.nf.test.core.AbstractTest - Stage 0 user provided files...
Mar-14 14:55:18.943 [main] INFO  com.askimed.nf.test.config.FileStaging - Create symlink '/home/luisasantus/Desktop/multiplesequencealign/.nf-test/tests/c3586b9e5f9ec2881d9404237bde48f9/meta/bin' --> '/home/luisasantus/Desktop/multiplesequencealign/bin'
Mar-14 14:55:18.944 [main] WARN  com.askimed.nf.test.config.FileStaging - File '/home/luisasantus/Desktop/multiplesequencealign/lib' not found. Ignore it.
Mar-14 14:55:18.944 [main] INFO  com.askimed.nf.test.config.FileStaging - Create symlink '/home/luisasantus/Desktop/multiplesequencealign/.nf-test/tests/c3586b9e5f9ec2881d9404237bde48f9/meta/assets' --> '/home/luisasantus/Desktop/multiplesequencealign/assets'
Mar-14 14:55:18.945 [main] DEBUG com.askimed.nf.test.core.AbstractTest - Stage 0 user provided files...
Mar-14 14:55:18.946 [main] INFO  com.askimed.nf.test.config.FileStaging - Create symlink '/home/luisasantus/Desktop/multiplesequencealign/.nf-test/tests/16dbcd1856299ac3c6642df298581a9e/meta/bin' --> '/home/luisasantus/Desktop/multiplesequencealign/bin'
Mar-14 14:55:18.947 [main] WARN  com.askimed.nf.test.config.FileStaging - File '/home/luisasantus/Desktop/multiplesequencealign/lib' not found. Ignore it.
Mar-14 14:55:18.947 [main] INFO  com.askimed.nf.test.config.FileStaging - Create symlink '/home/luisasantus/Desktop/multiplesequencealign/.nf-test/tests/16dbcd1856299ac3c6642df298581a9e/meta/assets' --> '/home/luisasantus/Desktop/multiplesequencealign/assets'
Mar-14 14:55:18.947 [main] DEBUG com.askimed.nf.test.core.AbstractTest - Stage 0 user provided files...
Mar-14 14:55:18.952 [main] INFO  com.askimed.nf.test.config.FileStaging - Create symlink '/home/luisasantus/Desktop/multiplesequencealign/.nf-test/tests/f9f73dfc9bb3fe20ee01f7799f4d390f/meta/bin' --> '/home/luisasantus/Desktop/multiplesequencealign/bin'
Mar-14 14:55:18.953 [main] WARN  com.askimed.nf.test.config.FileStaging - File '/home/luisasantus/Desktop/multiplesequencealign/lib' not found. Ignore it.
Mar-14 14:55:18.953 [main] INFO  com.askimed.nf.test.config.FileStaging - Create symlink '/home/luisasantus/Desktop/multiplesequencealign/.nf-test/tests/f9f73dfc9bb3fe20ee01f7799f4d390f/meta/assets' --> '/home/luisasantus/Desktop/multiplesequencealign/assets'
Mar-14 14:55:18.954 [main] DEBUG com.askimed.nf.test.core.AbstractTest - Stage 0 user provided files...
Mar-14 14:55:18.958 [main] INFO  com.askimed.nf.test.config.FileStaging - Create symlink '/home/luisasantus/Desktop/multiplesequencealign/.nf-test/tests/7a681fd291a30c9bf789d293ddf8800d/meta/bin' --> '/home/luisasantus/Desktop/multiplesequencealign/bin'
Mar-14 14:55:18.958 [main] WARN  com.askimed.nf.test.config.FileStaging - File '/home/luisasantus/Desktop/multiplesequencealign/lib' not found. Ignore it.
Mar-14 14:55:18.959 [main] INFO  com.askimed.nf.test.config.FileStaging - Create symlink '/home/luisasantus/Desktop/multiplesequencealign/.nf-test/tests/7a681fd291a30c9bf789d293ddf8800d/meta/assets' --> '/home/luisasantus/Desktop/multiplesequencealign/assets'
Mar-14 14:55:18.959 [main] DEBUG com.askimed.nf.test.core.AbstractTest - Stage 0 user provided files...
Mar-14 14:55:18.961 [main] INFO  com.askimed.nf.test.config.FileStaging - Create symlink '/home/luisasantus/Desktop/multiplesequencealign/.nf-test/tests/c2387d834598b4652085bd607a9afa35/meta/bin' --> '/home/luisasantus/Desktop/multiplesequencealign/bin'
Mar-14 14:55:18.962 [main] WARN  com.askimed.nf.test.config.FileStaging - File '/home/luisasantus/Desktop/multiplesequencealign/lib' not found. Ignore it.
Mar-14 14:55:18.963 [main] INFO  com.askimed.nf.test.config.FileStaging - Create symlink '/home/luisasantus/Desktop/multiplesequencealign/.nf-test/tests/c2387d834598b4652085bd607a9afa35/meta/assets' --> '/home/luisasantus/Desktop/multiplesequencealign/assets'
Mar-14 14:55:18.963 [main] DEBUG com.askimed.nf.test.core.AbstractTest - Stage 0 user provided files...
Mar-14 14:55:18.966 [main] INFO  com.askimed.nf.test.config.FileStaging - Create symlink '/home/luisasantus/Desktop/multiplesequencealign/.nf-test/tests/95e27dfff0888180ec1cd9916297a493/meta/bin' --> '/home/luisasantus/Desktop/multiplesequencealign/bin'
Mar-14 14:55:18.968 [main] WARN  com.askimed.nf.test.config.FileStaging - File '/home/luisasantus/Desktop/multiplesequencealign/lib' not found. Ignore it.
Mar-14 14:55:18.969 [main] INFO  com.askimed.nf.test.config.FileStaging - Create symlink '/home/luisasantus/Desktop/multiplesequencealign/.nf-test/tests/95e27dfff0888180ec1cd9916297a493/meta/assets' --> '/home/luisasantus/Desktop/multiplesequencealign/assets'
Mar-14 14:55:18.969 [main] DEBUG com.askimed.nf.test.core.AbstractTest - Stage 0 user provided files...
Mar-14 14:55:19.103 [main] INFO  com.askimed.nf.test.config.FileStaging - Create symlink '/home/luisasantus/Desktop/multiplesequencealign/.nf-test/tests/d9ccb2e3aada95c401add2e0e4aae966/meta/bin' --> '/home/luisasantus/Desktop/multiplesequencealign/bin'
Mar-14 14:55:19.104 [main] WARN  com.askimed.nf.test.config.FileStaging - File '/home/luisasantus/Desktop/multiplesequencealign/lib' not found. Ignore it.
Mar-14 14:55:19.104 [main] INFO  com.askimed.nf.test.config.FileStaging - Create symlink '/home/luisasantus/Desktop/multiplesequencealign/.nf-test/tests/d9ccb2e3aada95c401add2e0e4aae966/meta/assets' --> '/home/luisasantus/Desktop/multiplesequencealign/assets'
Mar-14 14:55:19.104 [main] DEBUG com.askimed.nf.test.core.AbstractTest - Stage 0 user provided files...
Mar-14 14:55:19.107 [main] INFO  com.askimed.nf.test.config.FileStaging - Create symlink '/home/luisasantus/Desktop/multiplesequencealign/.nf-test/tests/575c4f308bc5250ff2deaec78232fd41/meta/bin' --> '/home/luisasantus/Desktop/multiplesequencealign/bin'
Mar-14 14:55:19.107 [main] WARN  com.askimed.nf.test.config.FileStaging - File '/home/luisasantus/Desktop/multiplesequencealign/lib' not found. Ignore it.
Mar-14 14:55:19.107 [main] INFO  com.askimed.nf.test.config.FileStaging - Create symlink '/home/luisasantus/Desktop/multiplesequencealign/.nf-test/tests/575c4f308bc5250ff2deaec78232fd41/meta/assets' --> '/home/luisasantus/Desktop/multiplesequencealign/assets'
Mar-14 14:55:19.107 [main] DEBUG com.askimed.nf.test.core.AbstractTest - Stage 0 user provided files...
Mar-14 14:55:19.110 [main] INFO  com.askimed.nf.test.config.FileStaging - Create symlink '/home/luisasantus/Desktop/multiplesequencealign/.nf-test/tests/beb26ac660c8611dcb1d3f8c78fb221b/meta/bin' --> '/home/luisasantus/Desktop/multiplesequencealign/bin'
Mar-14 14:55:19.111 [main] WARN  com.askimed.nf.test.config.FileStaging - File '/home/luisasantus/Desktop/multiplesequencealign/lib' not found. Ignore it.
Mar-14 14:55:19.112 [main] INFO  com.askimed.nf.test.config.FileStaging - Create symlink '/home/luisasantus/Desktop/multiplesequencealign/.nf-test/tests/beb26ac660c8611dcb1d3f8c78fb221b/meta/assets' --> '/home/luisasantus/Desktop/multiplesequencealign/assets'
Mar-14 14:55:19.112 [main] DEBUG com.askimed.nf.test.core.AbstractTest - Stage 0 user provided files...
Mar-14 14:55:19.169 [main] INFO  com.askimed.nf.test.config.FileStaging - Create symlink '/home/luisasantus/Desktop/multiplesequencealign/.nf-test/tests/e5d089175d8e680788adcfa4b71e1d70/meta/bin' --> '/home/luisasantus/Desktop/multiplesequencealign/bin'
Mar-14 14:55:19.170 [main] WARN  com.askimed.nf.test.config.FileStaging - File '/home/luisasantus/Desktop/multiplesequencealign/lib' not found. Ignore it.
Mar-14 14:55:19.170 [main] INFO  com.askimed.nf.test.config.FileStaging - Create symlink '/home/luisasantus/Desktop/multiplesequencealign/.nf-test/tests/e5d089175d8e680788adcfa4b71e1d70/meta/assets' --> '/home/luisasantus/Desktop/multiplesequencealign/assets'
Mar-14 14:55:19.170 [main] DEBUG com.askimed.nf.test.core.AbstractTest - Stage 0 user provided files...
Mar-14 14:55:19.265 [main] INFO  com.askimed.nf.test.config.FileStaging - Create symlink '/home/luisasantus/Desktop/multiplesequencealign/.nf-test/tests/cad11602613925b1e89d87e3a6a8e117/meta/bin' --> '/home/luisasantus/Desktop/multiplesequencealign/bin'
Mar-14 14:55:19.266 [main] WARN  com.askimed.nf.test.config.FileStaging - File '/home/luisasantus/Desktop/multiplesequencealign/lib' not found. Ignore it.
Mar-14 14:55:19.267 [main] INFO  com.askimed.nf.test.config.FileStaging - Create symlink '/home/luisasantus/Desktop/multiplesequencealign/.nf-test/tests/cad11602613925b1e89d87e3a6a8e117/meta/assets' --> '/home/luisasantus/Desktop/multiplesequencealign/assets'
Mar-14 14:55:19.267 [main] DEBUG com.askimed.nf.test.core.AbstractTest - Stage 0 user provided files...
Mar-14 14:55:19.270 [main] INFO  com.askimed.nf.test.config.FileStaging - Create symlink '/home/luisasantus/Desktop/multiplesequencealign/.nf-test/tests/60a383412f27428b2e97944119e5366e/meta/bin' --> '/home/luisasantus/Desktop/multiplesequencealign/bin'
Mar-14 14:55:19.270 [main] WARN  com.askimed.nf.test.config.FileStaging - File '/home/luisasantus/Desktop/multiplesequencealign/lib' not found. Ignore it.
Mar-14 14:55:19.270 [main] INFO  com.askimed.nf.test.config.FileStaging - Create symlink '/home/luisasantus/Desktop/multiplesequencealign/.nf-test/tests/60a383412f27428b2e97944119e5366e/meta/assets' --> '/home/luisasantus/Desktop/multiplesequencealign/assets'
Mar-14 14:55:19.270 [main] DEBUG com.askimed.nf.test.core.AbstractTest - Stage 0 user provided files...
Mar-14 14:55:19.272 [main] INFO  com.askimed.nf.test.config.FileStaging - Create symlink '/home/luisasantus/Desktop/multiplesequencealign/.nf-test/tests/a8ff5334f841a41f629346948c81d628/meta/bin' --> '/home/luisasantus/Desktop/multiplesequencealign/bin'
Mar-14 14:55:19.272 [main] WARN  com.askimed.nf.test.config.FileStaging - File '/home/luisasantus/Desktop/multiplesequencealign/lib' not found. Ignore it.
Mar-14 14:55:19.272 [main] INFO  com.askimed.nf.test.config.FileStaging - Create symlink '/home/luisasantus/Desktop/multiplesequencealign/.nf-test/tests/a8ff5334f841a41f629346948c81d628/meta/assets' --> '/home/luisasantus/Desktop/multiplesequencealign/assets'
Mar-14 14:55:19.272 [main] DEBUG com.askimed.nf.test.core.AbstractTest - Stage 0 user provided files...
Mar-14 14:55:19.295 [main] INFO  com.askimed.nf.test.config.FileStaging - Create symlink '/home/luisasantus/Desktop/multiplesequencealign/.nf-test/tests/183bc50fcdf236163870e98a3abb7535/meta/bin' --> '/home/luisasantus/Desktop/multiplesequencealign/bin'
Mar-14 14:55:19.295 [main] WARN  com.askimed.nf.test.config.FileStaging - File '/home/luisasantus/Desktop/multiplesequencealign/lib' not found. Ignore it.
Mar-14 14:55:19.295 [main] INFO  com.askimed.nf.test.config.FileStaging - Create symlink '/home/luisasantus/Desktop/multiplesequencealign/.nf-test/tests/183bc50fcdf236163870e98a3abb7535/meta/assets' --> '/home/luisasantus/Desktop/multiplesequencealign/assets'
Mar-14 14:55:19.295 [main] DEBUG com.askimed.nf.test.core.AbstractTest - Stage 0 user provided files...
Mar-14 14:55:19.315 [main] INFO  com.askimed.nf.test.config.FileStaging - Create symlink '/home/luisasantus/Desktop/multiplesequencealign/.nf-test/tests/9a69085936fae7b91773bbdc50fbed48/meta/bin' --> '/home/luisasantus/Desktop/multiplesequencealign/bin'
Mar-14 14:55:19.315 [main] WARN  com.askimed.nf.test.config.FileStaging - File '/home/luisasantus/Desktop/multiplesequencealign/lib' not found. Ignore it.
Mar-14 14:55:19.316 [main] INFO  com.askimed.nf.test.config.FileStaging - Create symlink '/home/luisasantus/Desktop/multiplesequencealign/.nf-test/tests/9a69085936fae7b91773bbdc50fbed48/meta/assets' --> '/home/luisasantus/Desktop/multiplesequencealign/assets'
Mar-14 14:55:19.316 [main] DEBUG com.askimed.nf.test.core.AbstractTest - Stage 0 user provided files...
Mar-14 14:55:19.344 [main] INFO  com.askimed.nf.test.config.FileStaging - Create symlink '/home/luisasantus/Desktop/multiplesequencealign/.nf-test/tests/82cf6b1860ebb2203a2749b14f265402/meta/bin' --> '/home/luisasantus/Desktop/multiplesequencealign/bin'
Mar-14 14:55:19.345 [main] WARN  com.askimed.nf.test.config.FileStaging - File '/home/luisasantus/Desktop/multiplesequencealign/lib' not found. Ignore it.
Mar-14 14:55:19.345 [main] INFO  com.askimed.nf.test.config.FileStaging - Create symlink '/home/luisasantus/Desktop/multiplesequencealign/.nf-test/tests/82cf6b1860ebb2203a2749b14f265402/meta/assets' --> '/home/luisasantus/Desktop/multiplesequencealign/assets'
Mar-14 14:55:19.345 [main] DEBUG com.askimed.nf.test.core.AbstractTest - Stage 0 user provided files...
Mar-14 14:55:19.364 [main] INFO  com.askimed.nf.test.config.FileStaging - Create symlink '/home/luisasantus/Desktop/multiplesequencealign/.nf-test/tests/fdbcfaa2bfb7a798993b2ba9deb35680/meta/bin' --> '/home/luisasantus/Desktop/multiplesequencealign/bin'
Mar-14 14:55:19.365 [main] WARN  com.askimed.nf.test.config.FileStaging - File '/home/luisasantus/Desktop/multiplesequencealign/lib' not found. Ignore it.
Mar-14 14:55:19.365 [main] INFO  com.askimed.nf.test.config.FileStaging - Create symlink '/home/luisasantus/Desktop/multiplesequencealign/.nf-test/tests/fdbcfaa2bfb7a798993b2ba9deb35680/meta/assets' --> '/home/luisasantus/Desktop/multiplesequencealign/assets'
Mar-14 14:55:19.365 [main] DEBUG com.askimed.nf.test.core.AbstractTest - Stage 0 user provided files...
Mar-14 14:55:19.397 [main] INFO  com.askimed.nf.test.config.FileStaging - Create symlink '/home/luisasantus/Desktop/multiplesequencealign/.nf-test/tests/e105185c4fb8e599d6222680a8c626db/meta/bin' --> '/home/luisasantus/Desktop/multiplesequencealign/bin'
Mar-14 14:55:19.397 [main] WARN  com.askimed.nf.test.config.FileStaging - File '/home/luisasantus/Desktop/multiplesequencealign/lib' not found. Ignore it.
Mar-14 14:55:19.397 [main] INFO  com.askimed.nf.test.config.FileStaging - Create symlink '/home/luisasantus/Desktop/multiplesequencealign/.nf-test/tests/e105185c4fb8e599d6222680a8c626db/meta/assets' --> '/home/luisasantus/Desktop/multiplesequencealign/assets'
Mar-14 14:55:19.397 [main] DEBUG com.askimed.nf.test.core.AbstractTest - Stage 0 user provided files...
Mar-14 14:55:19.401 [main] INFO  com.askimed.nf.test.config.FileStaging - Create symlink '/home/luisasantus/Desktop/multiplesequencealign/.nf-test/tests/616ae0ef56c50cedd3f64d3235197c44/meta/bin' --> '/home/luisasantus/Desktop/multiplesequencealign/bin'
Mar-14 14:55:19.402 [main] WARN  com.askimed.nf.test.config.FileStaging - File '/home/luisasantus/Desktop/multiplesequencealign/lib' not found. Ignore it.
Mar-14 14:55:19.403 [main] INFO  com.askimed.nf.test.config.FileStaging - Create symlink '/home/luisasantus/Desktop/multiplesequencealign/.nf-test/tests/616ae0ef56c50cedd3f64d3235197c44/meta/assets' --> '/home/luisasantus/Desktop/multiplesequencealign/assets'
Mar-14 14:55:19.403 [main] DEBUG com.askimed.nf.test.core.AbstractTest - Stage 0 user provided files...
Mar-14 14:55:19.519 [main] INFO  com.askimed.nf.test.config.FileStaging - Create symlink '/home/luisasantus/Desktop/multiplesequencealign/.nf-test/tests/a766ecfd805919ea55700999d32551be/meta/bin' --> '/home/luisasantus/Desktop/multiplesequencealign/bin'
Mar-14 14:55:19.519 [main] WARN  com.askimed.nf.test.config.FileStaging - File '/home/luisasantus/Desktop/multiplesequencealign/lib' not found. Ignore it.
Mar-14 14:55:19.519 [main] INFO  com.askimed.nf.test.config.FileStaging - Create symlink '/home/luisasantus/Desktop/multiplesequencealign/.nf-test/tests/a766ecfd805919ea55700999d32551be/meta/assets' --> '/home/luisasantus/Desktop/multiplesequencealign/assets'
Mar-14 14:55:19.519 [main] DEBUG com.askimed.nf.test.core.AbstractTest - Stage 0 user provided files...
Mar-14 14:55:19.520 [main] INFO  com.askimed.nf.test.config.FileStaging - Create symlink '/home/luisasantus/Desktop/multiplesequencealign/.nf-test/tests/4bcedc37fa430740c15fa6dca3a0b155/meta/bin' --> '/home/luisasantus/Desktop/multiplesequencealign/bin'
Mar-14 14:55:19.520 [main] WARN  com.askimed.nf.test.config.FileStaging - File '/home/luisasantus/Desktop/multiplesequencealign/lib' not found. Ignore it.
Mar-14 14:55:19.520 [main] INFO  com.askimed.nf.test.config.FileStaging - Create symlink '/home/luisasantus/Desktop/multiplesequencealign/.nf-test/tests/4bcedc37fa430740c15fa6dca3a0b155/meta/assets' --> '/home/luisasantus/Desktop/multiplesequencealign/assets'
Mar-14 14:55:19.520 [main] DEBUG com.askimed.nf.test.core.AbstractTest - Stage 0 user provided files...
Mar-14 14:55:19.521 [main] INFO  com.askimed.nf.test.config.FileStaging - Create symlink '/home/luisasantus/Desktop/multiplesequencealign/.nf-test/tests/62100cb8177f7be573d5abd7f8581e34/meta/bin' --> '/home/luisasantus/Desktop/multiplesequencealign/bin'
Mar-14 14:55:19.521 [main] WARN  com.askimed.nf.test.config.FileStaging - File '/home/luisasantus/Desktop/multiplesequencealign/lib' not found. Ignore it.
Mar-14 14:55:19.521 [main] INFO  com.askimed.nf.test.config.FileStaging - Create symlink '/home/luisasantus/Desktop/multiplesequencealign/.nf-test/tests/62100cb8177f7be573d5abd7f8581e34/meta/assets' --> '/home/luisasantus/Desktop/multiplesequencealign/assets'
Mar-14 14:55:19.521 [main] DEBUG com.askimed.nf.test.core.AbstractTest - Stage 0 user provided files...
Mar-14 14:55:19.522 [main] INFO  com.askimed.nf.test.config.FileStaging - Create symlink '/home/luisasantus/Desktop/multiplesequencealign/.nf-test/tests/3bf6ba65b391b749a14c1550a30a605f/meta/bin' --> '/home/luisasantus/Desktop/multiplesequencealign/bin'
Mar-14 14:55:19.522 [main] WARN  com.askimed.nf.test.config.FileStaging - File '/home/luisasantus/Desktop/multiplesequencealign/lib' not found. Ignore it.
Mar-14 14:55:19.522 [main] INFO  com.askimed.nf.test.config.FileStaging - Create symlink '/home/luisasantus/Desktop/multiplesequencealign/.nf-test/tests/3bf6ba65b391b749a14c1550a30a605f/meta/assets' --> '/home/luisasantus/Desktop/multiplesequencealign/assets'
Mar-14 14:55:19.522 [main] DEBUG com.askimed.nf.test.core.AbstractTest - Stage 0 user provided files...
Mar-14 14:55:19.522 [main] INFO  com.askimed.nf.test.config.FileStaging - Create symlink '/home/luisasantus/Desktop/multiplesequencealign/.nf-test/tests/cde87441b6656a05f3124781f7cd515f/meta/bin' --> '/home/luisasantus/Desktop/multiplesequencealign/bin'
Mar-14 14:55:19.523 [main] WARN  com.askimed.nf.test.config.FileStaging - File '/home/luisasantus/Desktop/multiplesequencealign/lib' not found. Ignore it.
Mar-14 14:55:19.523 [main] INFO  com.askimed.nf.test.config.FileStaging - Create symlink '/home/luisasantus/Desktop/multiplesequencealign/.nf-test/tests/cde87441b6656a05f3124781f7cd515f/meta/assets' --> '/home/luisasantus/Desktop/multiplesequencealign/assets'
Mar-14 14:55:19.523 [main] DEBUG com.askimed.nf.test.core.AbstractTest - Stage 0 user provided files...
Mar-14 14:55:19.523 [main] INFO  com.askimed.nf.test.config.FileStaging - Create symlink '/home/luisasantus/Desktop/multiplesequencealign/.nf-test/tests/1549d7ae1e2df5a7848dbfb56de5fc31/meta/bin' --> '/home/luisasantus/Desktop/multiplesequencealign/bin'
Mar-14 14:55:19.523 [main] WARN  com.askimed.nf.test.config.FileStaging - File '/home/luisasantus/Desktop/multiplesequencealign/lib' not found. Ignore it.
Mar-14 14:55:19.523 [main] INFO  com.askimed.nf.test.config.FileStaging - Create symlink '/home/luisasantus/Desktop/multiplesequencealign/.nf-test/tests/1549d7ae1e2df5a7848dbfb56de5fc31/meta/assets' --> '/home/luisasantus/Desktop/multiplesequencealign/assets'
Mar-14 14:55:19.524 [main] DEBUG com.askimed.nf.test.core.AbstractTest - Stage 0 user provided files...
Mar-14 14:55:19.524 [main] INFO  com.askimed.nf.test.config.FileStaging - Create symlink '/home/luisasantus/Desktop/multiplesequencealign/.nf-test/tests/ece2bd36d43caefc1d1c415a4992c606/meta/bin' --> '/home/luisasantus/Desktop/multiplesequencealign/bin'
Mar-14 14:55:19.524 [main] WARN  com.askimed.nf.test.config.FileStaging - File '/home/luisasantus/Desktop/multiplesequencealign/lib' not found. Ignore it.
Mar-14 14:55:19.524 [main] INFO  com.askimed.nf.test.config.FileStaging - Create symlink '/home/luisasantus/Desktop/multiplesequencealign/.nf-test/tests/ece2bd36d43caefc1d1c415a4992c606/meta/assets' --> '/home/luisasantus/Desktop/multiplesequencealign/assets'
Mar-14 14:55:19.524 [main] DEBUG com.askimed.nf.test.core.AbstractTest - Stage 0 user provided files...
Mar-14 14:55:19.558 [main] INFO  com.askimed.nf.test.config.FileStaging - Create symlink '/home/luisasantus/Desktop/multiplesequencealign/.nf-test/tests/86915b23faf7823626ffd2fc19d43243/meta/bin' --> '/home/luisasantus/Desktop/multiplesequencealign/bin'
Mar-14 14:55:19.558 [main] WARN  com.askimed.nf.test.config.FileStaging - File '/home/luisasantus/Desktop/multiplesequencealign/lib' not found. Ignore it.
Mar-14 14:55:19.558 [main] INFO  com.askimed.nf.test.config.FileStaging - Create symlink '/home/luisasantus/Desktop/multiplesequencealign/.nf-test/tests/86915b23faf7823626ffd2fc19d43243/meta/assets' --> '/home/luisasantus/Desktop/multiplesequencealign/assets'
Mar-14 14:55:19.558 [main] DEBUG com.askimed.nf.test.core.AbstractTest - Stage 0 user provided files...
Mar-14 14:55:19.559 [main] INFO  com.askimed.nf.test.config.FileStaging - Create symlink '/home/luisasantus/Desktop/multiplesequencealign/.nf-test/tests/8a0bec610f10d7a03d492115e2fcbbae/meta/bin' --> '/home/luisasantus/Desktop/multiplesequencealign/bin'
Mar-14 14:55:19.559 [main] WARN  com.askimed.nf.test.config.FileStaging - File '/home/luisasantus/Desktop/multiplesequencealign/lib' not found. Ignore it.
Mar-14 14:55:19.559 [main] INFO  com.askimed.nf.test.config.FileStaging - Create symlink '/home/luisasantus/Desktop/multiplesequencealign/.nf-test/tests/8a0bec610f10d7a03d492115e2fcbbae/meta/assets' --> '/home/luisasantus/Desktop/multiplesequencealign/assets'
Mar-14 14:55:19.559 [main] DEBUG com.askimed.nf.test.core.AbstractTest - Stage 0 user provided files...
Mar-14 14:55:19.559 [main] INFO  com.askimed.nf.test.config.FileStaging - Create symlink '/home/luisasantus/Desktop/multiplesequencealign/.nf-test/tests/443d1f1995165703866bee9b410e7de6/meta/bin' --> '/home/luisasantus/Desktop/multiplesequencealign/bin'
Mar-14 14:55:19.559 [main] WARN  com.askimed.nf.test.config.FileStaging - File '/home/luisasantus/Desktop/multiplesequencealign/lib' not found. Ignore it.
Mar-14 14:55:19.559 [main] INFO  com.askimed.nf.test.config.FileStaging - Create symlink '/home/luisasantus/Desktop/multiplesequencealign/.nf-test/tests/443d1f1995165703866bee9b410e7de6/meta/assets' --> '/home/luisasantus/Desktop/multiplesequencealign/assets'
Mar-14 14:55:19.560 [main] DEBUG com.askimed.nf.test.core.AbstractTest - Stage 0 user provided files...
Mar-14 14:55:19.584 [main] INFO  com.askimed.nf.test.config.FileStaging - Create symlink '/home/luisasantus/Desktop/multiplesequencealign/.nf-test/tests/2e32952384af324b4b129da476df8a88/meta/bin' --> '/home/luisasantus/Desktop/multiplesequencealign/bin'
Mar-14 14:55:19.585 [main] WARN  com.askimed.nf.test.config.FileStaging - File '/home/luisasantus/Desktop/multiplesequencealign/lib' not found. Ignore it.
Mar-14 14:55:19.585 [main] INFO  com.askimed.nf.test.config.FileStaging - Create symlink '/home/luisasantus/Desktop/multiplesequencealign/.nf-test/tests/2e32952384af324b4b129da476df8a88/meta/assets' --> '/home/luisasantus/Desktop/multiplesequencealign/assets'
Mar-14 14:55:19.585 [main] DEBUG com.askimed.nf.test.core.AbstractTest - Stage 0 user provided files...
Mar-14 14:55:19.587 [main] INFO  com.askimed.nf.test.config.FileStaging - Create symlink '/home/luisasantus/Desktop/multiplesequencealign/.nf-test/tests/cbbcf84205f8a75d9866a101ee7b3080/meta/bin' --> '/home/luisasantus/Desktop/multiplesequencealign/bin'
Mar-14 14:55:19.587 [main] WARN  com.askimed.nf.test.config.FileStaging - File '/home/luisasantus/Desktop/multiplesequencealign/lib' not found. Ignore it.
Mar-14 14:55:19.588 [main] INFO  com.askimed.nf.test.config.FileStaging - Create symlink '/home/luisasantus/Desktop/multiplesequencealign/.nf-test/tests/cbbcf84205f8a75d9866a101ee7b3080/meta/assets' --> '/home/luisasantus/Desktop/multiplesequencealign/assets'
Mar-14 14:55:19.588 [main] DEBUG com.askimed.nf.test.core.AbstractTest - Stage 0 user provided files...
Mar-14 14:55:19.611 [main] INFO  com.askimed.nf.test.config.FileStaging - Create symlink '/home/luisasantus/Desktop/multiplesequencealign/.nf-test/tests/dd583ae65f8cbb8aacf984254ab9f275/meta/bin' --> '/home/luisasantus/Desktop/multiplesequencealign/bin'
Mar-14 14:55:19.611 [main] WARN  com.askimed.nf.test.config.FileStaging - File '/home/luisasantus/Desktop/multiplesequencealign/lib' not found. Ignore it.
Mar-14 14:55:19.611 [main] INFO  com.askimed.nf.test.config.FileStaging - Create symlink '/home/luisasantus/Desktop/multiplesequencealign/.nf-test/tests/dd583ae65f8cbb8aacf984254ab9f275/meta/assets' --> '/home/luisasantus/Desktop/multiplesequencealign/assets'
Mar-14 14:55:19.612 [main] DEBUG com.askimed.nf.test.core.AbstractTest - Stage 0 user provided files...
Mar-14 14:55:19.612 [main] INFO  com.askimed.nf.test.core.TestExecutionEngine - Started test plan
Mar-14 14:55:19.612 [main] INFO  com.askimed.nf.test.core.TestExecutionEngine - Running testsuite 'Test Workflow UTILS_NFCORE_PIPELINE' from file '/home/luisasantus/Desktop/multiplesequencealign/./subworkflows/nf-core/utils_nfcore_pipeline/tests/main.workflow.nf.test'.
Mar-14 14:55:19.612 [main] INFO  com.askimed.nf.test.core.TestExecutionEngine - Run test 'e84a2536: Should run without failures'. type: com.askimed.nf.test.lang.workflow.WorkflowTest
Mar-14 14:55:24.656 [main] DEBUG com.askimed.nf.test.lang.extensions.SnapshotFile - Load snapshots from file '/home/luisasantus/Desktop/multiplesequencealign/./subworkflows/nf-core/utils_nfcore_pipeline/tests/main.workflow.nf.test.snap'
Mar-14 14:55:24.662 [main] DEBUG com.askimed.nf.test.lang.extensions.Snapshot - Snapshots 'Should run without failures' match.
Mar-14 14:55:24.662 [main] INFO  com.askimed.nf.test.core.TestExecutionEngine - Test 'e84a2536: Should run without failures' finished. status: PASSED
Mar-14 14:55:24.662 [main] INFO  com.askimed.nf.test.core.TestExecutionEngine - Testsuite 'Test Workflow UTILS_NFCORE_PIPELINE' finished. snapshot file: true, skipped tests: false, failed tests: false
Mar-14 14:55:24.662 [main] INFO  com.askimed.nf.test.core.TestExecutionEngine - Running testsuite 'Test Functions' from file '/home/luisasantus/Desktop/multiplesequencealign/./subworkflows/nf-core/utils_nfcore_pipeline/tests/main.function.nf.test'.
Mar-14 14:55:24.663 [main] INFO  com.askimed.nf.test.core.TestExecutionEngine - Run test '43389646: Test Function checkConfigProvided'. type: com.askimed.nf.test.lang.function.FunctionTest
Mar-14 14:55:29.483 [main] DEBUG com.askimed.nf.test.lang.extensions.SnapshotFile - Load snapshots from file '/home/luisasantus/Desktop/multiplesequencealign/./subworkflows/nf-core/utils_nfcore_pipeline/tests/main.function.nf.test.snap'
Mar-14 14:55:29.484 [main] DEBUG com.askimed.nf.test.lang.extensions.Snapshot - Snapshots 'Test Function checkConfigProvided' match.
Mar-14 14:55:29.484 [main] INFO  com.askimed.nf.test.core.TestExecutionEngine - Test '43389646: Test Function checkConfigProvided' finished. status: PASSED
Mar-14 14:55:29.485 [main] INFO  com.askimed.nf.test.core.TestExecutionEngine - Run test '10ace96b: Test Function checkProfileProvided'. type: com.askimed.nf.test.lang.function.FunctionTest
Mar-14 14:55:34.409 [main] DEBUG com.askimed.nf.test.lang.extensions.Snapshot - Snapshots 'Test Function checkProfileProvided' match.
Mar-14 14:55:34.409 [main] INFO  com.askimed.nf.test.core.TestExecutionEngine - Test '10ace96b: Test Function checkProfileProvided' finished. status: PASSED
Mar-14 14:55:34.409 [main] INFO  com.askimed.nf.test.core.TestExecutionEngine - Run test '8db07069: Test Function workflowCitation'. type: com.askimed.nf.test.lang.function.FunctionTest
Mar-14 14:55:39.960 [main] DEBUG com.askimed.nf.test.lang.extensions.Snapshot - Snapshots 'Test Function workflowCitation' match.
Mar-14 14:55:39.960 [main] INFO  com.askimed.nf.test.core.TestExecutionEngine - Test '8db07069: Test Function workflowCitation' finished. status: PASSED
Mar-14 14:55:39.960 [main] INFO  com.askimed.nf.test.core.TestExecutionEngine - Run test '9294a2cb: Test Function nfCoreLogo'. type: com.askimed.nf.test.lang.function.FunctionTest
Mar-14 14:55:44.896 [main] DEBUG com.askimed.nf.test.lang.extensions.Snapshot - Snapshots 'Test Function nfCoreLogo' match.
Mar-14 14:55:44.896 [main] INFO  com.askimed.nf.test.core.TestExecutionEngine - Test '9294a2cb: Test Function nfCoreLogo' finished. status: PASSED
Mar-14 14:55:44.897 [main] INFO  com.askimed.nf.test.core.TestExecutionEngine - Run test 'c9a5bd23: Test Function dashedLine'. type: com.askimed.nf.test.lang.function.FunctionTest
Mar-14 14:55:49.934 [main] DEBUG com.askimed.nf.test.lang.extensions.Snapshot - Snapshots 'Test Function dashedLine' match.
Mar-14 14:55:49.935 [main] INFO  com.askimed.nf.test.core.TestExecutionEngine - Test 'c9a5bd23: Test Function dashedLine' finished. status: PASSED
Mar-14 14:55:49.935 [main] INFO  com.askimed.nf.test.core.TestExecutionEngine - Run test '18d266b7: Test Function without logColours'. type: com.askimed.nf.test.lang.function.FunctionTest
Mar-14 14:55:55.497 [main] DEBUG com.askimed.nf.test.lang.extensions.Snapshot - Snapshots 'Test Function without logColours' match.
Mar-14 14:55:55.498 [main] INFO  com.askimed.nf.test.core.TestExecutionEngine - Test '18d266b7: Test Function without logColours' finished. status: PASSED
Mar-14 14:55:55.499 [main] INFO  com.askimed.nf.test.core.TestExecutionEngine - Run test '96851093: Test Function with logColours'. type: com.askimed.nf.test.lang.function.FunctionTest
Mar-14 14:56:01.284 [main] DEBUG com.askimed.nf.test.lang.extensions.Snapshot - Snapshots 'Test Function with logColours' match.
Mar-14 14:56:01.284 [main] INFO  com.askimed.nf.test.core.TestExecutionEngine - Test '96851093: Test Function with logColours' finished. status: PASSED
Mar-14 14:56:01.285 [main] INFO  com.askimed.nf.test.core.TestExecutionEngine - Testsuite 'Test Functions' finished. snapshot file: true, skipped tests: false, failed tests: false
Mar-14 14:56:01.285 [main] INFO  com.askimed.nf.test.core.TestExecutionEngine - Running testsuite 'Test Workflow UTILS_NEXTFLOW_PIPELINE' from file '/home/luisasantus/Desktop/multiplesequencealign/./subworkflows/nf-core/utils_nextflow_pipeline/tests/main.workflow.nf.test'.
Mar-14 14:56:01.285 [main] INFO  com.askimed.nf.test.core.TestExecutionEngine - Run test '280eec69: Should run no inputs'. type: com.askimed.nf.test.lang.workflow.WorkflowTest
Mar-14 14:56:07.375 [main] INFO  com.askimed.nf.test.core.TestExecutionEngine - Test '280eec69: Should run no inputs' finished. status: PASSED
Mar-14 14:56:07.375 [main] INFO  com.askimed.nf.test.core.TestExecutionEngine - Run test 'a11ec83d: Should print version'. type: com.askimed.nf.test.lang.workflow.WorkflowTest
Mar-14 14:56:12.202 [main] INFO  com.askimed.nf.test.core.TestExecutionEngine - Test 'a11ec83d: Should print version' finished. status: FAILED
org.codehaus.groovy.runtime.powerassert.PowerAssertionError: 1 of 2 assertions failed
	at com.askimed.nf.test.lang.extensions.GlobalMethods.assertAll(GlobalMethods.java:48)
	at java.base/jdk.internal.reflect.NativeMethodAccessorImpl.invoke0(Native Method)
	at java.base/jdk.internal.reflect.NativeMethodAccessorImpl.invoke(NativeMethodAccessorImpl.java:62)
	at java.base/jdk.internal.reflect.DelegatingMethodAccessorImpl.invoke(DelegatingMethodAccessorImpl.java:43)
	at java.base/java.lang.reflect.Method.invoke(Method.java:566)
	at org.codehaus.groovy.reflection.CachedMethod.invoke(CachedMethod.java:107)
	at groovy.lang.MetaMethod.doMethodInvoke(MetaMethod.java:323)
	at org.codehaus.groovy.runtime.callsite.StaticMetaMethodSite.invoke(StaticMetaMethodSite.java:44)
	at org.codehaus.groovy.runtime.callsite.StaticMetaMethodSite.callStatic(StaticMetaMethodSite.java:100)
	at org.codehaus.groovy.runtime.callsite.CallSiteArray.defaultCallStatic(CallSiteArray.java:55)
	at org.codehaus.groovy.runtime.callsite.AbstractCallSite.callStatic(AbstractCallSite.java:217)
	at org.codehaus.groovy.runtime.callsite.AbstractCallSite.callStatic(AbstractCallSite.java:240)
	at main_workflow_nf$_run_closure1$_closure3$_closure11.doCall(main.workflow.nf.test:55)
	at main_workflow_nf$_run_closure1$_closure3$_closure11.doCall(main.workflow.nf.test)
	at java.base/jdk.internal.reflect.NativeMethodAccessorImpl.invoke0(Native Method)
	at java.base/jdk.internal.reflect.NativeMethodAccessorImpl.invoke(NativeMethodAccessorImpl.java:62)
	at java.base/jdk.internal.reflect.DelegatingMethodAccessorImpl.invoke(DelegatingMethodAccessorImpl.java:43)
	at java.base/java.lang.reflect.Method.invoke(Method.java:566)
	at org.codehaus.groovy.reflection.CachedMethod.invoke(CachedMethod.java:107)
	at groovy.lang.MetaMethod.doMethodInvoke(MetaMethod.java:323)
	at org.codehaus.groovy.runtime.metaclass.ClosureMetaClass.invokeMethod(ClosureMetaClass.java:274)
	at groovy.lang.MetaClassImpl.invokeMethod(MetaClassImpl.java:1035)
	at groovy.lang.Closure.call(Closure.java:412)
	at groovy.lang.Closure.call(Closure.java:406)
	at com.askimed.nf.test.lang.TestCode.execute(TestCode.java:16)
	at com.askimed.nf.test.lang.workflow.WorkflowTest.execute(WorkflowTest.java:176)
	at com.askimed.nf.test.core.TestExecutionEngine.execute(TestExecutionEngine.java:214)
	at com.askimed.nf.test.commands.RunTestsCommand.execute(RunTestsCommand.java:184)
	at com.askimed.nf.test.commands.AbstractCommand.call(AbstractCommand.java:41)
	at com.askimed.nf.test.commands.AbstractCommand.call(AbstractCommand.java:17)
	at picocli.CommandLine.executeUserObject(CommandLine.java:1953)
	at picocli.CommandLine.access$1300(CommandLine.java:145)
	at picocli.CommandLine$RunLast.executeUserObjectOfLastSubcommandWithSameParent(CommandLine.java:2352)
	at picocli.CommandLine$RunLast.handle(CommandLine.java:2346)
	at picocli.CommandLine$RunLast.handle(CommandLine.java:2311)
	at picocli.CommandLine$AbstractParseResultHandler.execute(CommandLine.java:2179)
	at picocli.CommandLine.execute(CommandLine.java:2078)
	at com.askimed.nf.test.App.run(App.java:44)
	at com.askimed.nf.test.App.main(App.java:51)
Mar-14 14:56:12.204 [main] INFO  com.askimed.nf.test.core.TestExecutionEngine - Run test 'df3b88a0: Should dump params'. type: com.askimed.nf.test.lang.workflow.WorkflowTest
Mar-14 14:56:17.728 [main] INFO  com.askimed.nf.test.core.TestExecutionEngine - Test 'df3b88a0: Should dump params' finished. status: PASSED
Mar-14 14:56:17.728 [main] INFO  com.askimed.nf.test.core.TestExecutionEngine - Run test '18c6d2ab: Should not create params JSON if no output directory'. type: com.askimed.nf.test.lang.workflow.WorkflowTest
Mar-14 14:56:22.589 [main] INFO  com.askimed.nf.test.core.TestExecutionEngine - Test '18c6d2ab: Should not create params JSON if no output directory' finished. status: PASSED
Mar-14 14:56:22.589 [main] INFO  com.askimed.nf.test.core.TestExecutionEngine - Testsuite 'Test Workflow UTILS_NEXTFLOW_PIPELINE' finished. snapshot file: false, skipped tests: false, failed tests: true
Mar-14 14:56:22.589 [main] INFO  com.askimed.nf.test.core.TestExecutionEngine - Running testsuite 'Test Functions' from file '/home/luisasantus/Desktop/multiplesequencealign/./subworkflows/nf-core/utils_nextflow_pipeline/tests/main.function.nf.test'.
Mar-14 14:56:22.589 [main] INFO  com.askimed.nf.test.core.TestExecutionEngine - Run test '49b87f26: Test Function getWorkflowVersion'. type: com.askimed.nf.test.lang.function.FunctionTest
Mar-14 14:56:27.406 [main] DEBUG com.askimed.nf.test.lang.extensions.SnapshotFile - Load snapshots from file '/home/luisasantus/Desktop/multiplesequencealign/./subworkflows/nf-core/utils_nextflow_pipeline/tests/main.function.nf.test.snap'
Mar-14 14:56:27.407 [main] DEBUG com.askimed.nf.test.lang.extensions.Snapshot - Snapshots 'Test Function getWorkflowVersion' match.
Mar-14 14:56:27.407 [main] INFO  com.askimed.nf.test.core.TestExecutionEngine - Test '49b87f26: Test Function getWorkflowVersion' finished. status: PASSED
Mar-14 14:56:27.407 [main] INFO  com.askimed.nf.test.core.TestExecutionEngine - Run test '1a713cae: Test Function dumpParametersToJSON'. type: com.askimed.nf.test.lang.function.FunctionTest
Mar-14 14:56:32.193 [main] INFO  com.askimed.nf.test.core.TestExecutionEngine - Test '1a713cae: Test Function dumpParametersToJSON' finished. status: PASSED
Mar-14 14:56:32.194 [main] INFO  com.askimed.nf.test.core.TestExecutionEngine - Run test '9212328a: Test Function checkCondaChannels'. type: com.askimed.nf.test.lang.function.FunctionTest
Mar-14 14:56:37.330 [main] DEBUG com.askimed.nf.test.lang.extensions.Snapshot - Snapshots 'Test Function checkCondaChannels' match.
Mar-14 14:56:37.331 [main] INFO  com.askimed.nf.test.core.TestExecutionEngine - Test '9212328a: Test Function checkCondaChannels' finished. status: PASSED
Mar-14 14:56:37.331 [main] INFO  com.askimed.nf.test.core.TestExecutionEngine - Testsuite 'Test Functions' finished. snapshot file: true, skipped tests: false, failed tests: false
Mar-14 14:56:37.331 [main] INFO  com.askimed.nf.test.core.TestExecutionEngine - Running testsuite 'Test Workflow UTILS_NFVALIDATION_PLUGIN' from file '/home/luisasantus/Desktop/multiplesequencealign/./subworkflows/nf-core/utils_nfvalidation_plugin/tests/main.nf.test'.
Mar-14 14:56:37.331 [main] INFO  com.askimed.nf.test.core.TestExecutionEngine - Run test 'd9c30924: Should run nothing'. type: com.askimed.nf.test.lang.workflow.WorkflowTest
Mar-14 14:56:42.250 [main] INFO  com.askimed.nf.test.core.TestExecutionEngine - Test 'd9c30924: Should run nothing' finished. status: PASSED
Mar-14 14:56:42.251 [main] INFO  com.askimed.nf.test.core.TestExecutionEngine - Run test '320d3127: Should run help'. type: com.askimed.nf.test.lang.workflow.WorkflowTest
Mar-14 14:56:47.669 [main] INFO  com.askimed.nf.test.core.TestExecutionEngine - Test '320d3127: Should run help' finished. status: FAILED
org.codehaus.groovy.runtime.powerassert.PowerAssertionError: 2 of 4 assertions failed
	at com.askimed.nf.test.lang.extensions.GlobalMethods.assertAll(GlobalMethods.java:48)
	at jdk.internal.reflect.GeneratedMethodAccessor11.invoke(Unknown Source)
	at java.base/jdk.internal.reflect.DelegatingMethodAccessorImpl.invoke(DelegatingMethodAccessorImpl.java:43)
	at java.base/java.lang.reflect.Method.invoke(Method.java:566)
	at org.codehaus.groovy.reflection.CachedMethod.invoke(CachedMethod.java:107)
	at groovy.lang.MetaMethod.doMethodInvoke(MetaMethod.java:323)
	at org.codehaus.groovy.runtime.callsite.StaticMetaMethodSite.invoke(StaticMetaMethodSite.java:44)
	at org.codehaus.groovy.runtime.callsite.StaticMetaMethodSite.callStatic(StaticMetaMethodSite.java:100)
	at org.codehaus.groovy.runtime.callsite.CallSiteArray.defaultCallStatic(CallSiteArray.java:55)
	at org.codehaus.groovy.runtime.callsite.AbstractCallSite.callStatic(AbstractCallSite.java:217)
	at org.codehaus.groovy.runtime.callsite.AbstractCallSite.callStatic(AbstractCallSite.java:258)
	at main_nf$_run_closure1$_closure3$_closure13.doCall(main.nf.test:77)
	at main_nf$_run_closure1$_closure3$_closure13.doCall(main.nf.test)
	at java.base/jdk.internal.reflect.NativeMethodAccessorImpl.invoke0(Native Method)
	at java.base/jdk.internal.reflect.NativeMethodAccessorImpl.invoke(NativeMethodAccessorImpl.java:62)
	at java.base/jdk.internal.reflect.DelegatingMethodAccessorImpl.invoke(DelegatingMethodAccessorImpl.java:43)
	at java.base/java.lang.reflect.Method.invoke(Method.java:566)
	at org.codehaus.groovy.reflection.CachedMethod.invoke(CachedMethod.java:107)
	at groovy.lang.MetaMethod.doMethodInvoke(MetaMethod.java:323)
	at org.codehaus.groovy.runtime.metaclass.ClosureMetaClass.invokeMethod(ClosureMetaClass.java:274)
	at groovy.lang.MetaClassImpl.invokeMethod(MetaClassImpl.java:1035)
	at groovy.lang.Closure.call(Closure.java:412)
	at groovy.lang.Closure.call(Closure.java:406)
	at com.askimed.nf.test.lang.TestCode.execute(TestCode.java:16)
	at com.askimed.nf.test.lang.workflow.WorkflowTest.execute(WorkflowTest.java:176)
	at com.askimed.nf.test.core.TestExecutionEngine.execute(TestExecutionEngine.java:214)
	at com.askimed.nf.test.commands.RunTestsCommand.execute(RunTestsCommand.java:184)
	at com.askimed.nf.test.commands.AbstractCommand.call(AbstractCommand.java:41)
	at com.askimed.nf.test.commands.AbstractCommand.call(AbstractCommand.java:17)
	at picocli.CommandLine.executeUserObject(CommandLine.java:1953)
	at picocli.CommandLine.access$1300(CommandLine.java:145)
	at picocli.CommandLine$RunLast.executeUserObjectOfLastSubcommandWithSameParent(CommandLine.java:2352)
	at picocli.CommandLine$RunLast.handle(CommandLine.java:2346)
	at picocli.CommandLine$RunLast.handle(CommandLine.java:2311)
	at picocli.CommandLine$AbstractParseResultHandler.execute(CommandLine.java:2179)
	at picocli.CommandLine.execute(CommandLine.java:2078)
	at com.askimed.nf.test.App.run(App.java:44)
	at com.askimed.nf.test.App.main(App.java:51)
Mar-14 14:56:47.670 [main] INFO  com.askimed.nf.test.core.TestExecutionEngine - Run test 'cdc76ca0: Should run help with command'. type: com.askimed.nf.test.lang.workflow.WorkflowTest
Mar-14 14:56:53.903 [main] INFO  com.askimed.nf.test.core.TestExecutionEngine - Test 'cdc76ca0: Should run help with command' finished. status: FAILED
org.codehaus.groovy.runtime.powerassert.PowerAssertionError: 3 of 5 assertions failed
	at com.askimed.nf.test.lang.extensions.GlobalMethods.assertAll(GlobalMethods.java:48)
	at jdk.internal.reflect.GeneratedMethodAccessor11.invoke(Unknown Source)
	at java.base/jdk.internal.reflect.DelegatingMethodAccessorImpl.invoke(DelegatingMethodAccessorImpl.java:43)
	at java.base/java.lang.reflect.Method.invoke(Method.java:566)
	at org.codehaus.groovy.reflection.CachedMethod.invoke(CachedMethod.java:107)
	at groovy.lang.MetaMethod.doMethodInvoke(MetaMethod.java:323)
	at org.codehaus.groovy.runtime.callsite.StaticMetaMethodSite.invoke(StaticMetaMethodSite.java:44)
	at org.codehaus.groovy.runtime.callsite.StaticMetaMethodSite.callStatic(StaticMetaMethodSite.java:100)
	at org.codehaus.groovy.runtime.callsite.CallSiteArray.defaultCallStatic(CallSiteArray.java:55)
	at org.codehaus.groovy.runtime.callsite.AbstractCallSite.callStatic(AbstractCallSite.java:217)
	at main_nf$_run_closure1$_closure4$_closure23.doCall(main.nf.test:114)
	at main_nf$_run_closure1$_closure4$_closure23.doCall(main.nf.test)
	at java.base/jdk.internal.reflect.NativeMethodAccessorImpl.invoke0(Native Method)
	at java.base/jdk.internal.reflect.NativeMethodAccessorImpl.invoke(NativeMethodAccessorImpl.java:62)
	at java.base/jdk.internal.reflect.DelegatingMethodAccessorImpl.invoke(DelegatingMethodAccessorImpl.java:43)
	at java.base/java.lang.reflect.Method.invoke(Method.java:566)
	at org.codehaus.groovy.reflection.CachedMethod.invoke(CachedMethod.java:107)
	at groovy.lang.MetaMethod.doMethodInvoke(MetaMethod.java:323)
	at org.codehaus.groovy.runtime.metaclass.ClosureMetaClass.invokeMethod(ClosureMetaClass.java:274)
	at groovy.lang.MetaClassImpl.invokeMethod(MetaClassImpl.java:1035)
	at groovy.lang.Closure.call(Closure.java:412)
	at groovy.lang.Closure.call(Closure.java:406)
	at com.askimed.nf.test.lang.TestCode.execute(TestCode.java:16)
	at com.askimed.nf.test.lang.workflow.WorkflowTest.execute(WorkflowTest.java:176)
	at com.askimed.nf.test.core.TestExecutionEngine.execute(TestExecutionEngine.java:214)
	at com.askimed.nf.test.commands.RunTestsCommand.execute(RunTestsCommand.java:184)
	at com.askimed.nf.test.commands.AbstractCommand.call(AbstractCommand.java:41)
	at com.askimed.nf.test.commands.AbstractCommand.call(AbstractCommand.java:17)
	at picocli.CommandLine.executeUserObject(CommandLine.java:1953)
	at picocli.CommandLine.access$1300(CommandLine.java:145)
	at picocli.CommandLine$RunLast.executeUserObjectOfLastSubcommandWithSameParent(CommandLine.java:2352)
	at picocli.CommandLine$RunLast.handle(CommandLine.java:2346)
	at picocli.CommandLine$RunLast.handle(CommandLine.java:2311)
	at picocli.CommandLine$AbstractParseResultHandler.execute(CommandLine.java:2179)
	at picocli.CommandLine.execute(CommandLine.java:2078)
	at com.askimed.nf.test.App.run(App.java:44)
	at com.askimed.nf.test.App.main(App.java:51)
Mar-14 14:56:53.904 [main] INFO  com.askimed.nf.test.core.TestExecutionEngine - Run test 'ceb193d6: Should run help with extra text'. type: com.askimed.nf.test.lang.workflow.WorkflowTest
Mar-14 14:56:59.573 [main] INFO  com.askimed.nf.test.core.TestExecutionEngine - Test 'ceb193d6: Should run help with extra text' finished. status: FAILED
org.codehaus.groovy.runtime.powerassert.PowerAssertionError: 5 of 7 assertions failed
	at com.askimed.nf.test.lang.extensions.GlobalMethods.assertAll(GlobalMethods.java:48)
	at jdk.internal.reflect.GeneratedMethodAccessor11.invoke(Unknown Source)
	at java.base/jdk.internal.reflect.DelegatingMethodAccessorImpl.invoke(DelegatingMethodAccessorImpl.java:43)
	at java.base/java.lang.reflect.Method.invoke(Method.java:566)
	at org.codehaus.groovy.reflection.CachedMethod.invoke(CachedMethod.java:107)
	at groovy.lang.MetaMethod.doMethodInvoke(MetaMethod.java:323)
	at org.codehaus.groovy.runtime.callsite.StaticMetaMethodSite.invoke(StaticMetaMethodSite.java:44)
	at org.codehaus.groovy.runtime.callsite.StaticMetaMethodSite.callStatic(StaticMetaMethodSite.java:100)
	at org.codehaus.groovy.runtime.callsite.CallSiteArray.defaultCallStatic(CallSiteArray.java:55)
	at org.codehaus.groovy.runtime.callsite.AbstractCallSite.callStatic(AbstractCallSite.java:217)
	at main_nf$_run_closure1$_closure5$_closure35.doCall(main.nf.test:153)
	at main_nf$_run_closure1$_closure5$_closure35.doCall(main.nf.test)
	at java.base/jdk.internal.reflect.NativeMethodAccessorImpl.invoke0(Native Method)
	at java.base/jdk.internal.reflect.NativeMethodAccessorImpl.invoke(NativeMethodAccessorImpl.java:62)
	at java.base/jdk.internal.reflect.DelegatingMethodAccessorImpl.invoke(DelegatingMethodAccessorImpl.java:43)
	at java.base/java.lang.reflect.Method.invoke(Method.java:566)
	at org.codehaus.groovy.reflection.CachedMethod.invoke(CachedMethod.java:107)
	at groovy.lang.MetaMethod.doMethodInvoke(MetaMethod.java:323)
	at org.codehaus.groovy.runtime.metaclass.ClosureMetaClass.invokeMethod(ClosureMetaClass.java:274)
	at groovy.lang.MetaClassImpl.invokeMethod(MetaClassImpl.java:1035)
	at groovy.lang.Closure.call(Closure.java:412)
	at groovy.lang.Closure.call(Closure.java:406)
	at com.askimed.nf.test.lang.TestCode.execute(TestCode.java:16)
	at com.askimed.nf.test.lang.workflow.WorkflowTest.execute(WorkflowTest.java:176)
	at com.askimed.nf.test.core.TestExecutionEngine.execute(TestExecutionEngine.java:214)
	at com.askimed.nf.test.commands.RunTestsCommand.execute(RunTestsCommand.java:184)
	at com.askimed.nf.test.commands.AbstractCommand.call(AbstractCommand.java:41)
	at com.askimed.nf.test.commands.AbstractCommand.call(AbstractCommand.java:17)
	at picocli.CommandLine.executeUserObject(CommandLine.java:1953)
	at picocli.CommandLine.access$1300(CommandLine.java:145)
	at picocli.CommandLine$RunLast.executeUserObjectOfLastSubcommandWithSameParent(CommandLine.java:2352)
	at picocli.CommandLine$RunLast.handle(CommandLine.java:2346)
	at picocli.CommandLine$RunLast.handle(CommandLine.java:2311)
	at picocli.CommandLine$AbstractParseResultHandler.execute(CommandLine.java:2179)
	at picocli.CommandLine.execute(CommandLine.java:2078)
	at com.askimed.nf.test.App.run(App.java:44)
	at com.askimed.nf.test.App.main(App.java:51)
Mar-14 14:56:59.574 [main] INFO  com.askimed.nf.test.core.TestExecutionEngine - Run test '566cc633: Should validate params'. type: com.askimed.nf.test.lang.workflow.WorkflowTest
Mar-14 14:57:05.272 [main] INFO  com.askimed.nf.test.core.TestExecutionEngine - Test '566cc633: Should validate params' finished. status: PASSED
Mar-14 14:57:05.272 [main] INFO  com.askimed.nf.test.core.TestExecutionEngine - Testsuite 'Test Workflow UTILS_NFVALIDATION_PLUGIN' finished. snapshot file: false, skipped tests: false, failed tests: true
Mar-14 14:57:05.272 [main] INFO  com.askimed.nf.test.core.TestExecutionEngine - Running testsuite 'Test pipeline' from file '/home/luisasantus/Desktop/multiplesequencealign/./tests/main.nf.test'.
Mar-14 14:57:05.272 [main] INFO  com.askimed.nf.test.core.TestExecutionEngine - Run test 'e094a244: Run with profile test'. type: com.askimed.nf.test.lang.pipeline.PipelineTest
Mar-14 14:57:29.716 [main] INFO  com.askimed.nf.test.core.TestExecutionEngine - Test 'e094a244: Run with profile test' finished. status: PASSED
Mar-14 14:57:29.716 [main] INFO  com.askimed.nf.test.core.TestExecutionEngine - Testsuite 'Test pipeline' finished. snapshot file: false, skipped tests: false, failed tests: false
Mar-14 14:57:29.716 [main] INFO  com.askimed.nf.test.core.TestExecutionEngine - Running testsuite 'Test Process LEARNMSA_ALIGN' from file '/home/luisasantus/Desktop/multiplesequencealign/./modules/nf-core/learnmsa/align/tests/main.nf.test'.
Mar-14 14:57:29.716 [main] INFO  com.askimed.nf.test.core.TestExecutionEngine - Run test 'e59a5150: sarscov2 - fasta'. type: com.askimed.nf.test.lang.process.ProcessTest
Mar-14 14:57:35.837 [main] INFO  com.askimed.nf.test.core.TestExecutionEngine - Test 'e59a5150: sarscov2 - fasta' finished. status: FAILED
org.codehaus.groovy.runtime.powerassert.PowerAssertionError: 3 of 3 assertions failed
	at com.askimed.nf.test.lang.extensions.GlobalMethods.assertAll(GlobalMethods.java:48)
	at jdk.internal.reflect.GeneratedMethodAccessor11.invoke(Unknown Source)
	at java.base/jdk.internal.reflect.DelegatingMethodAccessorImpl.invoke(DelegatingMethodAccessorImpl.java:43)
	at java.base/java.lang.reflect.Method.invoke(Method.java:566)
	at org.codehaus.groovy.reflection.CachedMethod.invoke(CachedMethod.java:107)
	at groovy.lang.MetaMethod.doMethodInvoke(MetaMethod.java:323)
	at org.codehaus.groovy.runtime.callsite.StaticMetaMethodSite.invoke(StaticMetaMethodSite.java:44)
	at org.codehaus.groovy.runtime.callsite.StaticMetaMethodSite.callStatic(StaticMetaMethodSite.java:100)
	at org.codehaus.groovy.runtime.callsite.CallSiteArray.defaultCallStatic(CallSiteArray.java:55)
	at org.codehaus.groovy.runtime.callsite.AbstractCallSite.callStatic(AbstractCallSite.java:217)
	at org.codehaus.groovy.runtime.callsite.AbstractCallSite.callStatic(AbstractCallSite.java:249)
	at main_nf$_run_closure1$_closure2$_closure4.doCall(main.nf.test:26)
	at main_nf$_run_closure1$_closure2$_closure4.doCall(main.nf.test)
	at java.base/jdk.internal.reflect.NativeMethodAccessorImpl.invoke0(Native Method)
	at java.base/jdk.internal.reflect.NativeMethodAccessorImpl.invoke(NativeMethodAccessorImpl.java:62)
	at java.base/jdk.internal.reflect.DelegatingMethodAccessorImpl.invoke(DelegatingMethodAccessorImpl.java:43)
	at java.base/java.lang.reflect.Method.invoke(Method.java:566)
	at org.codehaus.groovy.reflection.CachedMethod.invoke(CachedMethod.java:107)
	at groovy.lang.MetaMethod.doMethodInvoke(MetaMethod.java:323)
	at org.codehaus.groovy.runtime.metaclass.ClosureMetaClass.invokeMethod(ClosureMetaClass.java:274)
	at groovy.lang.MetaClassImpl.invokeMethod(MetaClassImpl.java:1035)
	at groovy.lang.Closure.call(Closure.java:412)
	at groovy.lang.Closure.call(Closure.java:406)
	at com.askimed.nf.test.lang.TestCode.execute(TestCode.java:16)
	at com.askimed.nf.test.lang.process.ProcessTest.execute(ProcessTest.java:169)
	at com.askimed.nf.test.core.TestExecutionEngine.execute(TestExecutionEngine.java:214)
	at com.askimed.nf.test.commands.RunTestsCommand.execute(RunTestsCommand.java:184)
	at com.askimed.nf.test.commands.AbstractCommand.call(AbstractCommand.java:41)
	at com.askimed.nf.test.commands.AbstractCommand.call(AbstractCommand.java:17)
	at picocli.CommandLine.executeUserObject(CommandLine.java:1953)
	at picocli.CommandLine.access$1300(CommandLine.java:145)
	at picocli.CommandLine$RunLast.executeUserObjectOfLastSubcommandWithSameParent(CommandLine.java:2352)
	at picocli.CommandLine$RunLast.handle(CommandLine.java:2346)
	at picocli.CommandLine$RunLast.handle(CommandLine.java:2311)
	at picocli.CommandLine$AbstractParseResultHandler.execute(CommandLine.java:2179)
	at picocli.CommandLine.execute(CommandLine.java:2078)
	at com.askimed.nf.test.App.run(App.java:44)
	at com.askimed.nf.test.App.main(App.java:51)
Mar-14 14:57:35.838 [main] INFO  com.askimed.nf.test.core.TestExecutionEngine - Testsuite 'Test Process LEARNMSA_ALIGN' finished. snapshot file: false, skipped tests: false, failed tests: true
Mar-14 14:57:35.838 [main] INFO  com.askimed.nf.test.core.TestExecutionEngine - Running testsuite 'Test Process MAFFT' from file '/home/luisasantus/Desktop/multiplesequencealign/./modules/nf-core/mafft/tests/main.nf.test'.
Mar-14 14:57:35.838 [main] INFO  com.askimed.nf.test.core.TestExecutionEngine - Run test '8cf14af7: SARS-CoV-2 scaffolds fasta'. type: com.askimed.nf.test.lang.process.ProcessTest
Mar-14 14:57:41.844 [main] INFO  com.askimed.nf.test.core.TestExecutionEngine - Test '8cf14af7: SARS-CoV-2 scaffolds fasta' finished. status: FAILED
org.codehaus.groovy.runtime.powerassert.PowerAssertionError: 2 of 2 assertions failed
	at com.askimed.nf.test.lang.extensions.GlobalMethods.assertAll(GlobalMethods.java:48)
	at jdk.internal.reflect.GeneratedMethodAccessor11.invoke(Unknown Source)
	at java.base/jdk.internal.reflect.DelegatingMethodAccessorImpl.invoke(DelegatingMethodAccessorImpl.java:43)
	at java.base/java.lang.reflect.Method.invoke(Method.java:566)
	at org.codehaus.groovy.reflection.CachedMethod.invoke(CachedMethod.java:107)
	at groovy.lang.MetaMethod.doMethodInvoke(MetaMethod.java:323)
	at org.codehaus.groovy.runtime.callsite.StaticMetaMethodSite.invoke(StaticMetaMethodSite.java:44)
	at org.codehaus.groovy.runtime.callsite.StaticMetaMethodSite.callStatic(StaticMetaMethodSite.java:100)
	at org.codehaus.groovy.runtime.callsite.CallSiteArray.defaultCallStatic(CallSiteArray.java:55)
	at org.codehaus.groovy.runtime.callsite.AbstractCallSite.callStatic(AbstractCallSite.java:217)
	at org.codehaus.groovy.runtime.callsite.AbstractCallSite.callStatic(AbstractCallSite.java:240)
	at main_nf$_run_closure1$_closure2$_closure10.doCall(main.nf.test:28)
	at main_nf$_run_closure1$_closure2$_closure10.doCall(main.nf.test)
	at java.base/jdk.internal.reflect.NativeMethodAccessorImpl.invoke0(Native Method)
	at java.base/jdk.internal.reflect.NativeMethodAccessorImpl.invoke(NativeMethodAccessorImpl.java:62)
	at java.base/jdk.internal.reflect.DelegatingMethodAccessorImpl.invoke(DelegatingMethodAccessorImpl.java:43)
	at java.base/java.lang.reflect.Method.invoke(Method.java:566)
	at org.codehaus.groovy.reflection.CachedMethod.invoke(CachedMethod.java:107)
	at groovy.lang.MetaMethod.doMethodInvoke(MetaMethod.java:323)
	at org.codehaus.groovy.runtime.metaclass.ClosureMetaClass.invokeMethod(ClosureMetaClass.java:274)
	at groovy.lang.MetaClassImpl.invokeMethod(MetaClassImpl.java:1035)
	at groovy.lang.Closure.call(Closure.java:412)
	at groovy.lang.Closure.call(Closure.java:406)
	at com.askimed.nf.test.lang.TestCode.execute(TestCode.java:16)
	at com.askimed.nf.test.lang.process.ProcessTest.execute(ProcessTest.java:169)
	at com.askimed.nf.test.core.TestExecutionEngine.execute(TestExecutionEngine.java:214)
	at com.askimed.nf.test.commands.RunTestsCommand.execute(RunTestsCommand.java:184)
	at com.askimed.nf.test.commands.AbstractCommand.call(AbstractCommand.java:41)
	at com.askimed.nf.test.commands.AbstractCommand.call(AbstractCommand.java:17)
	at picocli.CommandLine.executeUserObject(CommandLine.java:1953)
	at picocli.CommandLine.access$1300(CommandLine.java:145)
	at picocli.CommandLine$RunLast.executeUserObjectOfLastSubcommandWithSameParent(CommandLine.java:2352)
	at picocli.CommandLine$RunLast.handle(CommandLine.java:2346)
	at picocli.CommandLine$RunLast.handle(CommandLine.java:2311)
	at picocli.CommandLine$AbstractParseResultHandler.execute(CommandLine.java:2179)
	at picocli.CommandLine.execute(CommandLine.java:2078)
	at com.askimed.nf.test.App.run(App.java:44)
	at com.askimed.nf.test.App.main(App.java:51)
Mar-14 14:57:41.845 [main] INFO  com.askimed.nf.test.core.TestExecutionEngine - Run test 'c3586b9e: SARS-CoV-2 scaffolds fasta - add informative sites fasta normal'. type: com.askimed.nf.test.lang.process.ProcessTest
Mar-14 14:57:47.612 [main] INFO  com.askimed.nf.test.core.TestExecutionEngine - Test 'c3586b9e: SARS-CoV-2 scaffolds fasta - add informative sites fasta normal' finished. status: FAILED
org.codehaus.groovy.runtime.powerassert.PowerAssertionError: 2 of 2 assertions failed
	at com.askimed.nf.test.lang.extensions.GlobalMethods.assertAll(GlobalMethods.java:48)
	at jdk.internal.reflect.GeneratedMethodAccessor11.invoke(Unknown Source)
	at java.base/jdk.internal.reflect.DelegatingMethodAccessorImpl.invoke(DelegatingMethodAccessorImpl.java:43)
	at java.base/java.lang.reflect.Method.invoke(Method.java:566)
	at org.codehaus.groovy.reflection.CachedMethod.invoke(CachedMethod.java:107)
	at groovy.lang.MetaMethod.doMethodInvoke(MetaMethod.java:323)
	at org.codehaus.groovy.runtime.callsite.StaticMetaMethodSite.invoke(StaticMetaMethodSite.java:44)
	at org.codehaus.groovy.runtime.callsite.StaticMetaMethodSite.callStatic(StaticMetaMethodSite.java:100)
	at org.codehaus.groovy.runtime.callsite.CallSiteArray.defaultCallStatic(CallSiteArray.java:55)
	at org.codehaus.groovy.runtime.callsite.AbstractCallSite.callStatic(AbstractCallSite.java:217)
	at org.codehaus.groovy.runtime.callsite.AbstractCallSite.callStatic(AbstractCallSite.java:240)
	at main_nf$_run_closure1$_closure3$_closure15.doCall(main.nf.test:57)
	at main_nf$_run_closure1$_closure3$_closure15.doCall(main.nf.test)
	at java.base/jdk.internal.reflect.NativeMethodAccessorImpl.invoke0(Native Method)
	at java.base/jdk.internal.reflect.NativeMethodAccessorImpl.invoke(NativeMethodAccessorImpl.java:62)
	at java.base/jdk.internal.reflect.DelegatingMethodAccessorImpl.invoke(DelegatingMethodAccessorImpl.java:43)
	at java.base/java.lang.reflect.Method.invoke(Method.java:566)
	at org.codehaus.groovy.reflection.CachedMethod.invoke(CachedMethod.java:107)
	at groovy.lang.MetaMethod.doMethodInvoke(MetaMethod.java:323)
	at org.codehaus.groovy.runtime.metaclass.ClosureMetaClass.invokeMethod(ClosureMetaClass.java:274)
	at groovy.lang.MetaClassImpl.invokeMethod(MetaClassImpl.java:1035)
	at groovy.lang.Closure.call(Closure.java:412)
	at groovy.lang.Closure.call(Closure.java:406)
	at com.askimed.nf.test.lang.TestCode.execute(TestCode.java:16)
	at com.askimed.nf.test.lang.process.ProcessTest.execute(ProcessTest.java:169)
	at com.askimed.nf.test.core.TestExecutionEngine.execute(TestExecutionEngine.java:214)
	at com.askimed.nf.test.commands.RunTestsCommand.execute(RunTestsCommand.java:184)
	at com.askimed.nf.test.commands.AbstractCommand.call(AbstractCommand.java:41)
	at com.askimed.nf.test.commands.AbstractCommand.call(AbstractCommand.java:17)
	at picocli.CommandLine.executeUserObject(CommandLine.java:1953)
	at picocli.CommandLine.access$1300(CommandLine.java:145)
	at picocli.CommandLine$RunLast.executeUserObjectOfLastSubcommandWithSameParent(CommandLine.java:2352)
	at picocli.CommandLine$RunLast.handle(CommandLine.java:2346)
	at picocli.CommandLine$RunLast.handle(CommandLine.java:2311)
	at picocli.CommandLine$AbstractParseResultHandler.execute(CommandLine.java:2179)
	at picocli.CommandLine.execute(CommandLine.java:2078)
	at com.askimed.nf.test.App.run(App.java:44)
	at com.askimed.nf.test.App.main(App.java:51)
Mar-14 14:57:47.613 [main] INFO  com.askimed.nf.test.core.TestExecutionEngine - Run test '16dbcd18: SARS-CoV-2 scaffolds fasta - add informative sites fasta fragments'. type: com.askimed.nf.test.lang.process.ProcessTest
Mar-14 14:57:53.561 [main] INFO  com.askimed.nf.test.core.TestExecutionEngine - Test '16dbcd18: SARS-CoV-2 scaffolds fasta - add informative sites fasta fragments' finished. status: FAILED
org.codehaus.groovy.runtime.powerassert.PowerAssertionError: 2 of 2 assertions failed
	at com.askimed.nf.test.lang.extensions.GlobalMethods.assertAll(GlobalMethods.java:48)
	at jdk.internal.reflect.GeneratedMethodAccessor11.invoke(Unknown Source)
	at java.base/jdk.internal.reflect.DelegatingMethodAccessorImpl.invoke(DelegatingMethodAccessorImpl.java:43)
	at java.base/java.lang.reflect.Method.invoke(Method.java:566)
	at org.codehaus.groovy.reflection.CachedMethod.invoke(CachedMethod.java:107)
	at groovy.lang.MetaMethod.doMethodInvoke(MetaMethod.java:323)
	at org.codehaus.groovy.runtime.callsite.StaticMetaMethodSite.invoke(StaticMetaMethodSite.java:44)
	at org.codehaus.groovy.runtime.callsite.StaticMetaMethodSite.callStatic(StaticMetaMethodSite.java:100)
	at org.codehaus.groovy.runtime.callsite.CallSiteArray.defaultCallStatic(CallSiteArray.java:55)
	at org.codehaus.groovy.runtime.callsite.AbstractCallSite.callStatic(AbstractCallSite.java:217)
	at org.codehaus.groovy.runtime.callsite.AbstractCallSite.callStatic(AbstractCallSite.java:240)
	at main_nf$_run_closure1$_closure4$_closure20.doCall(main.nf.test:86)
	at main_nf$_run_closure1$_closure4$_closure20.doCall(main.nf.test)
	at java.base/jdk.internal.reflect.NativeMethodAccessorImpl.invoke0(Native Method)
	at java.base/jdk.internal.reflect.NativeMethodAccessorImpl.invoke(NativeMethodAccessorImpl.java:62)
	at java.base/jdk.internal.reflect.DelegatingMethodAccessorImpl.invoke(DelegatingMethodAccessorImpl.java:43)
	at java.base/java.lang.reflect.Method.invoke(Method.java:566)
	at org.codehaus.groovy.reflection.CachedMethod.invoke(CachedMethod.java:107)
	at groovy.lang.MetaMethod.doMethodInvoke(MetaMethod.java:323)
	at org.codehaus.groovy.runtime.metaclass.ClosureMetaClass.invokeMethod(ClosureMetaClass.java:274)
	at groovy.lang.MetaClassImpl.invokeMethod(MetaClassImpl.java:1035)
	at groovy.lang.Closure.call(Closure.java:412)
	at groovy.lang.Closure.call(Closure.java:406)
	at com.askimed.nf.test.lang.TestCode.execute(TestCode.java:16)
	at com.askimed.nf.test.lang.process.ProcessTest.execute(ProcessTest.java:169)
	at com.askimed.nf.test.core.TestExecutionEngine.execute(TestExecutionEngine.java:214)
	at com.askimed.nf.test.commands.RunTestsCommand.execute(RunTestsCommand.java:184)
	at com.askimed.nf.test.commands.AbstractCommand.call(AbstractCommand.java:41)
	at com.askimed.nf.test.commands.AbstractCommand.call(AbstractCommand.java:17)
	at picocli.CommandLine.executeUserObject(CommandLine.java:1953)
	at picocli.CommandLine.access$1300(CommandLine.java:145)
	at picocli.CommandLine$RunLast.executeUserObjectOfLastSubcommandWithSameParent(CommandLine.java:2352)
	at picocli.CommandLine$RunLast.handle(CommandLine.java:2346)
	at picocli.CommandLine$RunLast.handle(CommandLine.java:2311)
	at picocli.CommandLine$AbstractParseResultHandler.execute(CommandLine.java:2179)
	at picocli.CommandLine.execute(CommandLine.java:2078)
	at com.askimed.nf.test.App.run(App.java:44)
	at com.askimed.nf.test.App.main(App.java:51)
Mar-14 14:57:53.561 [main] INFO  com.askimed.nf.test.core.TestExecutionEngine - Run test 'f9f73dfc: SARS-CoV-2 scaffolds fasta - add informative sites fasta full'. type: com.askimed.nf.test.lang.process.ProcessTest
Mar-14 14:57:59.847 [main] INFO  com.askimed.nf.test.core.TestExecutionEngine - Test 'f9f73dfc: SARS-CoV-2 scaffolds fasta - add informative sites fasta full' finished. status: FAILED
org.codehaus.groovy.runtime.powerassert.PowerAssertionError: 2 of 2 assertions failed
	at com.askimed.nf.test.lang.extensions.GlobalMethods.assertAll(GlobalMethods.java:48)
	at jdk.internal.reflect.GeneratedMethodAccessor11.invoke(Unknown Source)
	at java.base/jdk.internal.reflect.DelegatingMethodAccessorImpl.invoke(DelegatingMethodAccessorImpl.java:43)
	at java.base/java.lang.reflect.Method.invoke(Method.java:566)
	at org.codehaus.groovy.reflection.CachedMethod.invoke(CachedMethod.java:107)
	at groovy.lang.MetaMethod.doMethodInvoke(MetaMethod.java:323)
	at org.codehaus.groovy.runtime.callsite.StaticMetaMethodSite.invoke(StaticMetaMethodSite.java:44)
	at org.codehaus.groovy.runtime.callsite.StaticMetaMethodSite.callStatic(StaticMetaMethodSite.java:100)
	at org.codehaus.groovy.runtime.callsite.CallSiteArray.defaultCallStatic(CallSiteArray.java:55)
	at org.codehaus.groovy.runtime.callsite.AbstractCallSite.callStatic(AbstractCallSite.java:217)
	at org.codehaus.groovy.runtime.callsite.AbstractCallSite.callStatic(AbstractCallSite.java:240)
	at main_nf$_run_closure1$_closure5$_closure25.doCall(main.nf.test:114)
	at main_nf$_run_closure1$_closure5$_closure25.doCall(main.nf.test)
	at java.base/jdk.internal.reflect.NativeMethodAccessorImpl.invoke0(Native Method)
	at java.base/jdk.internal.reflect.NativeMethodAccessorImpl.invoke(NativeMethodAccessorImpl.java:62)
	at java.base/jdk.internal.reflect.DelegatingMethodAccessorImpl.invoke(DelegatingMethodAccessorImpl.java:43)
	at java.base/java.lang.reflect.Method.invoke(Method.java:566)
	at org.codehaus.groovy.reflection.CachedMethod.invoke(CachedMethod.java:107)
	at groovy.lang.MetaMethod.doMethodInvoke(MetaMethod.java:323)
	at org.codehaus.groovy.runtime.metaclass.ClosureMetaClass.invokeMethod(ClosureMetaClass.java:274)
	at groovy.lang.MetaClassImpl.invokeMethod(MetaClassImpl.java:1035)
	at groovy.lang.Closure.call(Closure.java:412)
	at groovy.lang.Closure.call(Closure.java:406)
	at com.askimed.nf.test.lang.TestCode.execute(TestCode.java:16)
	at com.askimed.nf.test.lang.process.ProcessTest.execute(ProcessTest.java:169)
	at com.askimed.nf.test.core.TestExecutionEngine.execute(TestExecutionEngine.java:214)
	at com.askimed.nf.test.commands.RunTestsCommand.execute(RunTestsCommand.java:184)
	at com.askimed.nf.test.commands.AbstractCommand.call(AbstractCommand.java:41)
	at com.askimed.nf.test.commands.AbstractCommand.call(AbstractCommand.java:17)
	at picocli.CommandLine.executeUserObject(CommandLine.java:1953)
	at picocli.CommandLine.access$1300(CommandLine.java:145)
	at picocli.CommandLine$RunLast.executeUserObjectOfLastSubcommandWithSameParent(CommandLine.java:2352)
	at picocli.CommandLine$RunLast.handle(CommandLine.java:2346)
	at picocli.CommandLine$RunLast.handle(CommandLine.java:2311)
	at picocli.CommandLine$AbstractParseResultHandler.execute(CommandLine.java:2179)
	at picocli.CommandLine.execute(CommandLine.java:2078)
	at com.askimed.nf.test.App.run(App.java:44)
	at com.askimed.nf.test.App.main(App.java:51)
Mar-14 14:57:59.848 [main] INFO  com.askimed.nf.test.core.TestExecutionEngine - Run test '7a681fd2: SARS-CoV-2 scaffolds fasta - add informative sites fasta profile'. type: com.askimed.nf.test.lang.process.ProcessTest
Mar-14 14:58:05.752 [main] INFO  com.askimed.nf.test.core.TestExecutionEngine - Test '7a681fd2: SARS-CoV-2 scaffolds fasta - add informative sites fasta profile' finished. status: FAILED
org.codehaus.groovy.runtime.powerassert.PowerAssertionError: 2 of 2 assertions failed
	at com.askimed.nf.test.lang.extensions.GlobalMethods.assertAll(GlobalMethods.java:48)
	at jdk.internal.reflect.GeneratedMethodAccessor11.invoke(Unknown Source)
	at java.base/jdk.internal.reflect.DelegatingMethodAccessorImpl.invoke(DelegatingMethodAccessorImpl.java:43)
	at java.base/java.lang.reflect.Method.invoke(Method.java:566)
	at org.codehaus.groovy.reflection.CachedMethod.invoke(CachedMethod.java:107)
	at groovy.lang.MetaMethod.doMethodInvoke(MetaMethod.java:323)
	at org.codehaus.groovy.runtime.callsite.StaticMetaMethodSite.invoke(StaticMetaMethodSite.java:44)
	at org.codehaus.groovy.runtime.callsite.StaticMetaMethodSite.callStatic(StaticMetaMethodSite.java:100)
	at org.codehaus.groovy.runtime.callsite.CallSiteArray.defaultCallStatic(CallSiteArray.java:55)
	at org.codehaus.groovy.runtime.callsite.AbstractCallSite.callStatic(AbstractCallSite.java:217)
	at org.codehaus.groovy.runtime.callsite.AbstractCallSite.callStatic(AbstractCallSite.java:240)
	at main_nf$_run_closure1$_closure6$_closure30.doCall(main.nf.test:143)
	at main_nf$_run_closure1$_closure6$_closure30.doCall(main.nf.test)
	at java.base/jdk.internal.reflect.NativeMethodAccessorImpl.invoke0(Native Method)
	at java.base/jdk.internal.reflect.NativeMethodAccessorImpl.invoke(NativeMethodAccessorImpl.java:62)
	at java.base/jdk.internal.reflect.DelegatingMethodAccessorImpl.invoke(DelegatingMethodAccessorImpl.java:43)
	at java.base/java.lang.reflect.Method.invoke(Method.java:566)
	at org.codehaus.groovy.reflection.CachedMethod.invoke(CachedMethod.java:107)
	at groovy.lang.MetaMethod.doMethodInvoke(MetaMethod.java:323)
	at org.codehaus.groovy.runtime.metaclass.ClosureMetaClass.invokeMethod(ClosureMetaClass.java:274)
	at groovy.lang.MetaClassImpl.invokeMethod(MetaClassImpl.java:1035)
	at groovy.lang.Closure.call(Closure.java:412)
	at groovy.lang.Closure.call(Closure.java:406)
	at com.askimed.nf.test.lang.TestCode.execute(TestCode.java:16)
	at com.askimed.nf.test.lang.process.ProcessTest.execute(ProcessTest.java:169)
	at com.askimed.nf.test.core.TestExecutionEngine.execute(TestExecutionEngine.java:214)
	at com.askimed.nf.test.commands.RunTestsCommand.execute(RunTestsCommand.java:184)
	at com.askimed.nf.test.commands.AbstractCommand.call(AbstractCommand.java:41)
	at com.askimed.nf.test.commands.AbstractCommand.call(AbstractCommand.java:17)
	at picocli.CommandLine.executeUserObject(CommandLine.java:1953)
	at picocli.CommandLine.access$1300(CommandLine.java:145)
	at picocli.CommandLine$RunLast.executeUserObjectOfLastSubcommandWithSameParent(CommandLine.java:2352)
	at picocli.CommandLine$RunLast.handle(CommandLine.java:2346)
	at picocli.CommandLine$RunLast.handle(CommandLine.java:2311)
	at picocli.CommandLine$AbstractParseResultHandler.execute(CommandLine.java:2179)
	at picocli.CommandLine.execute(CommandLine.java:2078)
	at com.askimed.nf.test.App.run(App.java:44)
	at com.askimed.nf.test.App.main(App.java:51)
Mar-14 14:58:05.753 [main] INFO  com.askimed.nf.test.core.TestExecutionEngine - Run test 'c2387d83: SARS-CoV-2 scaffolds fasta - add informative sites fasta long'. type: com.askimed.nf.test.lang.process.ProcessTest
Mar-14 14:58:11.554 [main] INFO  com.askimed.nf.test.core.TestExecutionEngine - Test 'c2387d83: SARS-CoV-2 scaffolds fasta - add informative sites fasta long' finished. status: FAILED
org.codehaus.groovy.runtime.powerassert.PowerAssertionError: 2 of 2 assertions failed
	at com.askimed.nf.test.lang.extensions.GlobalMethods.assertAll(GlobalMethods.java:48)
	at jdk.internal.reflect.GeneratedMethodAccessor11.invoke(Unknown Source)
	at java.base/jdk.internal.reflect.DelegatingMethodAccessorImpl.invoke(DelegatingMethodAccessorImpl.java:43)
	at java.base/java.lang.reflect.Method.invoke(Method.java:566)
	at org.codehaus.groovy.reflection.CachedMethod.invoke(CachedMethod.java:107)
	at groovy.lang.MetaMethod.doMethodInvoke(MetaMethod.java:323)
	at org.codehaus.groovy.runtime.callsite.StaticMetaMethodSite.invoke(StaticMetaMethodSite.java:44)
	at org.codehaus.groovy.runtime.callsite.StaticMetaMethodSite.callStatic(StaticMetaMethodSite.java:100)
	at org.codehaus.groovy.runtime.callsite.CallSiteArray.defaultCallStatic(CallSiteArray.java:55)
	at org.codehaus.groovy.runtime.callsite.AbstractCallSite.callStatic(AbstractCallSite.java:217)
	at org.codehaus.groovy.runtime.callsite.AbstractCallSite.callStatic(AbstractCallSite.java:240)
	at main_nf$_run_closure1$_closure7$_closure35.doCall(main.nf.test:173)
	at main_nf$_run_closure1$_closure7$_closure35.doCall(main.nf.test)
	at java.base/jdk.internal.reflect.NativeMethodAccessorImpl.invoke0(Native Method)
	at java.base/jdk.internal.reflect.NativeMethodAccessorImpl.invoke(NativeMethodAccessorImpl.java:62)
	at java.base/jdk.internal.reflect.DelegatingMethodAccessorImpl.invoke(DelegatingMethodAccessorImpl.java:43)
	at java.base/java.lang.reflect.Method.invoke(Method.java:566)
	at org.codehaus.groovy.reflection.CachedMethod.invoke(CachedMethod.java:107)
	at groovy.lang.MetaMethod.doMethodInvoke(MetaMethod.java:323)
	at org.codehaus.groovy.runtime.metaclass.ClosureMetaClass.invokeMethod(ClosureMetaClass.java:274)
	at groovy.lang.MetaClassImpl.invokeMethod(MetaClassImpl.java:1035)
	at groovy.lang.Closure.call(Closure.java:412)
	at groovy.lang.Closure.call(Closure.java:406)
	at com.askimed.nf.test.lang.TestCode.execute(TestCode.java:16)
	at com.askimed.nf.test.lang.process.ProcessTest.execute(ProcessTest.java:169)
	at com.askimed.nf.test.core.TestExecutionEngine.execute(TestExecutionEngine.java:214)
	at com.askimed.nf.test.commands.RunTestsCommand.execute(RunTestsCommand.java:184)
	at com.askimed.nf.test.commands.AbstractCommand.call(AbstractCommand.java:41)
	at com.askimed.nf.test.commands.AbstractCommand.call(AbstractCommand.java:17)
	at picocli.CommandLine.executeUserObject(CommandLine.java:1953)
	at picocli.CommandLine.access$1300(CommandLine.java:145)
	at picocli.CommandLine$RunLast.executeUserObjectOfLastSubcommandWithSameParent(CommandLine.java:2352)
	at picocli.CommandLine$RunLast.handle(CommandLine.java:2346)
	at picocli.CommandLine$RunLast.handle(CommandLine.java:2311)
	at picocli.CommandLine$AbstractParseResultHandler.execute(CommandLine.java:2179)
	at picocli.CommandLine.execute(CommandLine.java:2078)
	at com.askimed.nf.test.App.run(App.java:44)
	at com.askimed.nf.test.App.main(App.java:51)
Mar-14 14:58:11.555 [main] INFO  com.askimed.nf.test.core.TestExecutionEngine - Run test '95e27dff: SARS-CoV-2 scaffolds fasta - add informative sites all sites fasta multiple'. type: com.askimed.nf.test.lang.process.ProcessTest
Mar-14 14:58:17.295 [main] INFO  com.askimed.nf.test.core.TestExecutionEngine - Test '95e27dff: SARS-CoV-2 scaffolds fasta - add informative sites all sites fasta multiple' finished. status: FAILED
org.codehaus.groovy.runtime.powerassert.PowerAssertionError: 2 of 2 assertions failed
	at com.askimed.nf.test.lang.extensions.GlobalMethods.assertAll(GlobalMethods.java:48)
	at jdk.internal.reflect.GeneratedMethodAccessor11.invoke(Unknown Source)
	at java.base/jdk.internal.reflect.DelegatingMethodAccessorImpl.invoke(DelegatingMethodAccessorImpl.java:43)
	at java.base/java.lang.reflect.Method.invoke(Method.java:566)
	at org.codehaus.groovy.reflection.CachedMethod.invoke(CachedMethod.java:107)
	at groovy.lang.MetaMethod.doMethodInvoke(MetaMethod.java:323)
	at org.codehaus.groovy.runtime.callsite.StaticMetaMethodSite.invoke(StaticMetaMethodSite.java:44)
	at org.codehaus.groovy.runtime.callsite.StaticMetaMethodSite.callStatic(StaticMetaMethodSite.java:100)
	at org.codehaus.groovy.runtime.callsite.CallSiteArray.defaultCallStatic(CallSiteArray.java:55)
	at org.codehaus.groovy.runtime.callsite.AbstractCallSite.callStatic(AbstractCallSite.java:217)
	at org.codehaus.groovy.runtime.callsite.AbstractCallSite.callStatic(AbstractCallSite.java:240)
	at main_nf$_run_closure1$_closure8$_closure40.doCall(main.nf.test:206)
	at main_nf$_run_closure1$_closure8$_closure40.doCall(main.nf.test)
	at java.base/jdk.internal.reflect.NativeMethodAccessorImpl.invoke0(Native Method)
	at java.base/jdk.internal.reflect.NativeMethodAccessorImpl.invoke(NativeMethodAccessorImpl.java:62)
	at java.base/jdk.internal.reflect.DelegatingMethodAccessorImpl.invoke(DelegatingMethodAccessorImpl.java:43)
	at java.base/java.lang.reflect.Method.invoke(Method.java:566)
	at org.codehaus.groovy.reflection.CachedMethod.invoke(CachedMethod.java:107)
	at groovy.lang.MetaMethod.doMethodInvoke(MetaMethod.java:323)
	at org.codehaus.groovy.runtime.metaclass.ClosureMetaClass.invokeMethod(ClosureMetaClass.java:274)
	at groovy.lang.MetaClassImpl.invokeMethod(MetaClassImpl.java:1035)
	at groovy.lang.Closure.call(Closure.java:412)
	at groovy.lang.Closure.call(Closure.java:406)
	at com.askimed.nf.test.lang.TestCode.execute(TestCode.java:16)
	at com.askimed.nf.test.lang.process.ProcessTest.execute(ProcessTest.java:169)
	at com.askimed.nf.test.core.TestExecutionEngine.execute(TestExecutionEngine.java:214)
	at com.askimed.nf.test.commands.RunTestsCommand.execute(RunTestsCommand.java:184)
	at com.askimed.nf.test.commands.AbstractCommand.call(AbstractCommand.java:41)
	at com.askimed.nf.test.commands.AbstractCommand.call(AbstractCommand.java:17)
	at picocli.CommandLine.executeUserObject(CommandLine.java:1953)
	at picocli.CommandLine.access$1300(CommandLine.java:145)
	at picocli.CommandLine$RunLast.executeUserObjectOfLastSubcommandWithSameParent(CommandLine.java:2352)
	at picocli.CommandLine$RunLast.handle(CommandLine.java:2346)
	at picocli.CommandLine$RunLast.handle(CommandLine.java:2311)
	at picocli.CommandLine$AbstractParseResultHandler.execute(CommandLine.java:2179)
	at picocli.CommandLine.execute(CommandLine.java:2078)
	at com.askimed.nf.test.App.run(App.java:44)
	at com.askimed.nf.test.App.main(App.java:51)
Mar-14 14:58:17.295 [main] INFO  com.askimed.nf.test.core.TestExecutionEngine - Testsuite 'Test Process MAFFT' finished. snapshot file: false, skipped tests: false, failed tests: true
Mar-14 14:58:17.295 [main] INFO  com.askimed.nf.test.core.TestExecutionEngine - Running testsuite 'Test Process MULTIQC' from file '/home/luisasantus/Desktop/multiplesequencealign/./modules/nf-core/multiqc/tests/main.nf.test'.
Mar-14 14:58:17.295 [main] INFO  com.askimed.nf.test.core.TestExecutionEngine - Run test 'd9ccb2e3: sarscov2 single-end [fastqc]'. type: com.askimed.nf.test.lang.process.ProcessTest
Mar-14 14:58:23.090 [main] INFO  com.askimed.nf.test.core.TestExecutionEngine - Test 'd9ccb2e3: sarscov2 single-end [fastqc]' finished. status: FAILED
org.codehaus.groovy.runtime.powerassert.PowerAssertionError: 4 of 4 assertions failed
	at com.askimed.nf.test.lang.extensions.GlobalMethods.assertAll(GlobalMethods.java:48)
	at jdk.internal.reflect.GeneratedMethodAccessor11.invoke(Unknown Source)
	at java.base/jdk.internal.reflect.DelegatingMethodAccessorImpl.invoke(DelegatingMethodAccessorImpl.java:43)
	at java.base/java.lang.reflect.Method.invoke(Method.java:566)
	at org.codehaus.groovy.reflection.CachedMethod.invoke(CachedMethod.java:107)
	at groovy.lang.MetaMethod.doMethodInvoke(MetaMethod.java:323)
	at org.codehaus.groovy.runtime.callsite.StaticMetaMethodSite.invoke(StaticMetaMethodSite.java:44)
	at org.codehaus.groovy.runtime.callsite.StaticMetaMethodSite.callStatic(StaticMetaMethodSite.java:100)
	at org.codehaus.groovy.runtime.callsite.CallSiteArray.defaultCallStatic(CallSiteArray.java:55)
	at org.codehaus.groovy.runtime.callsite.AbstractCallSite.callStatic(AbstractCallSite.java:217)
	at org.codehaus.groovy.runtime.callsite.AbstractCallSite.callStatic(AbstractCallSite.java:258)
	at main_nf$_run_closure1$_closure2$_closure6.doCall(main.nf.test:25)
	at main_nf$_run_closure1$_closure2$_closure6.doCall(main.nf.test)
	at java.base/jdk.internal.reflect.NativeMethodAccessorImpl.invoke0(Native Method)
	at java.base/jdk.internal.reflect.NativeMethodAccessorImpl.invoke(NativeMethodAccessorImpl.java:62)
	at java.base/jdk.internal.reflect.DelegatingMethodAccessorImpl.invoke(DelegatingMethodAccessorImpl.java:43)
	at java.base/java.lang.reflect.Method.invoke(Method.java:566)
	at org.codehaus.groovy.reflection.CachedMethod.invoke(CachedMethod.java:107)
	at groovy.lang.MetaMethod.doMethodInvoke(MetaMethod.java:323)
	at org.codehaus.groovy.runtime.metaclass.ClosureMetaClass.invokeMethod(ClosureMetaClass.java:274)
	at groovy.lang.MetaClassImpl.invokeMethod(MetaClassImpl.java:1035)
	at groovy.lang.Closure.call(Closure.java:412)
	at groovy.lang.Closure.call(Closure.java:406)
	at com.askimed.nf.test.lang.TestCode.execute(TestCode.java:16)
	at com.askimed.nf.test.lang.process.ProcessTest.execute(ProcessTest.java:169)
	at com.askimed.nf.test.core.TestExecutionEngine.execute(TestExecutionEngine.java:214)
	at com.askimed.nf.test.commands.RunTestsCommand.execute(RunTestsCommand.java:184)
	at com.askimed.nf.test.commands.AbstractCommand.call(AbstractCommand.java:41)
	at com.askimed.nf.test.commands.AbstractCommand.call(AbstractCommand.java:17)
	at picocli.CommandLine.executeUserObject(CommandLine.java:1953)
	at picocli.CommandLine.access$1300(CommandLine.java:145)
	at picocli.CommandLine$RunLast.executeUserObjectOfLastSubcommandWithSameParent(CommandLine.java:2352)
	at picocli.CommandLine$RunLast.handle(CommandLine.java:2346)
	at picocli.CommandLine$RunLast.handle(CommandLine.java:2311)
	at picocli.CommandLine$AbstractParseResultHandler.execute(CommandLine.java:2179)
	at picocli.CommandLine.execute(CommandLine.java:2078)
	at com.askimed.nf.test.App.run(App.java:44)
	at com.askimed.nf.test.App.main(App.java:51)
Mar-14 14:58:23.090 [main] INFO  com.askimed.nf.test.core.TestExecutionEngine - Run test '575c4f30: sarscov2 single-end [fastqc] [config]'. type: com.askimed.nf.test.lang.process.ProcessTest
Mar-14 14:58:28.634 [main] INFO  com.askimed.nf.test.core.TestExecutionEngine - Test '575c4f30: sarscov2 single-end [fastqc] [config]' finished. status: FAILED
org.codehaus.groovy.runtime.powerassert.PowerAssertionError: 4 of 4 assertions failed
	at com.askimed.nf.test.lang.extensions.GlobalMethods.assertAll(GlobalMethods.java:48)
	at jdk.internal.reflect.GeneratedMethodAccessor11.invoke(Unknown Source)
	at java.base/jdk.internal.reflect.DelegatingMethodAccessorImpl.invoke(DelegatingMethodAccessorImpl.java:43)
	at java.base/java.lang.reflect.Method.invoke(Method.java:566)
	at org.codehaus.groovy.reflection.CachedMethod.invoke(CachedMethod.java:107)
	at groovy.lang.MetaMethod.doMethodInvoke(MetaMethod.java:323)
	at org.codehaus.groovy.runtime.callsite.StaticMetaMethodSite.invoke(StaticMetaMethodSite.java:44)
	at org.codehaus.groovy.runtime.callsite.StaticMetaMethodSite.callStatic(StaticMetaMethodSite.java:100)
	at org.codehaus.groovy.runtime.callsite.CallSiteArray.defaultCallStatic(CallSiteArray.java:55)
	at org.codehaus.groovy.runtime.callsite.AbstractCallSite.callStatic(AbstractCallSite.java:217)
	at org.codehaus.groovy.runtime.callsite.AbstractCallSite.callStatic(AbstractCallSite.java:258)
	at main_nf$_run_closure1$_closure3$_closure13.doCall(main.nf.test:49)
	at main_nf$_run_closure1$_closure3$_closure13.doCall(main.nf.test)
	at java.base/jdk.internal.reflect.NativeMethodAccessorImpl.invoke0(Native Method)
	at java.base/jdk.internal.reflect.NativeMethodAccessorImpl.invoke(NativeMethodAccessorImpl.java:62)
	at java.base/jdk.internal.reflect.DelegatingMethodAccessorImpl.invoke(DelegatingMethodAccessorImpl.java:43)
	at java.base/java.lang.reflect.Method.invoke(Method.java:566)
	at org.codehaus.groovy.reflection.CachedMethod.invoke(CachedMethod.java:107)
	at groovy.lang.MetaMethod.doMethodInvoke(MetaMethod.java:323)
	at org.codehaus.groovy.runtime.metaclass.ClosureMetaClass.invokeMethod(ClosureMetaClass.java:274)
	at groovy.lang.MetaClassImpl.invokeMethod(MetaClassImpl.java:1035)
	at groovy.lang.Closure.call(Closure.java:412)
	at groovy.lang.Closure.call(Closure.java:406)
	at com.askimed.nf.test.lang.TestCode.execute(TestCode.java:16)
	at com.askimed.nf.test.lang.process.ProcessTest.execute(ProcessTest.java:169)
	at com.askimed.nf.test.core.TestExecutionEngine.execute(TestExecutionEngine.java:214)
	at com.askimed.nf.test.commands.RunTestsCommand.execute(RunTestsCommand.java:184)
	at com.askimed.nf.test.commands.AbstractCommand.call(AbstractCommand.java:41)
	at com.askimed.nf.test.commands.AbstractCommand.call(AbstractCommand.java:17)
	at picocli.CommandLine.executeUserObject(CommandLine.java:1953)
	at picocli.CommandLine.access$1300(CommandLine.java:145)
	at picocli.CommandLine$RunLast.executeUserObjectOfLastSubcommandWithSameParent(CommandLine.java:2352)
	at picocli.CommandLine$RunLast.handle(CommandLine.java:2346)
	at picocli.CommandLine$RunLast.handle(CommandLine.java:2311)
	at picocli.CommandLine$AbstractParseResultHandler.execute(CommandLine.java:2179)
	at picocli.CommandLine.execute(CommandLine.java:2078)
	at com.askimed.nf.test.App.run(App.java:44)
	at com.askimed.nf.test.App.main(App.java:51)
Mar-14 14:58:28.635 [main] INFO  com.askimed.nf.test.core.TestExecutionEngine - Run test 'beb26ac6: sarscov2 single-end [fastqc] - stub'. type: com.askimed.nf.test.lang.process.ProcessTest
Mar-14 14:58:34.285 [main] INFO  com.askimed.nf.test.core.TestExecutionEngine - Test 'beb26ac6: sarscov2 single-end [fastqc] - stub' finished. status: FAILED
org.codehaus.groovy.runtime.powerassert.PowerAssertionError: 2 of 2 assertions failed
	at com.askimed.nf.test.lang.extensions.GlobalMethods.assertAll(GlobalMethods.java:48)
	at jdk.internal.reflect.GeneratedMethodAccessor11.invoke(Unknown Source)
	at java.base/jdk.internal.reflect.DelegatingMethodAccessorImpl.invoke(DelegatingMethodAccessorImpl.java:43)
	at java.base/java.lang.reflect.Method.invoke(Method.java:566)
	at org.codehaus.groovy.reflection.CachedMethod.invoke(CachedMethod.java:107)
	at groovy.lang.MetaMethod.doMethodInvoke(MetaMethod.java:323)
	at org.codehaus.groovy.runtime.callsite.StaticMetaMethodSite.invoke(StaticMetaMethodSite.java:44)
	at org.codehaus.groovy.runtime.callsite.StaticMetaMethodSite.callStatic(StaticMetaMethodSite.java:100)
	at org.codehaus.groovy.runtime.callsite.CallSiteArray.defaultCallStatic(CallSiteArray.java:55)
	at org.codehaus.groovy.runtime.callsite.AbstractCallSite.callStatic(AbstractCallSite.java:217)
	at org.codehaus.groovy.runtime.callsite.AbstractCallSite.callStatic(AbstractCallSite.java:240)
	at main_nf$_run_closure1$_closure4$_closure20.doCall(main.nf.test:74)
	at main_nf$_run_closure1$_closure4$_closure20.doCall(main.nf.test)
	at java.base/jdk.internal.reflect.NativeMethodAccessorImpl.invoke0(Native Method)
	at java.base/jdk.internal.reflect.NativeMethodAccessorImpl.invoke(NativeMethodAccessorImpl.java:62)
	at java.base/jdk.internal.reflect.DelegatingMethodAccessorImpl.invoke(DelegatingMethodAccessorImpl.java:43)
	at java.base/java.lang.reflect.Method.invoke(Method.java:566)
	at org.codehaus.groovy.reflection.CachedMethod.invoke(CachedMethod.java:107)
	at groovy.lang.MetaMethod.doMethodInvoke(MetaMethod.java:323)
	at org.codehaus.groovy.runtime.metaclass.ClosureMetaClass.invokeMethod(ClosureMetaClass.java:274)
	at groovy.lang.MetaClassImpl.invokeMethod(MetaClassImpl.java:1035)
	at groovy.lang.Closure.call(Closure.java:412)
	at groovy.lang.Closure.call(Closure.java:406)
	at com.askimed.nf.test.lang.TestCode.execute(TestCode.java:16)
	at com.askimed.nf.test.lang.process.ProcessTest.execute(ProcessTest.java:169)
	at com.askimed.nf.test.core.TestExecutionEngine.execute(TestExecutionEngine.java:214)
	at com.askimed.nf.test.commands.RunTestsCommand.execute(RunTestsCommand.java:184)
	at com.askimed.nf.test.commands.AbstractCommand.call(AbstractCommand.java:41)
	at com.askimed.nf.test.commands.AbstractCommand.call(AbstractCommand.java:17)
	at picocli.CommandLine.executeUserObject(CommandLine.java:1953)
	at picocli.CommandLine.access$1300(CommandLine.java:145)
	at picocli.CommandLine$RunLast.executeUserObjectOfLastSubcommandWithSameParent(CommandLine.java:2352)
	at picocli.CommandLine$RunLast.handle(CommandLine.java:2346)
	at picocli.CommandLine$RunLast.handle(CommandLine.java:2311)
	at picocli.CommandLine$AbstractParseResultHandler.execute(CommandLine.java:2179)
	at picocli.CommandLine.execute(CommandLine.java:2078)
	at com.askimed.nf.test.App.run(App.java:44)
	at com.askimed.nf.test.App.main(App.java:51)
Mar-14 14:58:34.286 [main] INFO  com.askimed.nf.test.core.TestExecutionEngine - Testsuite 'Test Process MULTIQC' finished. snapshot file: false, skipped tests: false, failed tests: true
Mar-14 14:58:34.286 [main] INFO  com.askimed.nf.test.core.TestExecutionEngine - Running testsuite 'Test Process MUSCLE5_SUPER5' from file '/home/luisasantus/Desktop/multiplesequencealign/./modules/nf-core/muscle5/super5/tests/main.nf.test'.
Mar-14 14:58:34.286 [main] INFO  com.askimed.nf.test.core.TestExecutionEngine - Run test 'e5d08917: sarscov2 - fasta'. type: com.askimed.nf.test.lang.process.ProcessTest
Mar-14 14:58:40.056 [main] INFO  com.askimed.nf.test.core.TestExecutionEngine - Test 'e5d08917: sarscov2 - fasta' finished. status: FAILED
org.codehaus.groovy.runtime.powerassert.PowerAssertionError: 6 of 6 assertions failed
	at com.askimed.nf.test.lang.extensions.GlobalMethods.assertAll(GlobalMethods.java:48)
	at jdk.internal.reflect.GeneratedMethodAccessor11.invoke(Unknown Source)
	at java.base/jdk.internal.reflect.DelegatingMethodAccessorImpl.invoke(DelegatingMethodAccessorImpl.java:43)
	at java.base/java.lang.reflect.Method.invoke(Method.java:566)
	at org.codehaus.groovy.reflection.CachedMethod.invoke(CachedMethod.java:107)
	at groovy.lang.MetaMethod.doMethodInvoke(MetaMethod.java:323)
	at org.codehaus.groovy.runtime.callsite.StaticMetaMethodSite.invoke(StaticMetaMethodSite.java:44)
	at org.codehaus.groovy.runtime.callsite.StaticMetaMethodSite.callStatic(StaticMetaMethodSite.java:100)
	at org.codehaus.groovy.runtime.callsite.CallSiteArray.defaultCallStatic(CallSiteArray.java:55)
	at org.codehaus.groovy.runtime.callsite.AbstractCallSite.callStatic(AbstractCallSite.java:217)
	at main_nf$_run_closure1$_closure2$_closure4.doCall(main.nf.test:26)
	at main_nf$_run_closure1$_closure2$_closure4.doCall(main.nf.test)
	at java.base/jdk.internal.reflect.NativeMethodAccessorImpl.invoke0(Native Method)
	at java.base/jdk.internal.reflect.NativeMethodAccessorImpl.invoke(NativeMethodAccessorImpl.java:62)
	at java.base/jdk.internal.reflect.DelegatingMethodAccessorImpl.invoke(DelegatingMethodAccessorImpl.java:43)
	at java.base/java.lang.reflect.Method.invoke(Method.java:566)
	at org.codehaus.groovy.reflection.CachedMethod.invoke(CachedMethod.java:107)
	at groovy.lang.MetaMethod.doMethodInvoke(MetaMethod.java:323)
	at org.codehaus.groovy.runtime.metaclass.ClosureMetaClass.invokeMethod(ClosureMetaClass.java:274)
	at groovy.lang.MetaClassImpl.invokeMethod(MetaClassImpl.java:1035)
	at groovy.lang.Closure.call(Closure.java:412)
	at groovy.lang.Closure.call(Closure.java:406)
	at com.askimed.nf.test.lang.TestCode.execute(TestCode.java:16)
	at com.askimed.nf.test.lang.process.ProcessTest.execute(ProcessTest.java:169)
	at com.askimed.nf.test.core.TestExecutionEngine.execute(TestExecutionEngine.java:214)
	at com.askimed.nf.test.commands.RunTestsCommand.execute(RunTestsCommand.java:184)
	at com.askimed.nf.test.commands.AbstractCommand.call(AbstractCommand.java:41)
	at com.askimed.nf.test.commands.AbstractCommand.call(AbstractCommand.java:17)
	at picocli.CommandLine.executeUserObject(CommandLine.java:1953)
	at picocli.CommandLine.access$1300(CommandLine.java:145)
	at picocli.CommandLine$RunLast.executeUserObjectOfLastSubcommandWithSameParent(CommandLine.java:2352)
	at picocli.CommandLine$RunLast.handle(CommandLine.java:2346)
	at picocli.CommandLine$RunLast.handle(CommandLine.java:2311)
	at picocli.CommandLine$AbstractParseResultHandler.execute(CommandLine.java:2179)
	at picocli.CommandLine.execute(CommandLine.java:2078)
	at com.askimed.nf.test.App.run(App.java:44)
	at com.askimed.nf.test.App.main(App.java:51)
Mar-14 14:58:40.058 [main] INFO  com.askimed.nf.test.core.TestExecutionEngine - Testsuite 'Test Process MUSCLE5_SUPER5' finished. snapshot file: false, skipped tests: false, failed tests: true
Mar-14 14:58:40.058 [main] INFO  com.askimed.nf.test.core.TestExecutionEngine - Running testsuite 'Test Process TCOFFEE_ALIGN' from file '/home/luisasantus/Desktop/multiplesequencealign/./modules/nf-core/tcoffee/align/tests/main.nf.test'.
Mar-14 14:58:40.059 [main] INFO  com.askimed.nf.test.core.TestExecutionEngine - Run test 'cad11602: fasta - align_sequence'. type: com.askimed.nf.test.lang.process.ProcessTest
Mar-14 14:58:46.937 [main] DEBUG com.askimed.nf.test.lang.extensions.SnapshotFile - Load snapshots from file '/home/luisasantus/Desktop/multiplesequencealign/./modules/nf-core/tcoffee/align/tests/main.nf.test.snap'
Mar-14 14:58:46.937 [main] DEBUG com.askimed.nf.test.lang.extensions.Snapshot - Snapshot 'alignment' not found.
Mar-14 14:58:46.938 [main] DEBUG com.askimed.nf.test.lang.extensions.SnapshotFile - Created snapshot 'alignment'
Mar-14 14:58:46.942 [main] DEBUG com.askimed.nf.test.lang.extensions.SnapshotFile - Wrote snapshots to file '/home/luisasantus/Desktop/multiplesequencealign/./modules/nf-core/tcoffee/align/tests/main.nf.test.snap'
Mar-14 14:58:46.950 [main] DEBUG com.askimed.nf.test.lang.extensions.Snapshot - Snapshots 'versions' do not match.
Mar-14 14:58:46.951 [main] INFO  com.askimed.nf.test.core.TestExecutionEngine - Test 'cad11602: fasta - align_sequence' finished. status: FAILED
org.codehaus.groovy.runtime.powerassert.PowerAssertionError: 1 of 3 assertions failed
	at com.askimed.nf.test.lang.extensions.GlobalMethods.assertAll(GlobalMethods.java:48)
	at jdk.internal.reflect.GeneratedMethodAccessor11.invoke(Unknown Source)
	at java.base/jdk.internal.reflect.DelegatingMethodAccessorImpl.invoke(DelegatingMethodAccessorImpl.java:43)
	at java.base/java.lang.reflect.Method.invoke(Method.java:566)
	at org.codehaus.groovy.reflection.CachedMethod.invoke(CachedMethod.java:107)
	at groovy.lang.MetaMethod.doMethodInvoke(MetaMethod.java:323)
	at org.codehaus.groovy.runtime.callsite.StaticMetaMethodSite.invoke(StaticMetaMethodSite.java:44)
	at org.codehaus.groovy.runtime.callsite.StaticMetaMethodSite.callStatic(StaticMetaMethodSite.java:100)
	at org.codehaus.groovy.runtime.callsite.CallSiteArray.defaultCallStatic(CallSiteArray.java:55)
	at org.codehaus.groovy.runtime.callsite.AbstractCallSite.callStatic(AbstractCallSite.java:217)
	at org.codehaus.groovy.runtime.callsite.AbstractCallSite.callStatic(AbstractCallSite.java:249)
	at main_nf$_run_closure1$_closure2$_closure6.doCall(main.nf.test:29)
	at main_nf$_run_closure1$_closure2$_closure6.doCall(main.nf.test)
	at java.base/jdk.internal.reflect.NativeMethodAccessorImpl.invoke0(Native Method)
	at java.base/jdk.internal.reflect.NativeMethodAccessorImpl.invoke(NativeMethodAccessorImpl.java:62)
	at java.base/jdk.internal.reflect.DelegatingMethodAccessorImpl.invoke(DelegatingMethodAccessorImpl.java:43)
	at java.base/java.lang.reflect.Method.invoke(Method.java:566)
	at org.codehaus.groovy.reflection.CachedMethod.invoke(CachedMethod.java:107)
	at groovy.lang.MetaMethod.doMethodInvoke(MetaMethod.java:323)
	at org.codehaus.groovy.runtime.metaclass.ClosureMetaClass.invokeMethod(ClosureMetaClass.java:274)
	at groovy.lang.MetaClassImpl.invokeMethod(MetaClassImpl.java:1035)
	at groovy.lang.Closure.call(Closure.java:412)
	at groovy.lang.Closure.call(Closure.java:406)
	at com.askimed.nf.test.lang.TestCode.execute(TestCode.java:16)
	at com.askimed.nf.test.lang.process.ProcessTest.execute(ProcessTest.java:169)
	at com.askimed.nf.test.core.TestExecutionEngine.execute(TestExecutionEngine.java:214)
	at com.askimed.nf.test.commands.RunTestsCommand.execute(RunTestsCommand.java:184)
	at com.askimed.nf.test.commands.AbstractCommand.call(AbstractCommand.java:41)
	at com.askimed.nf.test.commands.AbstractCommand.call(AbstractCommand.java:17)
	at picocli.CommandLine.executeUserObject(CommandLine.java:1953)
	at picocli.CommandLine.access$1300(CommandLine.java:145)
	at picocli.CommandLine$RunLast.executeUserObjectOfLastSubcommandWithSameParent(CommandLine.java:2352)
	at picocli.CommandLine$RunLast.handle(CommandLine.java:2346)
	at picocli.CommandLine$RunLast.handle(CommandLine.java:2311)
	at picocli.CommandLine$AbstractParseResultHandler.execute(CommandLine.java:2179)
	at picocli.CommandLine.execute(CommandLine.java:2078)
	at com.askimed.nf.test.App.run(App.java:44)
	at com.askimed.nf.test.App.main(App.java:51)
Mar-14 14:58:46.952 [main] INFO  com.askimed.nf.test.core.TestExecutionEngine - Run test '60a38341: sarscov2 - fasta - align_with_guide_tree'. type: com.askimed.nf.test.lang.process.ProcessTest
Mar-14 14:58:52.619 [main] INFO  com.askimed.nf.test.core.TestExecutionEngine - Test '60a38341: sarscov2 - fasta - align_with_guide_tree' finished. status: FAILED
org.codehaus.groovy.runtime.powerassert.PowerAssertionError: 3 of 3 assertions failed
	at com.askimed.nf.test.lang.extensions.GlobalMethods.assertAll(GlobalMethods.java:48)
	at jdk.internal.reflect.GeneratedMethodAccessor11.invoke(Unknown Source)
	at java.base/jdk.internal.reflect.DelegatingMethodAccessorImpl.invoke(DelegatingMethodAccessorImpl.java:43)
	at java.base/java.lang.reflect.Method.invoke(Method.java:566)
	at org.codehaus.groovy.reflection.CachedMethod.invoke(CachedMethod.java:107)
	at groovy.lang.MetaMethod.doMethodInvoke(MetaMethod.java:323)
	at org.codehaus.groovy.runtime.callsite.StaticMetaMethodSite.invoke(StaticMetaMethodSite.java:44)
	at org.codehaus.groovy.runtime.callsite.StaticMetaMethodSite.callStatic(StaticMetaMethodSite.java:100)
	at org.codehaus.groovy.runtime.callsite.CallSiteArray.defaultCallStatic(CallSiteArray.java:55)
	at org.codehaus.groovy.runtime.callsite.AbstractCallSite.callStatic(AbstractCallSite.java:217)
	at org.codehaus.groovy.runtime.callsite.AbstractCallSite.callStatic(AbstractCallSite.java:249)
	at main_nf$_run_closure1$_closure3$_closure13.doCall(main.nf.test:69)
	at main_nf$_run_closure1$_closure3$_closure13.doCall(main.nf.test)
	at java.base/jdk.internal.reflect.NativeMethodAccessorImpl.invoke0(Native Method)
	at java.base/jdk.internal.reflect.NativeMethodAccessorImpl.invoke(NativeMethodAccessorImpl.java:62)
	at java.base/jdk.internal.reflect.DelegatingMethodAccessorImpl.invoke(DelegatingMethodAccessorImpl.java:43)
	at java.base/java.lang.reflect.Method.invoke(Method.java:566)
	at org.codehaus.groovy.reflection.CachedMethod.invoke(CachedMethod.java:107)
	at groovy.lang.MetaMethod.doMethodInvoke(MetaMethod.java:323)
	at org.codehaus.groovy.runtime.metaclass.ClosureMetaClass.invokeMethod(ClosureMetaClass.java:274)
	at groovy.lang.MetaClassImpl.invokeMethod(MetaClassImpl.java:1035)
	at groovy.lang.Closure.call(Closure.java:412)
	at groovy.lang.Closure.call(Closure.java:406)
	at com.askimed.nf.test.lang.TestCode.execute(TestCode.java:16)
	at com.askimed.nf.test.lang.process.ProcessTest.execute(ProcessTest.java:169)
	at com.askimed.nf.test.core.TestExecutionEngine.execute(TestExecutionEngine.java:214)
	at com.askimed.nf.test.commands.RunTestsCommand.execute(RunTestsCommand.java:184)
	at com.askimed.nf.test.commands.AbstractCommand.call(AbstractCommand.java:41)
	at com.askimed.nf.test.commands.AbstractCommand.call(AbstractCommand.java:17)
	at picocli.CommandLine.executeUserObject(CommandLine.java:1953)
	at picocli.CommandLine.access$1300(CommandLine.java:145)
	at picocli.CommandLine$RunLast.executeUserObjectOfLastSubcommandWithSameParent(CommandLine.java:2352)
	at picocli.CommandLine$RunLast.handle(CommandLine.java:2346)
	at picocli.CommandLine$RunLast.handle(CommandLine.java:2311)
	at picocli.CommandLine$AbstractParseResultHandler.execute(CommandLine.java:2179)
	at picocli.CommandLine.execute(CommandLine.java:2078)
	at com.askimed.nf.test.App.run(App.java:44)
	at com.askimed.nf.test.App.main(App.java:51)
Mar-14 14:58:52.620 [main] INFO  com.askimed.nf.test.core.TestExecutionEngine - Run test 'a8ff5334: fasta - align_with_structure'. type: com.askimed.nf.test.lang.process.ProcessTest
Mar-14 14:58:58.748 [main] DEBUG com.askimed.nf.test.lang.extensions.Snapshot - Snapshots 'versions_structure' do not match.
Mar-14 14:58:58.749 [main] INFO  com.askimed.nf.test.core.TestExecutionEngine - Test 'a8ff5334: fasta - align_with_structure' finished. status: FAILED
org.codehaus.groovy.runtime.powerassert.PowerAssertionError: 1 of 3 assertions failed
	at com.askimed.nf.test.lang.extensions.GlobalMethods.assertAll(GlobalMethods.java:48)
	at jdk.internal.reflect.GeneratedMethodAccessor11.invoke(Unknown Source)
	at java.base/jdk.internal.reflect.DelegatingMethodAccessorImpl.invoke(DelegatingMethodAccessorImpl.java:43)
	at java.base/java.lang.reflect.Method.invoke(Method.java:566)
	at org.codehaus.groovy.reflection.CachedMethod.invoke(CachedMethod.java:107)
	at groovy.lang.MetaMethod.doMethodInvoke(MetaMethod.java:323)
	at org.codehaus.groovy.runtime.callsite.StaticMetaMethodSite.invoke(StaticMetaMethodSite.java:44)
	at org.codehaus.groovy.runtime.callsite.StaticMetaMethodSite.callStatic(StaticMetaMethodSite.java:100)
	at org.codehaus.groovy.runtime.callsite.CallSiteArray.defaultCallStatic(CallSiteArray.java:55)
	at org.codehaus.groovy.runtime.callsite.AbstractCallSite.callStatic(AbstractCallSite.java:217)
	at org.codehaus.groovy.runtime.callsite.AbstractCallSite.callStatic(AbstractCallSite.java:249)
	at main_nf$_run_closure1$_closure4$_closure22.doCall(main.nf.test:111)
	at main_nf$_run_closure1$_closure4$_closure22.doCall(main.nf.test)
	at java.base/jdk.internal.reflect.NativeMethodAccessorImpl.invoke0(Native Method)
	at java.base/jdk.internal.reflect.NativeMethodAccessorImpl.invoke(NativeMethodAccessorImpl.java:62)
	at java.base/jdk.internal.reflect.DelegatingMethodAccessorImpl.invoke(DelegatingMethodAccessorImpl.java:43)
	at java.base/java.lang.reflect.Method.invoke(Method.java:566)
	at org.codehaus.groovy.reflection.CachedMethod.invoke(CachedMethod.java:107)
	at groovy.lang.MetaMethod.doMethodInvoke(MetaMethod.java:323)
	at org.codehaus.groovy.runtime.metaclass.ClosureMetaClass.invokeMethod(ClosureMetaClass.java:274)
	at groovy.lang.MetaClassImpl.invokeMethod(MetaClassImpl.java:1035)
	at groovy.lang.Closure.call(Closure.java:412)
	at groovy.lang.Closure.call(Closure.java:406)
	at com.askimed.nf.test.lang.TestCode.execute(TestCode.java:16)
	at com.askimed.nf.test.lang.process.ProcessTest.execute(ProcessTest.java:169)
	at com.askimed.nf.test.core.TestExecutionEngine.execute(TestExecutionEngine.java:214)
	at com.askimed.nf.test.commands.RunTestsCommand.execute(RunTestsCommand.java:184)
	at com.askimed.nf.test.commands.AbstractCommand.call(AbstractCommand.java:41)
	at com.askimed.nf.test.commands.AbstractCommand.call(AbstractCommand.java:17)
	at picocli.CommandLine.executeUserObject(CommandLine.java:1953)
	at picocli.CommandLine.access$1300(CommandLine.java:145)
	at picocli.CommandLine$RunLast.executeUserObjectOfLastSubcommandWithSameParent(CommandLine.java:2352)
	at picocli.CommandLine$RunLast.handle(CommandLine.java:2346)
	at picocli.CommandLine$RunLast.handle(CommandLine.java:2311)
	at picocli.CommandLine$AbstractParseResultHandler.execute(CommandLine.java:2179)
	at picocli.CommandLine.execute(CommandLine.java:2078)
	at com.askimed.nf.test.App.run(App.java:44)
	at com.askimed.nf.test.App.main(App.java:51)
Mar-14 14:58:58.749 [main] INFO  com.askimed.nf.test.core.TestExecutionEngine - Testsuite 'Test Process TCOFFEE_ALIGN' finished. snapshot file: true, skipped tests: false, failed tests: true
Mar-14 14:58:58.749 [main] INFO  com.askimed.nf.test.core.TestExecutionEngine - Running testsuite 'Test Process TCOFFEE_ALNCOMPARE' from file '/home/luisasantus/Desktop/multiplesequencealign/./modules/nf-core/tcoffee/alncompare/tests/main.nf.test'.
Mar-14 14:58:58.749 [main] INFO  com.askimed.nf.test.core.TestExecutionEngine - Run test '183bc50f: seatoxin'. type: com.askimed.nf.test.lang.process.ProcessTest
Mar-14 14:59:02.719 [main] INFO  com.askimed.nf.test.core.TestExecutionEngine - Test '183bc50f: seatoxin' finished. status: FAILED
org.codehaus.groovy.runtime.powerassert.PowerAssertionError: assert process.success
       |       |
       |       false
       TCOFFEE_ALNCOMPARE
	at org.codehaus.groovy.runtime.InvokerHelper.assertFailed(InvokerHelper.java:436)
	at org.codehaus.groovy.runtime.ScriptBytecodeAdapter.assertFailed(ScriptBytecodeAdapter.java:670)
	at main_nf$_run_closure1$_closure2$_closure4.doCall(main.nf.test:27)
	at main_nf$_run_closure1$_closure2$_closure4.doCall(main.nf.test)
	at java.base/jdk.internal.reflect.NativeMethodAccessorImpl.invoke0(Native Method)
	at java.base/jdk.internal.reflect.NativeMethodAccessorImpl.invoke(NativeMethodAccessorImpl.java:62)
	at java.base/jdk.internal.reflect.DelegatingMethodAccessorImpl.invoke(DelegatingMethodAccessorImpl.java:43)
	at java.base/java.lang.reflect.Method.invoke(Method.java:566)
	at org.codehaus.groovy.reflection.CachedMethod.invoke(CachedMethod.java:107)
	at groovy.lang.MetaMethod.doMethodInvoke(MetaMethod.java:323)
	at org.codehaus.groovy.runtime.metaclass.ClosureMetaClass.invokeMethod(ClosureMetaClass.java:274)
	at groovy.lang.MetaClassImpl.invokeMethod(MetaClassImpl.java:1035)
	at groovy.lang.Closure.call(Closure.java:412)
	at groovy.lang.Closure.call(Closure.java:406)
	at com.askimed.nf.test.lang.TestCode.execute(TestCode.java:16)
	at com.askimed.nf.test.lang.process.ProcessTest.execute(ProcessTest.java:169)
	at com.askimed.nf.test.core.TestExecutionEngine.execute(TestExecutionEngine.java:214)
	at com.askimed.nf.test.commands.RunTestsCommand.execute(RunTestsCommand.java:184)
	at com.askimed.nf.test.commands.AbstractCommand.call(AbstractCommand.java:41)
	at com.askimed.nf.test.commands.AbstractCommand.call(AbstractCommand.java:17)
	at picocli.CommandLine.executeUserObject(CommandLine.java:1953)
	at picocli.CommandLine.access$1300(CommandLine.java:145)
	at picocli.CommandLine$RunLast.executeUserObjectOfLastSubcommandWithSameParent(CommandLine.java:2352)
	at picocli.CommandLine$RunLast.handle(CommandLine.java:2346)
	at picocli.CommandLine$RunLast.handle(CommandLine.java:2311)
	at picocli.CommandLine$AbstractParseResultHandler.execute(CommandLine.java:2179)
	at picocli.CommandLine.execute(CommandLine.java:2078)
	at com.askimed.nf.test.App.run(App.java:44)
	at com.askimed.nf.test.App.main(App.java:51)
Mar-14 14:59:02.720 [main] INFO  com.askimed.nf.test.core.TestExecutionEngine - Testsuite 'Test Process TCOFFEE_ALNCOMPARE' finished. snapshot file: false, skipped tests: false, failed tests: true
Mar-14 14:59:02.720 [main] INFO  com.askimed.nf.test.core.TestExecutionEngine - Running testsuite 'Test Process TCOFFEE_SEQREFORMAT' from file '/home/luisasantus/Desktop/multiplesequencealign/./modules/nf-core/tcoffee/seqreformat/main.nf.test'.
Mar-14 14:59:02.720 [main] INFO  com.askimed.nf.test.core.TestExecutionEngine - Run test '9a690859: TCOFFEE_SEQREFORMAT seqidscore'. type: com.askimed.nf.test.lang.process.ProcessTest
Mar-14 14:59:06.531 [main] DEBUG com.askimed.nf.test.lang.extensions.SnapshotFile - Load snapshots from file '/home/luisasantus/Desktop/multiplesequencealign/./modules/nf-core/tcoffee/seqreformat/main.nf.test.snap'
Mar-14 14:59:06.535 [main] DEBUG com.askimed.nf.test.lang.extensions.Snapshot - Snapshots 'TCOFFEE_SEQREFORMAT seqidscore' do not match.
Mar-14 14:59:06.535 [main] INFO  com.askimed.nf.test.core.TestExecutionEngine - Test '9a690859: TCOFFEE_SEQREFORMAT seqidscore' finished. status: FAILED
java.lang.RuntimeException: Different Snapshot:
[													[
    {													    {
        "0": [												        "0": [
            [												            [
                {											                {
                    "id": "test"									                    "id": "test"
                },											                },
                "test.txt:md5,fcd4691daf120c88ec5def7ac06fb562"						                "test.txt:md5,fcd4691daf120c88ec5def7ac06fb562"
            ]												            ]
        ],												        ],
        "1": [												        "1": [
            "versions.yml:md5,68fb841e6e44274d430a1382bb0bbd14"					   |	            "versions.yml:md5,39e45adc7d106d744090fedee4d54f65"
        ],												        ],
        "formatted_file": [										        "formatted_file": [
            [												            [
                {											                {
                    "id": "test"									                    "id": "test"
                },											                },
                "test.txt:md5,fcd4691daf120c88ec5def7ac06fb562"						                "test.txt:md5,fcd4691daf120c88ec5def7ac06fb562"
            ]												            ]
        ],												        ],
        "versions": [											        "versions": [
            "versions.yml:md5,68fb841e6e44274d430a1382bb0bbd14"					   |	            "versions.yml:md5,39e45adc7d106d744090fedee4d54f65"
        ]												        ]
    }													    }
]													]
	at com.askimed.nf.test.lang.extensions.SnapshotFileItem.equals(SnapshotFileItem.java:54)
	at com.askimed.nf.test.lang.extensions.Snapshot.match(Snapshot.java:42)
	at com.askimed.nf.test.lang.extensions.Snapshot.match(Snapshot.java:27)
	at com.askimed.nf.test.lang.extensions.Snapshot$match.call(Unknown Source)
	at org.codehaus.groovy.runtime.callsite.CallSiteArray.defaultCall(CallSiteArray.java:47)
	at org.codehaus.groovy.runtime.callsite.AbstractCallSite.call(AbstractCallSite.java:125)
	at org.codehaus.groovy.runtime.callsite.AbstractCallSite.call(AbstractCallSite.java:130)
	at main_nf$_run_closure1$_closure2$_closure4.doCall(main.nf.test:27)
	at main_nf$_run_closure1$_closure2$_closure4.doCall(main.nf.test)
	at java.base/jdk.internal.reflect.NativeMethodAccessorImpl.invoke0(Native Method)
	at java.base/jdk.internal.reflect.NativeMethodAccessorImpl.invoke(NativeMethodAccessorImpl.java:62)
	at java.base/jdk.internal.reflect.DelegatingMethodAccessorImpl.invoke(DelegatingMethodAccessorImpl.java:43)
	at java.base/java.lang.reflect.Method.invoke(Method.java:566)
	at org.codehaus.groovy.reflection.CachedMethod.invoke(CachedMethod.java:107)
	at groovy.lang.MetaMethod.doMethodInvoke(MetaMethod.java:323)
	at org.codehaus.groovy.runtime.metaclass.ClosureMetaClass.invokeMethod(ClosureMetaClass.java:274)
	at groovy.lang.MetaClassImpl.invokeMethod(MetaClassImpl.java:1035)
	at groovy.lang.Closure.call(Closure.java:412)
	at groovy.lang.Closure.call(Closure.java:406)
	at com.askimed.nf.test.lang.TestCode.execute(TestCode.java:16)
	at com.askimed.nf.test.lang.process.ProcessTest.execute(ProcessTest.java:169)
	at com.askimed.nf.test.core.TestExecutionEngine.execute(TestExecutionEngine.java:214)
	at com.askimed.nf.test.commands.RunTestsCommand.execute(RunTestsCommand.java:184)
	at com.askimed.nf.test.commands.AbstractCommand.call(AbstractCommand.java:41)
	at com.askimed.nf.test.commands.AbstractCommand.call(AbstractCommand.java:17)
	at picocli.CommandLine.executeUserObject(CommandLine.java:1953)
	at picocli.CommandLine.access$1300(CommandLine.java:145)
	at picocli.CommandLine$RunLast.executeUserObjectOfLastSubcommandWithSameParent(CommandLine.java:2352)
	at picocli.CommandLine$RunLast.handle(CommandLine.java:2346)
	at picocli.CommandLine$RunLast.handle(CommandLine.java:2311)
	at picocli.CommandLine$AbstractParseResultHandler.execute(CommandLine.java:2179)
	at picocli.CommandLine.execute(CommandLine.java:2078)
	at com.askimed.nf.test.App.run(App.java:44)
	at com.askimed.nf.test.App.main(App.java:51)
Mar-14 14:59:06.535 [main] INFO  com.askimed.nf.test.core.TestExecutionEngine - Testsuite 'Test Process TCOFFEE_SEQREFORMAT' finished. snapshot file: true, skipped tests: false, failed tests: true
Mar-14 14:59:06.536 [main] INFO  com.askimed.nf.test.core.TestExecutionEngine - Running testsuite 'Test Process TCOFFEE_IRMSD' from file '/home/luisasantus/Desktop/multiplesequencealign/./modules/nf-core/tcoffee/irmsd/tests/main.nf.test'.
Mar-14 14:59:06.536 [main] INFO  com.askimed.nf.test.core.TestExecutionEngine - Run test '82cf6b18: seatoxin'. type: com.askimed.nf.test.lang.process.ProcessTest
Mar-14 14:59:12.989 [main] INFO  com.askimed.nf.test.core.TestExecutionEngine - Test '82cf6b18: seatoxin' finished. status: PASSED
Mar-14 14:59:12.989 [main] INFO  com.askimed.nf.test.core.TestExecutionEngine - Testsuite 'Test Process TCOFFEE_IRMSD' finished. snapshot file: false, skipped tests: false, failed tests: false
Mar-14 14:59:12.989 [main] INFO  com.askimed.nf.test.core.TestExecutionEngine - Running testsuite 'Test Process KALIGN_ALIGN' from file '/home/luisasantus/Desktop/multiplesequencealign/./modules/nf-core/kalign/align/tests/main.nf.test'.
Mar-14 14:59:12.989 [main] INFO  com.askimed.nf.test.core.TestExecutionEngine - Run test 'fdbcfaa2: sarscov2 - fasta'. type: com.askimed.nf.test.lang.process.ProcessTest
Mar-14 14:59:16.197 [main] INFO  com.askimed.nf.test.core.TestExecutionEngine - Test 'fdbcfaa2: sarscov2 - fasta' finished. status: FAILED
org.codehaus.groovy.runtime.powerassert.PowerAssertionError: 3 of 3 assertions failed
	at com.askimed.nf.test.lang.extensions.GlobalMethods.assertAll(GlobalMethods.java:48)
	at jdk.internal.reflect.GeneratedMethodAccessor11.invoke(Unknown Source)
	at java.base/jdk.internal.reflect.DelegatingMethodAccessorImpl.invoke(DelegatingMethodAccessorImpl.java:43)
	at java.base/java.lang.reflect.Method.invoke(Method.java:566)
	at org.codehaus.groovy.reflection.CachedMethod.invoke(CachedMethod.java:107)
	at groovy.lang.MetaMethod.doMethodInvoke(MetaMethod.java:323)
	at org.codehaus.groovy.runtime.callsite.StaticMetaMethodSite.invoke(StaticMetaMethodSite.java:44)
	at org.codehaus.groovy.runtime.callsite.StaticMetaMethodSite.callStatic(StaticMetaMethodSite.java:100)
	at org.codehaus.groovy.runtime.callsite.CallSiteArray.defaultCallStatic(CallSiteArray.java:55)
	at org.codehaus.groovy.runtime.callsite.AbstractCallSite.callStatic(AbstractCallSite.java:217)
	at org.codehaus.groovy.runtime.callsite.AbstractCallSite.callStatic(AbstractCallSite.java:249)
	at main_nf$_run_closure1$_closure2$_closure4.doCall(main.nf.test:26)
	at main_nf$_run_closure1$_closure2$_closure4.doCall(main.nf.test)
	at java.base/jdk.internal.reflect.NativeMethodAccessorImpl.invoke0(Native Method)
	at java.base/jdk.internal.reflect.NativeMethodAccessorImpl.invoke(NativeMethodAccessorImpl.java:62)
	at java.base/jdk.internal.reflect.DelegatingMethodAccessorImpl.invoke(DelegatingMethodAccessorImpl.java:43)
	at java.base/java.lang.reflect.Method.invoke(Method.java:566)
	at org.codehaus.groovy.reflection.CachedMethod.invoke(CachedMethod.java:107)
	at groovy.lang.MetaMethod.doMethodInvoke(MetaMethod.java:323)
	at org.codehaus.groovy.runtime.metaclass.ClosureMetaClass.invokeMethod(ClosureMetaClass.java:274)
	at groovy.lang.MetaClassImpl.invokeMethod(MetaClassImpl.java:1035)
	at groovy.lang.Closure.call(Closure.java:412)
	at groovy.lang.Closure.call(Closure.java:406)
	at com.askimed.nf.test.lang.TestCode.execute(TestCode.java:16)
	at com.askimed.nf.test.lang.process.ProcessTest.execute(ProcessTest.java:169)
	at com.askimed.nf.test.core.TestExecutionEngine.execute(TestExecutionEngine.java:214)
	at com.askimed.nf.test.commands.RunTestsCommand.execute(RunTestsCommand.java:184)
	at com.askimed.nf.test.commands.AbstractCommand.call(AbstractCommand.java:41)
	at com.askimed.nf.test.commands.AbstractCommand.call(AbstractCommand.java:17)
	at picocli.CommandLine.executeUserObject(CommandLine.java:1953)
	at picocli.CommandLine.access$1300(CommandLine.java:145)
	at picocli.CommandLine$RunLast.executeUserObjectOfLastSubcommandWithSameParent(CommandLine.java:2352)
	at picocli.CommandLine$RunLast.handle(CommandLine.java:2346)
	at picocli.CommandLine$RunLast.handle(CommandLine.java:2311)
	at picocli.CommandLine$AbstractParseResultHandler.execute(CommandLine.java:2179)
	at picocli.CommandLine.execute(CommandLine.java:2078)
	at com.askimed.nf.test.App.run(App.java:44)
	at com.askimed.nf.test.App.main(App.java:51)
Mar-14 14:59:16.197 [main] INFO  com.askimed.nf.test.core.TestExecutionEngine - Testsuite 'Test Process KALIGN_ALIGN' finished. snapshot file: false, skipped tests: false, failed tests: true
Mar-14 14:59:16.197 [main] INFO  com.askimed.nf.test.core.TestExecutionEngine - Running testsuite 'Test Process FAMSA_ALIGN' from file '/home/luisasantus/Desktop/multiplesequencealign/./modules/nf-core/famsa/align/tests/main.nf.test'.
Mar-14 14:59:16.197 [main] INFO  com.askimed.nf.test.core.TestExecutionEngine - Run test 'e105185c: sarscov2 - fasta'. type: com.askimed.nf.test.lang.process.ProcessTest
Mar-14 14:59:19.399 [main] INFO  com.askimed.nf.test.core.TestExecutionEngine - Test 'e105185c: sarscov2 - fasta' finished. status: FAILED
org.codehaus.groovy.runtime.powerassert.PowerAssertionError: 3 of 3 assertions failed
	at com.askimed.nf.test.lang.extensions.GlobalMethods.assertAll(GlobalMethods.java:48)
	at jdk.internal.reflect.GeneratedMethodAccessor11.invoke(Unknown Source)
	at java.base/jdk.internal.reflect.DelegatingMethodAccessorImpl.invoke(DelegatingMethodAccessorImpl.java:43)
	at java.base/java.lang.reflect.Method.invoke(Method.java:566)
	at org.codehaus.groovy.reflection.CachedMethod.invoke(CachedMethod.java:107)
	at groovy.lang.MetaMethod.doMethodInvoke(MetaMethod.java:323)
	at org.codehaus.groovy.runtime.callsite.StaticMetaMethodSite.invoke(StaticMetaMethodSite.java:44)
	at org.codehaus.groovy.runtime.callsite.StaticMetaMethodSite.callStatic(StaticMetaMethodSite.java:100)
	at org.codehaus.groovy.runtime.callsite.CallSiteArray.defaultCallStatic(CallSiteArray.java:55)
	at org.codehaus.groovy.runtime.callsite.AbstractCallSite.callStatic(AbstractCallSite.java:217)
	at org.codehaus.groovy.runtime.callsite.AbstractCallSite.callStatic(AbstractCallSite.java:249)
	at main_nf$_run_closure1$_closure2$_closure5.doCall(main.nf.test:26)
	at main_nf$_run_closure1$_closure2$_closure5.doCall(main.nf.test)
	at java.base/jdk.internal.reflect.NativeMethodAccessorImpl.invoke0(Native Method)
	at java.base/jdk.internal.reflect.NativeMethodAccessorImpl.invoke(NativeMethodAccessorImpl.java:62)
	at java.base/jdk.internal.reflect.DelegatingMethodAccessorImpl.invoke(DelegatingMethodAccessorImpl.java:43)
	at java.base/java.lang.reflect.Method.invoke(Method.java:566)
	at org.codehaus.groovy.reflection.CachedMethod.invoke(CachedMethod.java:107)
	at groovy.lang.MetaMethod.doMethodInvoke(MetaMethod.java:323)
	at org.codehaus.groovy.runtime.metaclass.ClosureMetaClass.invokeMethod(ClosureMetaClass.java:274)
	at groovy.lang.MetaClassImpl.invokeMethod(MetaClassImpl.java:1035)
	at groovy.lang.Closure.call(Closure.java:412)
	at groovy.lang.Closure.call(Closure.java:406)
	at com.askimed.nf.test.lang.TestCode.execute(TestCode.java:16)
	at com.askimed.nf.test.lang.process.ProcessTest.execute(ProcessTest.java:169)
	at com.askimed.nf.test.core.TestExecutionEngine.execute(TestExecutionEngine.java:214)
	at com.askimed.nf.test.commands.RunTestsCommand.execute(RunTestsCommand.java:184)
	at com.askimed.nf.test.commands.AbstractCommand.call(AbstractCommand.java:41)
	at com.askimed.nf.test.commands.AbstractCommand.call(AbstractCommand.java:17)
	at picocli.CommandLine.executeUserObject(CommandLine.java:1953)
	at picocli.CommandLine.access$1300(CommandLine.java:145)
	at picocli.CommandLine$RunLast.executeUserObjectOfLastSubcommandWithSameParent(CommandLine.java:2352)
	at picocli.CommandLine$RunLast.handle(CommandLine.java:2346)
	at picocli.CommandLine$RunLast.handle(CommandLine.java:2311)
	at picocli.CommandLine$AbstractParseResultHandler.execute(CommandLine.java:2179)
	at picocli.CommandLine.execute(CommandLine.java:2078)
	at com.askimed.nf.test.App.run(App.java:44)
	at com.askimed.nf.test.App.main(App.java:51)
Mar-14 14:59:19.400 [main] INFO  com.askimed.nf.test.core.TestExecutionEngine - Run test '616ae0ef: sarscov2 - fasta - guide_tree'. type: com.askimed.nf.test.lang.process.ProcessTest
Mar-14 14:59:22.719 [main] INFO  com.askimed.nf.test.core.TestExecutionEngine - Test '616ae0ef: sarscov2 - fasta - guide_tree' finished. status: FAILED
org.codehaus.groovy.runtime.powerassert.PowerAssertionError: 3 of 3 assertions failed
	at com.askimed.nf.test.lang.extensions.GlobalMethods.assertAll(GlobalMethods.java:48)
	at jdk.internal.reflect.GeneratedMethodAccessor11.invoke(Unknown Source)
	at java.base/jdk.internal.reflect.DelegatingMethodAccessorImpl.invoke(DelegatingMethodAccessorImpl.java:43)
	at java.base/java.lang.reflect.Method.invoke(Method.java:566)
	at org.codehaus.groovy.reflection.CachedMethod.invoke(CachedMethod.java:107)
	at groovy.lang.MetaMethod.doMethodInvoke(MetaMethod.java:323)
	at org.codehaus.groovy.runtime.callsite.StaticMetaMethodSite.invoke(StaticMetaMethodSite.java:44)
	at org.codehaus.groovy.runtime.callsite.StaticMetaMethodSite.callStatic(StaticMetaMethodSite.java:100)
	at org.codehaus.groovy.runtime.callsite.CallSiteArray.defaultCallStatic(CallSiteArray.java:55)
	at org.codehaus.groovy.runtime.callsite.AbstractCallSite.callStatic(AbstractCallSite.java:217)
	at org.codehaus.groovy.runtime.callsite.AbstractCallSite.callStatic(AbstractCallSite.java:249)
	at main_nf$_run_closure1$_closure3$_closure12.doCall(main.nf.test:62)
	at main_nf$_run_closure1$_closure3$_closure12.doCall(main.nf.test)
	at java.base/jdk.internal.reflect.NativeMethodAccessorImpl.invoke0(Native Method)
	at java.base/jdk.internal.reflect.NativeMethodAccessorImpl.invoke(NativeMethodAccessorImpl.java:62)
	at java.base/jdk.internal.reflect.DelegatingMethodAccessorImpl.invoke(DelegatingMethodAccessorImpl.java:43)
	at java.base/java.lang.reflect.Method.invoke(Method.java:566)
	at org.codehaus.groovy.reflection.CachedMethod.invoke(CachedMethod.java:107)
	at groovy.lang.MetaMethod.doMethodInvoke(MetaMethod.java:323)
	at org.codehaus.groovy.runtime.metaclass.ClosureMetaClass.invokeMethod(ClosureMetaClass.java:274)
	at groovy.lang.MetaClassImpl.invokeMethod(MetaClassImpl.java:1035)
	at groovy.lang.Closure.call(Closure.java:412)
	at groovy.lang.Closure.call(Closure.java:406)
	at com.askimed.nf.test.lang.TestCode.execute(TestCode.java:16)
	at com.askimed.nf.test.lang.process.ProcessTest.execute(ProcessTest.java:169)
	at com.askimed.nf.test.core.TestExecutionEngine.execute(TestExecutionEngine.java:214)
	at com.askimed.nf.test.commands.RunTestsCommand.execute(RunTestsCommand.java:184)
	at com.askimed.nf.test.commands.AbstractCommand.call(AbstractCommand.java:41)
	at com.askimed.nf.test.commands.AbstractCommand.call(AbstractCommand.java:17)
	at picocli.CommandLine.executeUserObject(CommandLine.java:1953)
	at picocli.CommandLine.access$1300(CommandLine.java:145)
	at picocli.CommandLine$RunLast.executeUserObjectOfLastSubcommandWithSameParent(CommandLine.java:2352)
	at picocli.CommandLine$RunLast.handle(CommandLine.java:2346)
	at picocli.CommandLine$RunLast.handle(CommandLine.java:2311)
	at picocli.CommandLine$AbstractParseResultHandler.execute(CommandLine.java:2179)
	at picocli.CommandLine.execute(CommandLine.java:2078)
	at com.askimed.nf.test.App.run(App.java:44)
	at com.askimed.nf.test.App.main(App.java:51)
Mar-14 14:59:22.720 [main] INFO  com.askimed.nf.test.core.TestExecutionEngine - Testsuite 'Test Process FAMSA_ALIGN' finished. snapshot file: false, skipped tests: false, failed tests: true
Mar-14 14:59:22.720 [main] INFO  com.askimed.nf.test.core.TestExecutionEngine - Running testsuite 'Test Process FASTQC' from file '/home/luisasantus/Desktop/multiplesequencealign/./modules/nf-core/fastqc/tests/main.nf.test'.
Mar-14 14:59:22.720 [main] INFO  com.askimed.nf.test.core.TestExecutionEngine - Run test 'a766ecfd: sarscov2 single-end [fastq]'. type: com.askimed.nf.test.lang.process.ProcessTest
Mar-14 14:59:25.944 [main] INFO  com.askimed.nf.test.core.TestExecutionEngine - Test 'a766ecfd: sarscov2 single-end [fastq]' finished. status: FAILED
org.codehaus.groovy.runtime.powerassert.PowerAssertionError: 5 of 5 assertions failed
	at com.askimed.nf.test.lang.extensions.GlobalMethods.assertAll(GlobalMethods.java:48)
	at jdk.internal.reflect.GeneratedMethodAccessor11.invoke(Unknown Source)
	at java.base/jdk.internal.reflect.DelegatingMethodAccessorImpl.invoke(DelegatingMethodAccessorImpl.java:43)
	at java.base/java.lang.reflect.Method.invoke(Method.java:566)
	at org.codehaus.groovy.reflection.CachedMethod.invoke(CachedMethod.java:107)
	at groovy.lang.MetaMethod.doMethodInvoke(MetaMethod.java:323)
	at org.codehaus.groovy.runtime.callsite.StaticMetaMethodSite.invoke(StaticMetaMethodSite.java:44)
	at org.codehaus.groovy.runtime.callsite.StaticMetaMethodSite.callStatic(StaticMetaMethodSite.java:100)
	at org.codehaus.groovy.runtime.callsite.CallSiteArray.defaultCallStatic(CallSiteArray.java:55)
	at org.codehaus.groovy.runtime.callsite.AbstractCallSite.callStatic(AbstractCallSite.java:217)
	at main_nf$_run_closure1$_closure2$_closure10.doCall(main.nf.test:25)
	at main_nf$_run_closure1$_closure2$_closure10.doCall(main.nf.test)
	at java.base/jdk.internal.reflect.NativeMethodAccessorImpl.invoke0(Native Method)
	at java.base/jdk.internal.reflect.NativeMethodAccessorImpl.invoke(NativeMethodAccessorImpl.java:62)
	at java.base/jdk.internal.reflect.DelegatingMethodAccessorImpl.invoke(DelegatingMethodAccessorImpl.java:43)
	at java.base/java.lang.reflect.Method.invoke(Method.java:566)
	at org.codehaus.groovy.reflection.CachedMethod.invoke(CachedMethod.java:107)
	at groovy.lang.MetaMethod.doMethodInvoke(MetaMethod.java:323)
	at org.codehaus.groovy.runtime.metaclass.ClosureMetaClass.invokeMethod(ClosureMetaClass.java:274)
	at groovy.lang.MetaClassImpl.invokeMethod(MetaClassImpl.java:1035)
	at groovy.lang.Closure.call(Closure.java:412)
	at groovy.lang.Closure.call(Closure.java:406)
	at com.askimed.nf.test.lang.TestCode.execute(TestCode.java:16)
	at com.askimed.nf.test.lang.process.ProcessTest.execute(ProcessTest.java:169)
	at com.askimed.nf.test.core.TestExecutionEngine.execute(TestExecutionEngine.java:214)
	at com.askimed.nf.test.commands.RunTestsCommand.execute(RunTestsCommand.java:184)
	at com.askimed.nf.test.commands.AbstractCommand.call(AbstractCommand.java:41)
	at com.askimed.nf.test.commands.AbstractCommand.call(AbstractCommand.java:17)
	at picocli.CommandLine.executeUserObject(CommandLine.java:1953)
	at picocli.CommandLine.access$1300(CommandLine.java:145)
	at picocli.CommandLine$RunLast.executeUserObjectOfLastSubcommandWithSameParent(CommandLine.java:2352)
	at picocli.CommandLine$RunLast.handle(CommandLine.java:2346)
	at picocli.CommandLine$RunLast.handle(CommandLine.java:2311)
	at picocli.CommandLine$AbstractParseResultHandler.execute(CommandLine.java:2179)
	at picocli.CommandLine.execute(CommandLine.java:2078)
	at com.askimed.nf.test.App.run(App.java:44)
	at com.askimed.nf.test.App.main(App.java:51)
Mar-14 14:59:25.946 [main] INFO  com.askimed.nf.test.core.TestExecutionEngine - Run test '4bcedc37: sarscov2 paired-end [fastq]'. type: com.askimed.nf.test.lang.process.ProcessTest
Mar-14 14:59:29.251 [main] INFO  com.askimed.nf.test.core.TestExecutionEngine - Test '4bcedc37: sarscov2 paired-end [fastq]' finished. status: FAILED
org.codehaus.groovy.runtime.powerassert.PowerAssertionError: 8 of 8 assertions failed
	at com.askimed.nf.test.lang.extensions.GlobalMethods.assertAll(GlobalMethods.java:48)
	at jdk.internal.reflect.GeneratedMethodAccessor11.invoke(Unknown Source)
	at java.base/jdk.internal.reflect.DelegatingMethodAccessorImpl.invoke(DelegatingMethodAccessorImpl.java:43)
	at java.base/java.lang.reflect.Method.invoke(Method.java:566)
	at org.codehaus.groovy.reflection.CachedMethod.invoke(CachedMethod.java:107)
	at groovy.lang.MetaMethod.doMethodInvoke(MetaMethod.java:323)
	at org.codehaus.groovy.runtime.callsite.StaticMetaMethodSite.invoke(StaticMetaMethodSite.java:44)
	at org.codehaus.groovy.runtime.callsite.StaticMetaMethodSite.callStatic(StaticMetaMethodSite.java:100)
	at org.codehaus.groovy.runtime.callsite.CallSiteArray.defaultCallStatic(CallSiteArray.java:55)
	at org.codehaus.groovy.runtime.callsite.AbstractCallSite.callStatic(AbstractCallSite.java:217)
	at main_nf$_run_closure1$_closure3$_closure18.doCall(main.nf.test:56)
	at main_nf$_run_closure1$_closure3$_closure18.doCall(main.nf.test)
	at java.base/jdk.internal.reflect.NativeMethodAccessorImpl.invoke0(Native Method)
	at java.base/jdk.internal.reflect.NativeMethodAccessorImpl.invoke(NativeMethodAccessorImpl.java:62)
	at java.base/jdk.internal.reflect.DelegatingMethodAccessorImpl.invoke(DelegatingMethodAccessorImpl.java:43)
	at java.base/java.lang.reflect.Method.invoke(Method.java:566)
	at org.codehaus.groovy.reflection.CachedMethod.invoke(CachedMethod.java:107)
	at groovy.lang.MetaMethod.doMethodInvoke(MetaMethod.java:323)
	at org.codehaus.groovy.runtime.metaclass.ClosureMetaClass.invokeMethod(ClosureMetaClass.java:274)
	at groovy.lang.MetaClassImpl.invokeMethod(MetaClassImpl.java:1035)
	at groovy.lang.Closure.call(Closure.java:412)
	at groovy.lang.Closure.call(Closure.java:406)
	at com.askimed.nf.test.lang.TestCode.execute(TestCode.java:16)
	at com.askimed.nf.test.lang.process.ProcessTest.execute(ProcessTest.java:169)
	at com.askimed.nf.test.core.TestExecutionEngine.execute(TestExecutionEngine.java:214)
	at com.askimed.nf.test.commands.RunTestsCommand.execute(RunTestsCommand.java:184)
	at com.askimed.nf.test.commands.AbstractCommand.call(AbstractCommand.java:41)
	at com.askimed.nf.test.commands.AbstractCommand.call(AbstractCommand.java:17)
	at picocli.CommandLine.executeUserObject(CommandLine.java:1953)
	at picocli.CommandLine.access$1300(CommandLine.java:145)
	at picocli.CommandLine$RunLast.executeUserObjectOfLastSubcommandWithSameParent(CommandLine.java:2352)
	at picocli.CommandLine$RunLast.handle(CommandLine.java:2346)
	at picocli.CommandLine$RunLast.handle(CommandLine.java:2311)
	at picocli.CommandLine$AbstractParseResultHandler.execute(CommandLine.java:2179)
	at picocli.CommandLine.execute(CommandLine.java:2078)
	at com.askimed.nf.test.App.run(App.java:44)
	at com.askimed.nf.test.App.main(App.java:51)
Mar-14 14:59:29.253 [main] INFO  com.askimed.nf.test.core.TestExecutionEngine - Run test '62100cb8: sarscov2 interleaved [fastq]'. type: com.askimed.nf.test.lang.process.ProcessTest
Mar-14 14:59:32.539 [main] INFO  com.askimed.nf.test.core.TestExecutionEngine - Test '62100cb8: sarscov2 interleaved [fastq]' finished. status: FAILED
org.codehaus.groovy.runtime.powerassert.PowerAssertionError: 5 of 5 assertions failed
	at com.askimed.nf.test.lang.extensions.GlobalMethods.assertAll(GlobalMethods.java:48)
	at jdk.internal.reflect.GeneratedMethodAccessor11.invoke(Unknown Source)
	at java.base/jdk.internal.reflect.DelegatingMethodAccessorImpl.invoke(DelegatingMethodAccessorImpl.java:43)
	at java.base/java.lang.reflect.Method.invoke(Method.java:566)
	at org.codehaus.groovy.reflection.CachedMethod.invoke(CachedMethod.java:107)
	at groovy.lang.MetaMethod.doMethodInvoke(MetaMethod.java:323)
	at org.codehaus.groovy.runtime.callsite.StaticMetaMethodSite.invoke(StaticMetaMethodSite.java:44)
	at org.codehaus.groovy.runtime.callsite.StaticMetaMethodSite.callStatic(StaticMetaMethodSite.java:100)
	at org.codehaus.groovy.runtime.callsite.CallSiteArray.defaultCallStatic(CallSiteArray.java:55)
	at org.codehaus.groovy.runtime.callsite.AbstractCallSite.callStatic(AbstractCallSite.java:217)
	at main_nf$_run_closure1$_closure4$_closure29.doCall(main.nf.test:85)
	at main_nf$_run_closure1$_closure4$_closure29.doCall(main.nf.test)
	at java.base/jdk.internal.reflect.NativeMethodAccessorImpl.invoke0(Native Method)
	at java.base/jdk.internal.reflect.NativeMethodAccessorImpl.invoke(NativeMethodAccessorImpl.java:62)
	at java.base/jdk.internal.reflect.DelegatingMethodAccessorImpl.invoke(DelegatingMethodAccessorImpl.java:43)
	at java.base/java.lang.reflect.Method.invoke(Method.java:566)
	at org.codehaus.groovy.reflection.CachedMethod.invoke(CachedMethod.java:107)
	at groovy.lang.MetaMethod.doMethodInvoke(MetaMethod.java:323)
	at org.codehaus.groovy.runtime.metaclass.ClosureMetaClass.invokeMethod(ClosureMetaClass.java:274)
	at groovy.lang.MetaClassImpl.invokeMethod(MetaClassImpl.java:1035)
	at groovy.lang.Closure.call(Closure.java:412)
	at groovy.lang.Closure.call(Closure.java:406)
	at com.askimed.nf.test.lang.TestCode.execute(TestCode.java:16)
	at com.askimed.nf.test.lang.process.ProcessTest.execute(ProcessTest.java:169)
	at com.askimed.nf.test.core.TestExecutionEngine.execute(TestExecutionEngine.java:214)
	at com.askimed.nf.test.commands.RunTestsCommand.execute(RunTestsCommand.java:184)
	at com.askimed.nf.test.commands.AbstractCommand.call(AbstractCommand.java:41)
	at com.askimed.nf.test.commands.AbstractCommand.call(AbstractCommand.java:17)
	at picocli.CommandLine.executeUserObject(CommandLine.java:1953)
	at picocli.CommandLine.access$1300(CommandLine.java:145)
	at picocli.CommandLine$RunLast.executeUserObjectOfLastSubcommandWithSameParent(CommandLine.java:2352)
	at picocli.CommandLine$RunLast.handle(CommandLine.java:2346)
	at picocli.CommandLine$RunLast.handle(CommandLine.java:2311)
	at picocli.CommandLine$AbstractParseResultHandler.execute(CommandLine.java:2179)
	at picocli.CommandLine.execute(CommandLine.java:2078)
	at com.askimed.nf.test.App.run(App.java:44)
	at com.askimed.nf.test.App.main(App.java:51)
Mar-14 14:59:32.539 [main] INFO  com.askimed.nf.test.core.TestExecutionEngine - Run test '3bf6ba65: sarscov2 paired-end [bam]'. type: com.askimed.nf.test.lang.process.ProcessTest
Mar-14 14:59:35.843 [main] INFO  com.askimed.nf.test.core.TestExecutionEngine - Test '3bf6ba65: sarscov2 paired-end [bam]' finished. status: FAILED
org.codehaus.groovy.runtime.powerassert.PowerAssertionError: 5 of 5 assertions failed
	at com.askimed.nf.test.lang.extensions.GlobalMethods.assertAll(GlobalMethods.java:48)
	at jdk.internal.reflect.GeneratedMethodAccessor11.invoke(Unknown Source)
	at java.base/jdk.internal.reflect.DelegatingMethodAccessorImpl.invoke(DelegatingMethodAccessorImpl.java:43)
	at java.base/java.lang.reflect.Method.invoke(Method.java:566)
	at org.codehaus.groovy.reflection.CachedMethod.invoke(CachedMethod.java:107)
	at groovy.lang.MetaMethod.doMethodInvoke(MetaMethod.java:323)
	at org.codehaus.groovy.runtime.callsite.StaticMetaMethodSite.invoke(StaticMetaMethodSite.java:44)
	at org.codehaus.groovy.runtime.callsite.StaticMetaMethodSite.callStatic(StaticMetaMethodSite.java:100)
	at org.codehaus.groovy.runtime.callsite.CallSiteArray.defaultCallStatic(CallSiteArray.java:55)
	at org.codehaus.groovy.runtime.callsite.AbstractCallSite.callStatic(AbstractCallSite.java:217)
	at main_nf$_run_closure1$_closure5$_closure37.doCall(main.nf.test:111)
	at main_nf$_run_closure1$_closure5$_closure37.doCall(main.nf.test)
	at java.base/jdk.internal.reflect.NativeMethodAccessorImpl.invoke0(Native Method)
	at java.base/jdk.internal.reflect.NativeMethodAccessorImpl.invoke(NativeMethodAccessorImpl.java:62)
	at java.base/jdk.internal.reflect.DelegatingMethodAccessorImpl.invoke(DelegatingMethodAccessorImpl.java:43)
	at java.base/java.lang.reflect.Method.invoke(Method.java:566)
	at org.codehaus.groovy.reflection.CachedMethod.invoke(CachedMethod.java:107)
	at groovy.lang.MetaMethod.doMethodInvoke(MetaMethod.java:323)
	at org.codehaus.groovy.runtime.metaclass.ClosureMetaClass.invokeMethod(ClosureMetaClass.java:274)
	at groovy.lang.MetaClassImpl.invokeMethod(MetaClassImpl.java:1035)
	at groovy.lang.Closure.call(Closure.java:412)
	at groovy.lang.Closure.call(Closure.java:406)
	at com.askimed.nf.test.lang.TestCode.execute(TestCode.java:16)
	at com.askimed.nf.test.lang.process.ProcessTest.execute(ProcessTest.java:169)
	at com.askimed.nf.test.core.TestExecutionEngine.execute(TestExecutionEngine.java:214)
	at com.askimed.nf.test.commands.RunTestsCommand.execute(RunTestsCommand.java:184)
	at com.askimed.nf.test.commands.AbstractCommand.call(AbstractCommand.java:41)
	at com.askimed.nf.test.commands.AbstractCommand.call(AbstractCommand.java:17)
	at picocli.CommandLine.executeUserObject(CommandLine.java:1953)
	at picocli.CommandLine.access$1300(CommandLine.java:145)
	at picocli.CommandLine$RunLast.executeUserObjectOfLastSubcommandWithSameParent(CommandLine.java:2352)
	at picocli.CommandLine$RunLast.handle(CommandLine.java:2346)
	at picocli.CommandLine$RunLast.handle(CommandLine.java:2311)
	at picocli.CommandLine$AbstractParseResultHandler.execute(CommandLine.java:2179)
	at picocli.CommandLine.execute(CommandLine.java:2078)
	at com.askimed.nf.test.App.run(App.java:44)
	at com.askimed.nf.test.App.main(App.java:51)
Mar-14 14:59:35.843 [main] INFO  com.askimed.nf.test.core.TestExecutionEngine - Run test 'cde87441: sarscov2 multiple [fastq]'. type: com.askimed.nf.test.lang.process.ProcessTest
Mar-14 14:59:39.152 [main] INFO  com.askimed.nf.test.core.TestExecutionEngine - Test 'cde87441: sarscov2 multiple [fastq]' finished. status: FAILED
org.codehaus.groovy.runtime.powerassert.PowerAssertionError: 14 of 14 assertions failed
	at com.askimed.nf.test.lang.extensions.GlobalMethods.assertAll(GlobalMethods.java:48)
	at jdk.internal.reflect.GeneratedMethodAccessor11.invoke(Unknown Source)
	at java.base/jdk.internal.reflect.DelegatingMethodAccessorImpl.invoke(DelegatingMethodAccessorImpl.java:43)
	at java.base/java.lang.reflect.Method.invoke(Method.java:566)
	at org.codehaus.groovy.reflection.CachedMethod.invoke(CachedMethod.java:107)
	at groovy.lang.MetaMethod.doMethodInvoke(MetaMethod.java:323)
	at org.codehaus.groovy.runtime.callsite.StaticMetaMethodSite.invoke(StaticMetaMethodSite.java:44)
	at org.codehaus.groovy.runtime.callsite.StaticMetaMethodSite.callStatic(StaticMetaMethodSite.java:100)
	at org.codehaus.groovy.runtime.callsite.CallSiteArray.defaultCallStatic(CallSiteArray.java:55)
	at org.codehaus.groovy.runtime.callsite.AbstractCallSite.callStatic(AbstractCallSite.java:217)
	at main_nf$_run_closure1$_closure6$_closure45.doCall(main.nf.test:140)
	at main_nf$_run_closure1$_closure6$_closure45.doCall(main.nf.test)
	at java.base/jdk.internal.reflect.NativeMethodAccessorImpl.invoke0(Native Method)
	at java.base/jdk.internal.reflect.NativeMethodAccessorImpl.invoke(NativeMethodAccessorImpl.java:62)
	at java.base/jdk.internal.reflect.DelegatingMethodAccessorImpl.invoke(DelegatingMethodAccessorImpl.java:43)
	at java.base/java.lang.reflect.Method.invoke(Method.java:566)
	at org.codehaus.groovy.reflection.CachedMethod.invoke(CachedMethod.java:107)
	at groovy.lang.MetaMethod.doMethodInvoke(MetaMethod.java:323)
	at org.codehaus.groovy.runtime.metaclass.ClosureMetaClass.invokeMethod(ClosureMetaClass.java:274)
	at groovy.lang.MetaClassImpl.invokeMethod(MetaClassImpl.java:1035)
	at groovy.lang.Closure.call(Closure.java:412)
	at groovy.lang.Closure.call(Closure.java:406)
	at com.askimed.nf.test.lang.TestCode.execute(TestCode.java:16)
	at com.askimed.nf.test.lang.process.ProcessTest.execute(ProcessTest.java:169)
	at com.askimed.nf.test.core.TestExecutionEngine.execute(TestExecutionEngine.java:214)
	at com.askimed.nf.test.commands.RunTestsCommand.execute(RunTestsCommand.java:184)
	at com.askimed.nf.test.commands.AbstractCommand.call(AbstractCommand.java:41)
	at com.askimed.nf.test.commands.AbstractCommand.call(AbstractCommand.java:17)
	at picocli.CommandLine.executeUserObject(CommandLine.java:1953)
	at picocli.CommandLine.access$1300(CommandLine.java:145)
	at picocli.CommandLine$RunLast.executeUserObjectOfLastSubcommandWithSameParent(CommandLine.java:2352)
	at picocli.CommandLine$RunLast.handle(CommandLine.java:2346)
	at picocli.CommandLine$RunLast.handle(CommandLine.java:2311)
	at picocli.CommandLine$AbstractParseResultHandler.execute(CommandLine.java:2179)
	at picocli.CommandLine.execute(CommandLine.java:2078)
	at com.askimed.nf.test.App.run(App.java:44)
	at com.askimed.nf.test.App.main(App.java:51)
Mar-14 14:59:39.153 [main] INFO  com.askimed.nf.test.core.TestExecutionEngine - Run test '1549d7ae: sarscov2 custom_prefix'. type: com.askimed.nf.test.lang.process.ProcessTest
Mar-14 14:59:42.561 [main] INFO  com.askimed.nf.test.core.TestExecutionEngine - Test '1549d7ae: sarscov2 custom_prefix' finished. status: FAILED
org.codehaus.groovy.runtime.powerassert.PowerAssertionError: 5 of 5 assertions failed
	at com.askimed.nf.test.lang.extensions.GlobalMethods.assertAll(GlobalMethods.java:48)
	at jdk.internal.reflect.GeneratedMethodAccessor11.invoke(Unknown Source)
	at java.base/jdk.internal.reflect.DelegatingMethodAccessorImpl.invoke(DelegatingMethodAccessorImpl.java:43)
	at java.base/java.lang.reflect.Method.invoke(Method.java:566)
	at org.codehaus.groovy.reflection.CachedMethod.invoke(CachedMethod.java:107)
	at groovy.lang.MetaMethod.doMethodInvoke(MetaMethod.java:323)
	at org.codehaus.groovy.runtime.callsite.StaticMetaMethodSite.invoke(StaticMetaMethodSite.java:44)
	at org.codehaus.groovy.runtime.callsite.StaticMetaMethodSite.callStatic(StaticMetaMethodSite.java:100)
	at org.codehaus.groovy.runtime.callsite.CallSiteArray.defaultCallStatic(CallSiteArray.java:55)
	at org.codehaus.groovy.runtime.callsite.AbstractCallSite.callStatic(AbstractCallSite.java:217)
	at main_nf$_run_closure1$_closure7$_closure62.doCall(main.nf.test:175)
	at main_nf$_run_closure1$_closure7$_closure62.doCall(main.nf.test)
	at java.base/jdk.internal.reflect.NativeMethodAccessorImpl.invoke0(Native Method)
	at java.base/jdk.internal.reflect.NativeMethodAccessorImpl.invoke(NativeMethodAccessorImpl.java:62)
	at java.base/jdk.internal.reflect.DelegatingMethodAccessorImpl.invoke(DelegatingMethodAccessorImpl.java:43)
	at java.base/java.lang.reflect.Method.invoke(Method.java:566)
	at org.codehaus.groovy.reflection.CachedMethod.invoke(CachedMethod.java:107)
	at groovy.lang.MetaMethod.doMethodInvoke(MetaMethod.java:323)
	at org.codehaus.groovy.runtime.metaclass.ClosureMetaClass.invokeMethod(ClosureMetaClass.java:274)
	at groovy.lang.MetaClassImpl.invokeMethod(MetaClassImpl.java:1035)
	at groovy.lang.Closure.call(Closure.java:412)
	at groovy.lang.Closure.call(Closure.java:406)
	at com.askimed.nf.test.lang.TestCode.execute(TestCode.java:16)
	at com.askimed.nf.test.lang.process.ProcessTest.execute(ProcessTest.java:169)
	at com.askimed.nf.test.core.TestExecutionEngine.execute(TestExecutionEngine.java:214)
	at com.askimed.nf.test.commands.RunTestsCommand.execute(RunTestsCommand.java:184)
	at com.askimed.nf.test.commands.AbstractCommand.call(AbstractCommand.java:41)
	at com.askimed.nf.test.commands.AbstractCommand.call(AbstractCommand.java:17)
	at picocli.CommandLine.executeUserObject(CommandLine.java:1953)
	at picocli.CommandLine.access$1300(CommandLine.java:145)
	at picocli.CommandLine$RunLast.executeUserObjectOfLastSubcommandWithSameParent(CommandLine.java:2352)
	at picocli.CommandLine$RunLast.handle(CommandLine.java:2346)
	at picocli.CommandLine$RunLast.handle(CommandLine.java:2311)
	at picocli.CommandLine$AbstractParseResultHandler.execute(CommandLine.java:2179)
	at picocli.CommandLine.execute(CommandLine.java:2078)
	at com.askimed.nf.test.App.run(App.java:44)
	at com.askimed.nf.test.App.main(App.java:51)
Mar-14 14:59:42.561 [main] INFO  com.askimed.nf.test.core.TestExecutionEngine - Run test 'ece2bd36: sarscov2 single-end [fastq] - stub'. type: com.askimed.nf.test.lang.process.ProcessTest
Mar-14 14:59:45.868 [main] INFO  com.askimed.nf.test.core.TestExecutionEngine - Test 'ece2bd36: sarscov2 single-end [fastq] - stub' finished. status: FAILED
org.codehaus.groovy.runtime.powerassert.PowerAssertionError: 2 of 2 assertions failed
	at com.askimed.nf.test.lang.extensions.GlobalMethods.assertAll(GlobalMethods.java:48)
	at jdk.internal.reflect.GeneratedMethodAccessor11.invoke(Unknown Source)
	at java.base/jdk.internal.reflect.DelegatingMethodAccessorImpl.invoke(DelegatingMethodAccessorImpl.java:43)
	at java.base/java.lang.reflect.Method.invoke(Method.java:566)
	at org.codehaus.groovy.reflection.CachedMethod.invoke(CachedMethod.java:107)
	at groovy.lang.MetaMethod.doMethodInvoke(MetaMethod.java:323)
	at org.codehaus.groovy.runtime.callsite.StaticMetaMethodSite.invoke(StaticMetaMethodSite.java:44)
	at org.codehaus.groovy.runtime.callsite.StaticMetaMethodSite.callStatic(StaticMetaMethodSite.java:100)
	at org.codehaus.groovy.runtime.callsite.CallSiteArray.defaultCallStatic(CallSiteArray.java:55)
	at org.codehaus.groovy.runtime.callsite.AbstractCallSite.callStatic(AbstractCallSite.java:217)
	at org.codehaus.groovy.runtime.callsite.AbstractCallSite.callStatic(AbstractCallSite.java:240)
	at main_nf$_run_closure1$_closure8$_closure70.doCall(main.nf.test:203)
	at main_nf$_run_closure1$_closure8$_closure70.doCall(main.nf.test)
	at java.base/jdk.internal.reflect.NativeMethodAccessorImpl.invoke0(Native Method)
	at java.base/jdk.internal.reflect.NativeMethodAccessorImpl.invoke(NativeMethodAccessorImpl.java:62)
	at java.base/jdk.internal.reflect.DelegatingMethodAccessorImpl.invoke(DelegatingMethodAccessorImpl.java:43)
	at java.base/java.lang.reflect.Method.invoke(Method.java:566)
	at org.codehaus.groovy.reflection.CachedMethod.invoke(CachedMethod.java:107)
	at groovy.lang.MetaMethod.doMethodInvoke(MetaMethod.java:323)
	at org.codehaus.groovy.runtime.metaclass.ClosureMetaClass.invokeMethod(ClosureMetaClass.java:274)
	at groovy.lang.MetaClassImpl.invokeMethod(MetaClassImpl.java:1035)
	at groovy.lang.Closure.call(Closure.java:412)
	at groovy.lang.Closure.call(Closure.java:406)
	at com.askimed.nf.test.lang.TestCode.execute(TestCode.java:16)
	at com.askimed.nf.test.lang.process.ProcessTest.execute(ProcessTest.java:169)
	at com.askimed.nf.test.core.TestExecutionEngine.execute(TestExecutionEngine.java:214)
	at com.askimed.nf.test.commands.RunTestsCommand.execute(RunTestsCommand.java:184)
	at com.askimed.nf.test.commands.AbstractCommand.call(AbstractCommand.java:41)
	at com.askimed.nf.test.commands.AbstractCommand.call(AbstractCommand.java:17)
	at picocli.CommandLine.executeUserObject(CommandLine.java:1953)
	at picocli.CommandLine.access$1300(CommandLine.java:145)
	at picocli.CommandLine$RunLast.executeUserObjectOfLastSubcommandWithSameParent(CommandLine.java:2352)
	at picocli.CommandLine$RunLast.handle(CommandLine.java:2346)
	at picocli.CommandLine$RunLast.handle(CommandLine.java:2311)
	at picocli.CommandLine$AbstractParseResultHandler.execute(CommandLine.java:2179)
	at picocli.CommandLine.execute(CommandLine.java:2078)
	at com.askimed.nf.test.App.run(App.java:44)
	at com.askimed.nf.test.App.main(App.java:51)
Mar-14 14:59:45.869 [main] INFO  com.askimed.nf.test.core.TestExecutionEngine - Testsuite 'Test Process FASTQC' finished. snapshot file: false, skipped tests: false, failed tests: true
Mar-14 14:59:45.869 [main] INFO  com.askimed.nf.test.core.TestExecutionEngine - Running testsuite 'Test Process UNTAR' from file '/home/luisasantus/Desktop/multiplesequencealign/./modules/nf-core/untar/tests/main.nf.test'.
Mar-14 14:59:45.869 [main] INFO  com.askimed.nf.test.core.TestExecutionEngine - Run test '86915b23: test_untar'. type: com.askimed.nf.test.lang.process.ProcessTest
Mar-14 14:59:49.073 [main] INFO  com.askimed.nf.test.core.TestExecutionEngine - Test '86915b23: test_untar' finished. status: FAILED
org.codehaus.groovy.runtime.powerassert.PowerAssertionError: 2 of 2 assertions failed
	at com.askimed.nf.test.lang.extensions.GlobalMethods.assertAll(GlobalMethods.java:48)
	at jdk.internal.reflect.GeneratedMethodAccessor11.invoke(Unknown Source)
	at java.base/jdk.internal.reflect.DelegatingMethodAccessorImpl.invoke(DelegatingMethodAccessorImpl.java:43)
	at java.base/java.lang.reflect.Method.invoke(Method.java:566)
	at org.codehaus.groovy.reflection.CachedMethod.invoke(CachedMethod.java:107)
	at groovy.lang.MetaMethod.doMethodInvoke(MetaMethod.java:323)
	at org.codehaus.groovy.runtime.callsite.StaticMetaMethodSite.invoke(StaticMetaMethodSite.java:44)
	at org.codehaus.groovy.runtime.callsite.StaticMetaMethodSite.callStatic(StaticMetaMethodSite.java:100)
	at org.codehaus.groovy.runtime.callsite.CallSiteArray.defaultCallStatic(CallSiteArray.java:55)
	at org.codehaus.groovy.runtime.callsite.AbstractCallSite.callStatic(AbstractCallSite.java:217)
	at org.codehaus.groovy.runtime.callsite.AbstractCallSite.callStatic(AbstractCallSite.java:240)
	at main_nf$_run_closure1$_closure2$_closure6.doCall(main.nf.test:25)
	at main_nf$_run_closure1$_closure2$_closure6.doCall(main.nf.test)
	at java.base/jdk.internal.reflect.NativeMethodAccessorImpl.invoke0(Native Method)
	at java.base/jdk.internal.reflect.NativeMethodAccessorImpl.invoke(NativeMethodAccessorImpl.java:62)
	at java.base/jdk.internal.reflect.DelegatingMethodAccessorImpl.invoke(DelegatingMethodAccessorImpl.java:43)
	at java.base/java.lang.reflect.Method.invoke(Method.java:566)
	at org.codehaus.groovy.reflection.CachedMethod.invoke(CachedMethod.java:107)
	at groovy.lang.MetaMethod.doMethodInvoke(MetaMethod.java:323)
	at org.codehaus.groovy.runtime.metaclass.ClosureMetaClass.invokeMethod(ClosureMetaClass.java:274)
	at groovy.lang.MetaClassImpl.invokeMethod(MetaClassImpl.java:1035)
	at groovy.lang.Closure.call(Closure.java:412)
	at groovy.lang.Closure.call(Closure.java:406)
	at com.askimed.nf.test.lang.TestCode.execute(TestCode.java:16)
	at com.askimed.nf.test.lang.process.ProcessTest.execute(ProcessTest.java:169)
	at com.askimed.nf.test.core.TestExecutionEngine.execute(TestExecutionEngine.java:214)
	at com.askimed.nf.test.commands.RunTestsCommand.execute(RunTestsCommand.java:184)
	at com.askimed.nf.test.commands.AbstractCommand.call(AbstractCommand.java:41)
	at com.askimed.nf.test.commands.AbstractCommand.call(AbstractCommand.java:17)
	at picocli.CommandLine.executeUserObject(CommandLine.java:1953)
	at picocli.CommandLine.access$1300(CommandLine.java:145)
	at picocli.CommandLine$RunLast.executeUserObjectOfLastSubcommandWithSameParent(CommandLine.java:2352)
	at picocli.CommandLine$RunLast.handle(CommandLine.java:2346)
	at picocli.CommandLine$RunLast.handle(CommandLine.java:2311)
	at picocli.CommandLine$AbstractParseResultHandler.execute(CommandLine.java:2179)
	at picocli.CommandLine.execute(CommandLine.java:2078)
	at com.askimed.nf.test.App.run(App.java:44)
	at com.askimed.nf.test.App.main(App.java:51)
Mar-14 14:59:49.074 [main] INFO  com.askimed.nf.test.core.TestExecutionEngine - Run test '8a0bec61: test_untar_different_output_path'. type: com.askimed.nf.test.lang.process.ProcessTest
Mar-14 14:59:52.441 [main] INFO  com.askimed.nf.test.core.TestExecutionEngine - Test '8a0bec61: test_untar_different_output_path' finished. status: FAILED
org.codehaus.groovy.runtime.powerassert.PowerAssertionError: 2 of 2 assertions failed
	at com.askimed.nf.test.lang.extensions.GlobalMethods.assertAll(GlobalMethods.java:48)
	at jdk.internal.reflect.GeneratedMethodAccessor11.invoke(Unknown Source)
	at java.base/jdk.internal.reflect.DelegatingMethodAccessorImpl.invoke(DelegatingMethodAccessorImpl.java:43)
	at java.base/java.lang.reflect.Method.invoke(Method.java:566)
	at org.codehaus.groovy.reflection.CachedMethod.invoke(CachedMethod.java:107)
	at groovy.lang.MetaMethod.doMethodInvoke(MetaMethod.java:323)
	at org.codehaus.groovy.runtime.callsite.StaticMetaMethodSite.invoke(StaticMetaMethodSite.java:44)
	at org.codehaus.groovy.runtime.callsite.StaticMetaMethodSite.callStatic(StaticMetaMethodSite.java:100)
	at org.codehaus.groovy.runtime.callsite.CallSiteArray.defaultCallStatic(CallSiteArray.java:55)
	at org.codehaus.groovy.runtime.callsite.AbstractCallSite.callStatic(AbstractCallSite.java:217)
	at org.codehaus.groovy.runtime.callsite.AbstractCallSite.callStatic(AbstractCallSite.java:240)
	at main_nf$_run_closure1$_closure3$_closure12.doCall(main.nf.test:47)
	at main_nf$_run_closure1$_closure3$_closure12.doCall(main.nf.test)
	at java.base/jdk.internal.reflect.NativeMethodAccessorImpl.invoke0(Native Method)
	at java.base/jdk.internal.reflect.NativeMethodAccessorImpl.invoke(NativeMethodAccessorImpl.java:62)
	at java.base/jdk.internal.reflect.DelegatingMethodAccessorImpl.invoke(DelegatingMethodAccessorImpl.java:43)
	at java.base/java.lang.reflect.Method.invoke(Method.java:566)
	at org.codehaus.groovy.reflection.CachedMethod.invoke(CachedMethod.java:107)
	at groovy.lang.MetaMethod.doMethodInvoke(MetaMethod.java:323)
	at org.codehaus.groovy.runtime.metaclass.ClosureMetaClass.invokeMethod(ClosureMetaClass.java:274)
	at groovy.lang.MetaClassImpl.invokeMethod(MetaClassImpl.java:1035)
	at groovy.lang.Closure.call(Closure.java:412)
	at groovy.lang.Closure.call(Closure.java:406)
	at com.askimed.nf.test.lang.TestCode.execute(TestCode.java:16)
	at com.askimed.nf.test.lang.process.ProcessTest.execute(ProcessTest.java:169)
	at com.askimed.nf.test.core.TestExecutionEngine.execute(TestExecutionEngine.java:214)
	at com.askimed.nf.test.commands.RunTestsCommand.execute(RunTestsCommand.java:184)
	at com.askimed.nf.test.commands.AbstractCommand.call(AbstractCommand.java:41)
	at com.askimed.nf.test.commands.AbstractCommand.call(AbstractCommand.java:17)
	at picocli.CommandLine.executeUserObject(CommandLine.java:1953)
	at picocli.CommandLine.access$1300(CommandLine.java:145)
	at picocli.CommandLine$RunLast.executeUserObjectOfLastSubcommandWithSameParent(CommandLine.java:2352)
	at picocli.CommandLine$RunLast.handle(CommandLine.java:2346)
	at picocli.CommandLine$RunLast.handle(CommandLine.java:2311)
	at picocli.CommandLine$AbstractParseResultHandler.execute(CommandLine.java:2179)
	at picocli.CommandLine.execute(CommandLine.java:2078)
	at com.askimed.nf.test.App.run(App.java:44)
	at com.askimed.nf.test.App.main(App.java:51)
Mar-14 14:59:52.441 [main] INFO  com.askimed.nf.test.core.TestExecutionEngine - Run test '443d1f19: test_untar_onlyfiles'. type: com.askimed.nf.test.lang.process.ProcessTest
Mar-14 14:59:55.638 [main] INFO  com.askimed.nf.test.core.TestExecutionEngine - Test '443d1f19: test_untar_onlyfiles' finished. status: FAILED
org.codehaus.groovy.runtime.powerassert.PowerAssertionError: 2 of 2 assertions failed
	at com.askimed.nf.test.lang.extensions.GlobalMethods.assertAll(GlobalMethods.java:48)
	at jdk.internal.reflect.GeneratedMethodAccessor11.invoke(Unknown Source)
	at java.base/jdk.internal.reflect.DelegatingMethodAccessorImpl.invoke(DelegatingMethodAccessorImpl.java:43)
	at java.base/java.lang.reflect.Method.invoke(Method.java:566)
	at org.codehaus.groovy.reflection.CachedMethod.invoke(CachedMethod.java:107)
	at groovy.lang.MetaMethod.doMethodInvoke(MetaMethod.java:323)
	at org.codehaus.groovy.runtime.callsite.StaticMetaMethodSite.invoke(StaticMetaMethodSite.java:44)
	at org.codehaus.groovy.runtime.callsite.StaticMetaMethodSite.callStatic(StaticMetaMethodSite.java:100)
	at org.codehaus.groovy.runtime.callsite.CallSiteArray.defaultCallStatic(CallSiteArray.java:55)
	at org.codehaus.groovy.runtime.callsite.AbstractCallSite.callStatic(AbstractCallSite.java:217)
	at org.codehaus.groovy.runtime.callsite.AbstractCallSite.callStatic(AbstractCallSite.java:240)
	at main_nf$_run_closure1$_closure4$_closure18.doCall(main.nf.test:69)
	at main_nf$_run_closure1$_closure4$_closure18.doCall(main.nf.test)
	at java.base/jdk.internal.reflect.NativeMethodAccessorImpl.invoke0(Native Method)
	at java.base/jdk.internal.reflect.NativeMethodAccessorImpl.invoke(NativeMethodAccessorImpl.java:62)
	at java.base/jdk.internal.reflect.DelegatingMethodAccessorImpl.invoke(DelegatingMethodAccessorImpl.java:43)
	at java.base/java.lang.reflect.Method.invoke(Method.java:566)
	at org.codehaus.groovy.reflection.CachedMethod.invoke(CachedMethod.java:107)
	at groovy.lang.MetaMethod.doMethodInvoke(MetaMethod.java:323)
	at org.codehaus.groovy.runtime.metaclass.ClosureMetaClass.invokeMethod(ClosureMetaClass.java:274)
	at groovy.lang.MetaClassImpl.invokeMethod(MetaClassImpl.java:1035)
	at groovy.lang.Closure.call(Closure.java:412)
	at groovy.lang.Closure.call(Closure.java:406)
	at com.askimed.nf.test.lang.TestCode.execute(TestCode.java:16)
	at com.askimed.nf.test.lang.process.ProcessTest.execute(ProcessTest.java:169)
	at com.askimed.nf.test.core.TestExecutionEngine.execute(TestExecutionEngine.java:214)
	at com.askimed.nf.test.commands.RunTestsCommand.execute(RunTestsCommand.java:184)
	at com.askimed.nf.test.commands.AbstractCommand.call(AbstractCommand.java:41)
	at com.askimed.nf.test.commands.AbstractCommand.call(AbstractCommand.java:17)
	at picocli.CommandLine.executeUserObject(CommandLine.java:1953)
	at picocli.CommandLine.access$1300(CommandLine.java:145)
	at picocli.CommandLine$RunLast.executeUserObjectOfLastSubcommandWithSameParent(CommandLine.java:2352)
	at picocli.CommandLine$RunLast.handle(CommandLine.java:2346)
	at picocli.CommandLine$RunLast.handle(CommandLine.java:2311)
	at picocli.CommandLine$AbstractParseResultHandler.execute(CommandLine.java:2179)
	at picocli.CommandLine.execute(CommandLine.java:2078)
	at com.askimed.nf.test.App.run(App.java:44)
	at com.askimed.nf.test.App.main(App.java:51)
Mar-14 14:59:55.638 [main] INFO  com.askimed.nf.test.core.TestExecutionEngine - Testsuite 'Test Process UNTAR' finished. snapshot file: false, skipped tests: false, failed tests: true
Mar-14 14:59:55.638 [main] INFO  com.askimed.nf.test.core.TestExecutionEngine - Running testsuite 'Test Process CLUSTALO_ALIGN' from file '/home/luisasantus/Desktop/multiplesequencealign/./modules/nf-core/clustalo/align/tests/main.nf.test'.
Mar-14 14:59:55.638 [main] INFO  com.askimed.nf.test.core.TestExecutionEngine - Run test '2e329523: sarscov2 - contigs-fasta'. type: com.askimed.nf.test.lang.process.ProcessTest
Mar-14 14:59:58.813 [main] INFO  com.askimed.nf.test.core.TestExecutionEngine - Test '2e329523: sarscov2 - contigs-fasta' finished. status: FAILED
org.codehaus.groovy.runtime.powerassert.PowerAssertionError: 3 of 3 assertions failed
	at com.askimed.nf.test.lang.extensions.GlobalMethods.assertAll(GlobalMethods.java:48)
	at jdk.internal.reflect.GeneratedMethodAccessor11.invoke(Unknown Source)
	at java.base/jdk.internal.reflect.DelegatingMethodAccessorImpl.invoke(DelegatingMethodAccessorImpl.java:43)
	at java.base/java.lang.reflect.Method.invoke(Method.java:566)
	at org.codehaus.groovy.reflection.CachedMethod.invoke(CachedMethod.java:107)
	at groovy.lang.MetaMethod.doMethodInvoke(MetaMethod.java:323)
	at org.codehaus.groovy.runtime.callsite.StaticMetaMethodSite.invoke(StaticMetaMethodSite.java:44)
	at org.codehaus.groovy.runtime.callsite.StaticMetaMethodSite.callStatic(StaticMetaMethodSite.java:100)
	at org.codehaus.groovy.runtime.callsite.CallSiteArray.defaultCallStatic(CallSiteArray.java:55)
	at org.codehaus.groovy.runtime.callsite.AbstractCallSite.callStatic(AbstractCallSite.java:217)
	at org.codehaus.groovy.runtime.callsite.AbstractCallSite.callStatic(AbstractCallSite.java:249)
	at main_nf$_run_closure1$_closure2$_closure5.doCall(main.nf.test:27)
	at main_nf$_run_closure1$_closure2$_closure5.doCall(main.nf.test)
	at java.base/jdk.internal.reflect.NativeMethodAccessorImpl.invoke0(Native Method)
	at java.base/jdk.internal.reflect.NativeMethodAccessorImpl.invoke(NativeMethodAccessorImpl.java:62)
	at java.base/jdk.internal.reflect.DelegatingMethodAccessorImpl.invoke(DelegatingMethodAccessorImpl.java:43)
	at java.base/java.lang.reflect.Method.invoke(Method.java:566)
	at org.codehaus.groovy.reflection.CachedMethod.invoke(CachedMethod.java:107)
	at groovy.lang.MetaMethod.doMethodInvoke(MetaMethod.java:323)
	at org.codehaus.groovy.runtime.metaclass.ClosureMetaClass.invokeMethod(ClosureMetaClass.java:274)
	at groovy.lang.MetaClassImpl.invokeMethod(MetaClassImpl.java:1035)
	at groovy.lang.Closure.call(Closure.java:412)
	at groovy.lang.Closure.call(Closure.java:406)
	at com.askimed.nf.test.lang.TestCode.execute(TestCode.java:16)
	at com.askimed.nf.test.lang.process.ProcessTest.execute(ProcessTest.java:169)
	at com.askimed.nf.test.core.TestExecutionEngine.execute(TestExecutionEngine.java:214)
	at com.askimed.nf.test.commands.RunTestsCommand.execute(RunTestsCommand.java:184)
	at com.askimed.nf.test.commands.AbstractCommand.call(AbstractCommand.java:41)
	at com.askimed.nf.test.commands.AbstractCommand.call(AbstractCommand.java:17)
	at picocli.CommandLine.executeUserObject(CommandLine.java:1953)
	at picocli.CommandLine.access$1300(CommandLine.java:145)
	at picocli.CommandLine$RunLast.executeUserObjectOfLastSubcommandWithSameParent(CommandLine.java:2352)
	at picocli.CommandLine$RunLast.handle(CommandLine.java:2346)
	at picocli.CommandLine$RunLast.handle(CommandLine.java:2311)
	at picocli.CommandLine$AbstractParseResultHandler.execute(CommandLine.java:2179)
	at picocli.CommandLine.execute(CommandLine.java:2078)
	at com.askimed.nf.test.App.run(App.java:44)
	at com.askimed.nf.test.App.main(App.java:51)
Mar-14 14:59:58.814 [main] INFO  com.askimed.nf.test.core.TestExecutionEngine - Run test 'cbbcf842: sarscov2 - contigs-fasta - guide_tree'. type: com.askimed.nf.test.lang.process.ProcessTest
Mar-14 15:00:02.135 [main] INFO  com.askimed.nf.test.core.TestExecutionEngine - Test 'cbbcf842: sarscov2 - contigs-fasta - guide_tree' finished. status: FAILED
org.codehaus.groovy.runtime.powerassert.PowerAssertionError: 3 of 3 assertions failed
	at com.askimed.nf.test.lang.extensions.GlobalMethods.assertAll(GlobalMethods.java:48)
	at jdk.internal.reflect.GeneratedMethodAccessor11.invoke(Unknown Source)
	at java.base/jdk.internal.reflect.DelegatingMethodAccessorImpl.invoke(DelegatingMethodAccessorImpl.java:43)
	at java.base/java.lang.reflect.Method.invoke(Method.java:566)
	at org.codehaus.groovy.reflection.CachedMethod.invoke(CachedMethod.java:107)
	at groovy.lang.MetaMethod.doMethodInvoke(MetaMethod.java:323)
	at org.codehaus.groovy.runtime.callsite.StaticMetaMethodSite.invoke(StaticMetaMethodSite.java:44)
	at org.codehaus.groovy.runtime.callsite.StaticMetaMethodSite.callStatic(StaticMetaMethodSite.java:100)
	at org.codehaus.groovy.runtime.callsite.CallSiteArray.defaultCallStatic(CallSiteArray.java:55)
	at org.codehaus.groovy.runtime.callsite.AbstractCallSite.callStatic(AbstractCallSite.java:217)
	at org.codehaus.groovy.runtime.callsite.AbstractCallSite.callStatic(AbstractCallSite.java:249)
	at main_nf$_run_closure1$_closure3$_closure12.doCall(main.nf.test:64)
	at main_nf$_run_closure1$_closure3$_closure12.doCall(main.nf.test)
	at java.base/jdk.internal.reflect.NativeMethodAccessorImpl.invoke0(Native Method)
	at java.base/jdk.internal.reflect.NativeMethodAccessorImpl.invoke(NativeMethodAccessorImpl.java:62)
	at java.base/jdk.internal.reflect.DelegatingMethodAccessorImpl.invoke(DelegatingMethodAccessorImpl.java:43)
	at java.base/java.lang.reflect.Method.invoke(Method.java:566)
	at org.codehaus.groovy.reflection.CachedMethod.invoke(CachedMethod.java:107)
	at groovy.lang.MetaMethod.doMethodInvoke(MetaMethod.java:323)
	at org.codehaus.groovy.runtime.metaclass.ClosureMetaClass.invokeMethod(ClosureMetaClass.java:274)
	at groovy.lang.MetaClassImpl.invokeMethod(MetaClassImpl.java:1035)
	at groovy.lang.Closure.call(Closure.java:412)
	at groovy.lang.Closure.call(Closure.java:406)
	at com.askimed.nf.test.lang.TestCode.execute(TestCode.java:16)
	at com.askimed.nf.test.lang.process.ProcessTest.execute(ProcessTest.java:169)
	at com.askimed.nf.test.core.TestExecutionEngine.execute(TestExecutionEngine.java:214)
	at com.askimed.nf.test.commands.RunTestsCommand.execute(RunTestsCommand.java:184)
	at com.askimed.nf.test.commands.AbstractCommand.call(AbstractCommand.java:41)
	at com.askimed.nf.test.commands.AbstractCommand.call(AbstractCommand.java:17)
	at picocli.CommandLine.executeUserObject(CommandLine.java:1953)
	at picocli.CommandLine.access$1300(CommandLine.java:145)
	at picocli.CommandLine$RunLast.executeUserObjectOfLastSubcommandWithSameParent(CommandLine.java:2352)
	at picocli.CommandLine$RunLast.handle(CommandLine.java:2346)
	at picocli.CommandLine$RunLast.handle(CommandLine.java:2311)
	at picocli.CommandLine$AbstractParseResultHandler.execute(CommandLine.java:2179)
	at picocli.CommandLine.execute(CommandLine.java:2078)
	at com.askimed.nf.test.App.run(App.java:44)
	at com.askimed.nf.test.App.main(App.java:51)
Mar-14 15:00:02.135 [main] INFO  com.askimed.nf.test.core.TestExecutionEngine - Testsuite 'Test Process CLUSTALO_ALIGN' finished. snapshot file: false, skipped tests: false, failed tests: true
Mar-14 15:00:02.135 [main] INFO  com.askimed.nf.test.core.TestExecutionEngine - Running testsuite 'Test Process CLUSTALO_GUIDETREE' from file '/home/luisasantus/Desktop/multiplesequencealign/./modules/nf-core/clustalo/guidetree/tests/main.nf.test'.
Mar-14 15:00:02.135 [main] INFO  com.askimed.nf.test.core.TestExecutionEngine - Run test 'dd583ae6: sarscov2 - contigs-fasta'. type: com.askimed.nf.test.lang.process.ProcessTest
Mar-14 15:00:05.377 [main] INFO  com.askimed.nf.test.core.TestExecutionEngine - Test 'dd583ae6: sarscov2 - contigs-fasta' finished. status: FAILED
org.codehaus.groovy.runtime.powerassert.PowerAssertionError: 3 of 3 assertions failed
	at com.askimed.nf.test.lang.extensions.GlobalMethods.assertAll(GlobalMethods.java:48)
	at jdk.internal.reflect.GeneratedMethodAccessor11.invoke(Unknown Source)
	at java.base/jdk.internal.reflect.DelegatingMethodAccessorImpl.invoke(DelegatingMethodAccessorImpl.java:43)
	at java.base/java.lang.reflect.Method.invoke(Method.java:566)
	at org.codehaus.groovy.reflection.CachedMethod.invoke(CachedMethod.java:107)
	at groovy.lang.MetaMethod.doMethodInvoke(MetaMethod.java:323)
	at org.codehaus.groovy.runtime.callsite.StaticMetaMethodSite.invoke(StaticMetaMethodSite.java:44)
	at org.codehaus.groovy.runtime.callsite.StaticMetaMethodSite.callStatic(StaticMetaMethodSite.java:100)
	at org.codehaus.groovy.runtime.callsite.CallSiteArray.defaultCallStatic(CallSiteArray.java:55)
	at org.codehaus.groovy.runtime.callsite.AbstractCallSite.callStatic(AbstractCallSite.java:217)
	at org.codehaus.groovy.runtime.callsite.AbstractCallSite.callStatic(AbstractCallSite.java:249)
	at main_nf$_run_closure1$_closure2$_closure4.doCall(main.nf.test:25)
	at main_nf$_run_closure1$_closure2$_closure4.doCall(main.nf.test)
	at java.base/jdk.internal.reflect.NativeMethodAccessorImpl.invoke0(Native Method)
	at java.base/jdk.internal.reflect.NativeMethodAccessorImpl.invoke(NativeMethodAccessorImpl.java:62)
	at java.base/jdk.internal.reflect.DelegatingMethodAccessorImpl.invoke(DelegatingMethodAccessorImpl.java:43)
	at java.base/java.lang.reflect.Method.invoke(Method.java:566)
	at org.codehaus.groovy.reflection.CachedMethod.invoke(CachedMethod.java:107)
	at groovy.lang.MetaMethod.doMethodInvoke(MetaMethod.java:323)
	at org.codehaus.groovy.runtime.metaclass.ClosureMetaClass.invokeMethod(ClosureMetaClass.java:274)
	at groovy.lang.MetaClassImpl.invokeMethod(MetaClassImpl.java:1035)
	at groovy.lang.Closure.call(Closure.java:412)
	at groovy.lang.Closure.call(Closure.java:406)
	at com.askimed.nf.test.lang.TestCode.execute(TestCode.java:16)
	at com.askimed.nf.test.lang.process.ProcessTest.execute(ProcessTest.java:169)
	at com.askimed.nf.test.core.TestExecutionEngine.execute(TestExecutionEngine.java:214)
	at com.askimed.nf.test.commands.RunTestsCommand.execute(RunTestsCommand.java:184)
	at com.askimed.nf.test.commands.AbstractCommand.call(AbstractCommand.java:41)
	at com.askimed.nf.test.commands.AbstractCommand.call(AbstractCommand.java:17)
	at picocli.CommandLine.executeUserObject(CommandLine.java:1953)
	at picocli.CommandLine.access$1300(CommandLine.java:145)
	at picocli.CommandLine$RunLast.executeUserObjectOfLastSubcommandWithSameParent(CommandLine.java:2352)
	at picocli.CommandLine$RunLast.handle(CommandLine.java:2346)
	at picocli.CommandLine$RunLast.handle(CommandLine.java:2311)
	at picocli.CommandLine$AbstractParseResultHandler.execute(CommandLine.java:2179)
	at picocli.CommandLine.execute(CommandLine.java:2078)
	at com.askimed.nf.test.App.run(App.java:44)
	at com.askimed.nf.test.App.main(App.java:51)
Mar-14 15:00:05.377 [main] INFO  com.askimed.nf.test.core.TestExecutionEngine - Testsuite 'Test Process CLUSTALO_GUIDETREE' finished. snapshot file: false, skipped tests: false, failed tests: true
Mar-14 15:00:05.377 [main] INFO  com.askimed.nf.test.core.TestExecutionEngine - Executed 55 tests. 37 tests failed. Done!
